<?xml version="1.0" encoding="UTF-8"?>
<testsuite name="issuetracker.app.server.service.organizationboundedcontext.location.TimezoneTestCase" tests="5" skipped="0" failures="0" errors="0" timestamp="2016-03-16T11:45:22" hostname="874d4be5f1eb" time="22.47">
  <properties/>
  <testcase name="test1Save" classname="issuetracker.app.server.service.organizationboundedcontext.location.TimezoneTestCase" time="22.042"/>
  <testcase name="test2Update" classname="issuetracker.app.server.service.organizationboundedcontext.location.TimezoneTestCase" time="0.143"/>
  <testcase name="test3FindById" classname="issuetracker.app.server.service.organizationboundedcontext.location.TimezoneTestCase" time="0.032"/>
  <testcase name="test4Delete" classname="issuetracker.app.server.service.organizationboundedcontext.location.TimezoneTestCase" time="0.067"/>
  <testcase name="test5NegativeTesting" classname="issuetracker.app.server.service.organizationboundedcontext.location.TimezoneTestCase" time="0.183"/>
  <system-out><![CDATA[[EL Config]: metadata: 2016-03-16 11:45:29.329--ServerSession(1784714969)--Thread(Thread[Test worker,5,main])--The access type for the persistent class [class com.athena.shared.entity.ArtEntity] is set to [FIELD].
[EL Config]: metadata: 2016-03-16 11:45:29.364--ServerSession(1784714969)--Thread(Thread[Test worker,5,main])--The access type for the persistent class [class com.athena.shared.entity.AuditPropertiesEntity] is set to [FIELD].
[EL Config]: metadata: 2016-03-16 11:45:29.367--ServerSession(1784714969)--Thread(Thread[Test worker,5,main])--The access type for the persistent class [class com.athena.shared.entity.query.ArtQuery] is set to [FIELD].
[EL Config]: metadata: 2016-03-16 11:45:29.369--ServerSession(1784714969)--Thread(Thread[Test worker,5,main])--The access type for the persistent class [class issuetracker.app.shared.organizationboundedcontext.location.City] is set to [FIELD].
[EL Config]: metadata: 2016-03-16 11:45:29.372--ServerSession(1784714969)--Thread(Thread[Test worker,5,main])--The access type for the persistent class [class issuetracker.app.shared.aaaboundedcontext.authentication.Question] is set to [FIELD].
[EL Config]: metadata: 2016-03-16 11:45:29.373--ServerSession(1784714969)--Thread(Thread[Test worker,5,main])--The access type for the persistent class [class issuetracker.app.shared.issuetrackerboundedcontext.projectmanager.ProjectAccessRights] is set to [FIELD].
[EL Config]: metadata: 2016-03-16 11:45:29.373--ServerSession(1784714969)--Thread(Thread[Test worker,5,main])--The access type for the persistent class [class issuetracker.app.shared.issuetrackerboundedcontext.issuetracker.FeatureCategory] is set to [FIELD].
[EL Config]: metadata: 2016-03-16 11:45:29.374--ServerSession(1784714969)--Thread(Thread[Test worker,5,main])--The access type for the persistent class [class issuetracker.app.shared.issuetrackerboundedcontext.issuetracker.IssueHistory] is set to [FIELD].
[EL Config]: metadata: 2016-03-16 11:45:29.375--ServerSession(1784714969)--Thread(Thread[Test worker,5,main])--The access type for the persistent class [class issuetracker.app.shared.issuetrackerboundedcontext.projectmanager.ProjectRoles] is set to [FIELD].
[EL Config]: metadata: 2016-03-16 11:45:29.376--ServerSession(1784714969)--Thread(Thread[Test worker,5,main])--The access type for the persistent class [class com.athena.shared.entity.report.ArtChartTemplate] is set to [FIELD].
[EL Config]: metadata: 2016-03-16 11:45:29.377--ServerSession(1784714969)--Thread(Thread[Test worker,5,main])--The access type for the persistent class [class com.spartan.sprinkler.entity.AuditPropertiesEntity] is set to [FIELD].
[EL Config]: metadata: 2016-03-16 11:45:29.377--ServerSession(1784714969)--Thread(Thread[Test worker,5,main])--The access type for the persistent class [class com.spartan.sprinkler.entity.ArtLogConfig] is set to [FIELD].
[EL Config]: metadata: 2016-03-16 11:45:29.385--ServerSession(1784714969)--Thread(Thread[Test worker,5,main])--The target entity (reference) class for the one to many mapping element [field logConnectors] is being defaulted to: class com.spartan.sprinkler.entity.ArtLogConnector.
[EL Config]: metadata: 2016-03-16 11:45:29.385--ServerSession(1784714969)--Thread(Thread[Test worker,5,main])--The target entity (reference) class for the one to many mapping element [field loggingProperties] is being defaulted to: class com.spartan.sprinkler.entity.ArtLoggingProperties.
[EL Config]: metadata: 2016-03-16 11:45:29.386--ServerSession(1784714969)--Thread(Thread[Test worker,5,main])--The target entity (reference) class for the one to many mapping element [field logSeverity] is being defaulted to: class com.spartan.sprinkler.entity.ArtLogSeverity.
[EL Config]: metadata: 2016-03-16 11:45:29.386--ServerSession(1784714969)--Thread(Thread[Test worker,5,main])--The access type for the persistent class [class issuetracker.app.shared.aaaboundedcontext.authentication.UserAccessDomain] is set to [FIELD].
[EL Config]: metadata: 2016-03-16 11:45:29.387--ServerSession(1784714969)--Thread(Thread[Test worker,5,main])--The access type for the persistent class [class com.spartan.healthmeter.entity.ArtHealthStatusConfiguration] is set to [FIELD].
[EL Config]: metadata: 2016-03-16 11:45:29.388--ServerSession(1784714969)--Thread(Thread[Test worker,5,main])--The access type for the persistent class [class com.spartan.sprinkler.entity.ArtLogModule] is set to [FIELD].
[EL Config]: metadata: 2016-03-16 11:45:29.388--ServerSession(1784714969)--Thread(Thread[Test worker,5,main])--The target entity (reference) class for the one to many mapping element [field appAlarm] is being defaulted to: class com.spartan.sprinkler.entity.ArtAppAlarm.
[EL Config]: metadata: 2016-03-16 11:45:29.389--ServerSession(1784714969)--Thread(Thread[Test worker,5,main])--The access type for the persistent class [class issuetracker.app.shared.aaaboundedcontext.authentication.PassRecovery] is set to [FIELD].
[EL Config]: metadata: 2016-03-16 11:45:29.393--ServerSession(1784714969)--Thread(Thread[Test worker,5,main])--The target entity (reference) class for the one to one mapping element [field user] is being defaulted to: class issuetracker.app.shared.aaaboundedcontext.authentication.User.
[EL Config]: metadata: 2016-03-16 11:45:29.393--ServerSession(1784714969)--Thread(Thread[Test worker,5,main])--The access type for the persistent class [class issuetracker.app.shared.issuetrackerboundedcontext.projectmanager.IssueCategory] is set to [FIELD].
[EL Config]: metadata: 2016-03-16 11:45:29.394--ServerSession(1784714969)--Thread(Thread[Test worker,5,main])--The access type for the persistent class [class com.spartan.sprinkler.entity.ArtAppAlarm] is set to [FIELD].
[EL Config]: metadata: 2016-03-16 11:45:29.394--ServerSession(1784714969)--Thread(Thread[Test worker,5,main])--The target entity (reference) class for the many to one mapping element [field logmodule] is being defaulted to: class com.spartan.sprinkler.entity.ArtLogModule.
[EL Config]: metadata: 2016-03-16 11:45:29.395--ServerSession(1784714969)--Thread(Thread[Test worker,5,main])--The access type for the persistent class [class issuetracker.app.shared.issuetrackerboundedcontext.issuetracker.IssueSeverity] is set to [FIELD].
[EL Config]: metadata: 2016-03-16 11:45:29.395--ServerSession(1784714969)--Thread(Thread[Test worker,5,main])--The access type for the persistent class [class com.athena.shared.entity.report.ArtChartCategory] is set to [FIELD].
[EL Config]: metadata: 2016-03-16 11:45:29.396--ServerSession(1784714969)--Thread(Thread[Test worker,5,main])--The target entity (reference) class for the one to one mapping element [field chart_json_id] is being defaulted to: class com.athena.shared.entity.report.ArtChartJson.
[EL Config]: metadata: 2016-03-16 11:45:29.397--ServerSession(1784714969)--Thread(Thread[Test worker,5,main])--The access type for the persistent class [class issuetracker.app.shared.issuetrackerboundedcontext.projectmanager.WorkflowUserRole] is set to [FIELD].
[EL Config]: metadata: 2016-03-16 11:45:29.398--ServerSession(1784714969)--Thread(Thread[Test worker,5,main])--The access type for the persistent class [class issuetracker.app.shared.organizationboundedcontext.location.State] is set to [FIELD].
[EL Config]: metadata: 2016-03-16 11:45:29.399--ServerSession(1784714969)--Thread(Thread[Test worker,5,main])--The access type for the persistent class [class issuetracker.app.shared.aaaboundedcontext.authorization.RoleMenuBridge] is set to [FIELD].
[EL Config]: metadata: 2016-03-16 11:45:29.399--ServerSession(1784714969)--Thread(Thread[Test worker,5,main])--The target entity (reference) class for the one to one mapping element [field roles] is being defaulted to: class issuetracker.app.shared.aaaboundedcontext.authorization.Roles.
[EL Config]: metadata: 2016-03-16 11:45:29.4--ServerSession(1784714969)--Thread(Thread[Test worker,5,main])--The access type for the persistent class [class com.athena.shared.entity.report.ArtChartJson] is set to [FIELD].
[EL Config]: metadata: 2016-03-16 11:45:29.4--ServerSession(1784714969)--Thread(Thread[Test worker,5,main])--The target entity (reference) class for the one to one mapping element [field data_field_id] is being defaulted to: class com.athena.shared.entity.report.ArtChartDataFieldJson.
[EL Config]: metadata: 2016-03-16 11:45:29.401--ServerSession(1784714969)--Thread(Thread[Test worker,5,main])--The access type for the persistent class [class issuetracker.app.shared.issuetrackerboundedcontext.issuetracker.IssueFlag] is set to [FIELD].
[EL Config]: metadata: 2016-03-16 11:45:29.401--ServerSession(1784714969)--Thread(Thread[Test worker,5,main])--The access type for the persistent class [class com.spartan.sprinkler.entity.ArtLoggingProperties] is set to [FIELD].
[EL Config]: metadata: 2016-03-16 11:45:29.402--ServerSession(1784714969)--Thread(Thread[Test worker,5,main])--The target entity (reference) class for the many to one mapping element [field logConfig] is being defaulted to: class com.spartan.sprinkler.entity.ArtLogConfig.
[EL Config]: metadata: 2016-03-16 11:45:29.402--ServerSession(1784714969)--Thread(Thread[Test worker,5,main])--The access type for the persistent class [class issuetracker.app.shared.issuetrackerboundedcontext.projectmanager.ProjectModule] is set to [FIELD].
[EL Config]: metadata: 2016-03-16 11:45:29.403--ServerSession(1784714969)--Thread(Thread[Test worker,5,main])--The target entity (reference) class for the one to many mapping element [field moduleUserMapping] is being defaulted to: class issuetracker.app.shared.issuetrackerboundedcontext.projectmanager.ModuleUserMapping.
[EL Config]: metadata: 2016-03-16 11:45:29.403--ServerSession(1784714969)--Thread(Thread[Test worker,5,main])--The access type for the persistent class [class com.spartan.healthmeter.entity.ZenHealthGauge] is set to [FIELD].
[EL Config]: metadata: 2016-03-16 11:45:29.405--ServerSession(1784714969)--Thread(Thread[Test worker,5,main])--The access type for the persistent class [class issuetracker.app.shared.issuetrackerboundedcontext.issuetracker.IssueActivity] is set to [FIELD].
[EL Config]: metadata: 2016-03-16 11:45:29.405--ServerSession(1784714969)--Thread(Thread[Test worker,5,main])--The access type for the persistent class [class issuetracker.app.shared.issuetrackerboundedcontext.projectmanager.CreateProject] is set to [FIELD].
[EL Config]: metadata: 2016-03-16 11:45:29.406--ServerSession(1784714969)--Thread(Thread[Test worker,5,main])--The target entity (reference) class for the one to many mapping element [field projectUserMapping] is being defaulted to: class issuetracker.app.shared.issuetrackerboundedcontext.projectmanager.ProjectUserMapping.
[EL Config]: metadata: 2016-03-16 11:45:29.407--ServerSession(1784714969)--Thread(Thread[Test worker,5,main])--The access type for the persistent class [class com.athena.shared.entity.report.ArtChartProperties] is set to [FIELD].
[EL Config]: metadata: 2016-03-16 11:45:29.408--ServerSession(1784714969)--Thread(Thread[Test worker,5,main])--The access type for the persistent class [class issuetracker.app.shared.issuetrackerboundedcontext.projectmanager.ProjectFeature] is set to [FIELD].
[EL Config]: metadata: 2016-03-16 11:45:29.408--ServerSession(1784714969)--Thread(Thread[Test worker,5,main])--The target entity (reference) class for the one to many mapping element [field featureUserMapping] is being defaulted to: class issuetracker.app.shared.issuetrackerboundedcontext.projectmanager.FeatureUserMapping.
[EL Config]: metadata: 2016-03-16 11:45:29.409--ServerSession(1784714969)--Thread(Thread[Test worker,5,main])--The access type for the persistent class [class com.athena.shared.entity.query.ArtUserLastStatus] is set to [FIELD].
[EL Config]: metadata: 2016-03-16 11:45:29.41--ServerSession(1784714969)--Thread(Thread[Test worker,5,main])--The access type for the persistent class [class issuetracker.app.shared.issuetrackerboundedcontext.issuetracker.IssueHeaders] is set to [FIELD].
[EL Config]: metadata: 2016-03-16 11:45:29.411--ServerSession(1784714969)--Thread(Thread[Test worker,5,main])--The target entity (reference) class for the one to one mapping element [field issueWorkflow] is being defaulted to: class issuetracker.app.shared.issuetrackerboundedcontext.issuetracker.IssueWorkflow.
[EL Config]: metadata: 2016-03-16 11:45:29.412--ServerSession(1784714969)--Thread(Thread[Test worker,5,main])--The access type for the persistent class [class issuetracker.app.shared.issuetrackerboundedcontext.issuetracker.IssueRelationType] is set to [FIELD].
[EL Config]: metadata: 2016-03-16 11:45:29.412--ServerSession(1784714969)--Thread(Thread[Test worker,5,main])--The access type for the persistent class [class issuetracker.app.shared.aaaboundedcontext.authentication.User] is set to [FIELD].
[EL Config]: metadata: 2016-03-16 11:45:29.413--ServerSession(1784714969)--Thread(Thread[Test worker,5,main])--The target entity (reference) class for the one to one mapping element [field userData] is being defaulted to: class issuetracker.app.shared.aaaboundedcontext.authentication.UserData.
[EL Config]: metadata: 2016-03-16 11:45:29.413--ServerSession(1784714969)--Thread(Thread[Test worker,5,main])--The target entity (reference) class for the one to many mapping element [field passRecovery] is being defaulted to: class issuetracker.app.shared.aaaboundedcontext.authentication.PassRecovery.
[EL Config]: metadata: 2016-03-16 11:45:29.414--ServerSession(1784714969)--Thread(Thread[Test worker,5,main])--The access type for the persistent class [class issuetracker.app.shared.organizationboundedcontext.location.Language] is set to [FIELD].
[EL Config]: metadata: 2016-03-16 11:45:29.414--ServerSession(1784714969)--Thread(Thread[Test worker,5,main])--The access type for the persistent class [class com.spartan.healthmeter.entity.HealthSchedulerConfiguration] is set to [FIELD].
[EL Config]: metadata: 2016-03-16 11:45:29.415--ServerSession(1784714969)--Thread(Thread[Test worker,5,main])--The access type for the persistent class [class issuetracker.app.shared.organizationboundedcontext.contacts.CommunicationGroup] is set to [FIELD].
[EL Config]: metadata: 2016-03-16 11:45:29.415--ServerSession(1784714969)--Thread(Thread[Test worker,5,main])--The access type for the persistent class [class issuetracker.app.shared.aaaboundedcontext.authentication.PasswordAlgo] is set to [FIELD].
[EL Config]: metadata: 2016-03-16 11:45:29.416--ServerSession(1784714969)--Thread(Thread[Test worker,5,main])--The access type for the persistent class [class com.spartan.healthmeter.entity.ZenSchedulerHealth] is set to [FIELD].
[EL Config]: metadata: 2016-03-16 11:45:29.417--ServerSession(1784714969)--Thread(Thread[Test worker,5,main])--The access type for the persistent class [class issuetracker.app.shared.organizationboundedcontext.contacts.CommunicationType] is set to [FIELD].
[EL Config]: metadata: 2016-03-16 11:45:29.418--ServerSession(1784714969)--Thread(Thread[Test worker,5,main])--The access type for the persistent class [class com.athena.shared.entity.report.ArtChartType] is set to [FIELD].
[EL Config]: metadata: 2016-03-16 11:45:29.418--ServerSession(1784714969)--Thread(Thread[Test worker,5,main])--The target entity (reference) class for the one to one mapping element [field chart_id] is being defaulted to: class com.athena.shared.entity.report.ArtChartCategory.
[EL Config]: metadata: 2016-03-16 11:45:29.419--ServerSession(1784714969)--Thread(Thread[Test worker,5,main])--The access type for the persistent class [class issuetracker.app.shared.organizationboundedcontext.location.Address] is set to [FIELD].
[EL Config]: metadata: 2016-03-16 11:45:29.42--ServerSession(1784714969)--Thread(Thread[Test worker,5,main])--The access type for the persistent class [class issuetracker.app.shared.aaaboundedcontext.authorization.AppMenus] is set to [FIELD].
[EL Config]: metadata: 2016-03-16 11:45:29.421--ServerSession(1784714969)--Thread(Thread[Test worker,5,main])--The access type for the persistent class [class com.spartan.shield.server.entity.AppSessionConfig] is set to [FIELD].
[EL Config]: metadata: 2016-03-16 11:45:29.421--ServerSession(1784714969)--Thread(Thread[Test worker,5,main])--The access type for the persistent class [class com.athena.shared.entity.report.ArtChartPropLanguage] is set to [FIELD].
[EL Config]: metadata: 2016-03-16 11:45:29.421--ServerSession(1784714969)--Thread(Thread[Test worker,5,main])--The target entity (reference) class for the one to one mapping element [field property_id] is being defaulted to: class com.athena.shared.entity.report.ArtChartProperties.
[EL Config]: metadata: 2016-03-16 11:45:29.422--ServerSession(1784714969)--Thread(Thread[Test worker,5,main])--The target entity (reference) class for the one to one mapping element [field lang_id] is being defaulted to: class com.athena.shared.entity.report.ArtLangMaster.
[EL Config]: metadata: 2016-03-16 11:45:29.422--ServerSession(1784714969)--Thread(Thread[Test worker,5,main])--The access type for the persistent class [class issuetracker.app.shared.aaaboundedcontext.authentication.PasswordPolicy] is set to [FIELD].
[EL Config]: metadata: 2016-03-16 11:45:29.423--ServerSession(1784714969)--Thread(Thread[Test worker,5,main])--The access type for the persistent class [class com.athena.shared.entity.report.ArtLangMaster] is set to [FIELD].
[EL Config]: metadata: 2016-03-16 11:45:29.423--ServerSession(1784714969)--Thread(Thread[Test worker,5,main])--The access type for the persistent class [class issuetracker.app.shared.issuetrackerboundedcontext.issuetracker.IssueAssignment] is set to [FIELD].
[EL Config]: metadata: 2016-03-16 11:45:29.424--ServerSession(1784714969)--Thread(Thread[Test worker,5,main])--The target entity (reference) class for the one to one mapping element [field issueWorkflow] is being defaulted to: class issuetracker.app.shared.issuetrackerboundedcontext.issuetracker.IssueWorkflow.
[EL Config]: metadata: 2016-03-16 11:45:29.424--ServerSession(1784714969)--Thread(Thread[Test worker,5,main])--The access type for the persistent class [class com.spartan.sprinkler.entity.ArtLogConnector] is set to [FIELD].
[EL Config]: metadata: 2016-03-16 11:45:29.425--ServerSession(1784714969)--Thread(Thread[Test worker,5,main])--The target entity (reference) class for the one to many mapping element [field logConnectorAttributes] is being defaulted to: class com.spartan.sprinkler.entity.ArtLogConnectorAttributes.
[EL Config]: metadata: 2016-03-16 11:45:29.425--ServerSession(1784714969)--Thread(Thread[Test worker,5,main])--The target entity (reference) class for the many to one mapping element [field logConfig] is being defaulted to: class com.spartan.sprinkler.entity.ArtLogConfig.
[EL Config]: metadata: 2016-03-16 11:45:29.425--ServerSession(1784714969)--Thread(Thread[Test worker,5,main])--The access type for the persistent class [class issuetracker.app.shared.organizationboundedcontext.contacts.CommunicationData] is set to [FIELD].
[EL Config]: metadata: 2016-03-16 11:45:29.426--ServerSession(1784714969)--Thread(Thread[Test worker,5,main])--The access type for the persistent class [class issuetracker.app.shared.issuetrackerboundedcontext.issuetracker.IssuePriority] is set to [FIELD].
[EL Config]: metadata: 2016-03-16 11:45:29.426--ServerSession(1784714969)--Thread(Thread[Test worker,5,main])--The access type for the persistent class [class issuetracker.app.shared.issuetrackerboundedcontext.projectmanager.IssueVisibility] is set to [FIELD].
[EL Config]: metadata: 2016-03-16 11:45:29.426--ServerSession(1784714969)--Thread(Thread[Test worker,5,main])--The access type for the persistent class [class issuetracker.app.shared.aaaboundedcontext.authentication.UserData] is set to [FIELD].
[EL Config]: metadata: 2016-03-16 11:45:29.427--ServerSession(1784714969)--Thread(Thread[Test worker,5,main])--The target entity (reference) class for the one to one mapping element [field user] is being defaulted to: class issuetracker.app.shared.aaaboundedcontext.authentication.User.
[EL Config]: metadata: 2016-03-16 11:45:29.427--ServerSession(1784714969)--Thread(Thread[Test worker,5,main])--The access type for the persistent class [class issuetracker.app.shared.aaaboundedcontext.authorization.Roles] is set to [FIELD].
[EL Config]: metadata: 2016-03-16 11:45:29.428--ServerSession(1784714969)--Thread(Thread[Test worker,5,main])--The target entity (reference) class for the one to many mapping element [field roleMenuBridge] is being defaulted to: class issuetracker.app.shared.aaaboundedcontext.authorization.RoleMenuBridge.
[EL Config]: metadata: 2016-03-16 11:45:29.428--ServerSession(1784714969)--Thread(Thread[Test worker,5,main])--The access type for the persistent class [class issuetracker.app.shared.issuetrackerboundedcontext.issuetracker.IssueWorkflow] is set to [FIELD].
[EL Config]: metadata: 2016-03-16 11:45:29.428--ServerSession(1784714969)--Thread(Thread[Test worker,5,main])--The target entity (reference) class for the one to many mapping element [field addWatchers] is being defaulted to: class issuetracker.app.shared.issuetrackerboundedcontext.issuetracker.AddWatchers.
[EL Config]: metadata: 2016-03-16 11:45:29.429--ServerSession(1784714969)--Thread(Thread[Test worker,5,main])--The target entity (reference) class for the one to one mapping element [field issueHeaders] is being defaulted to: class issuetracker.app.shared.issuetrackerboundedcontext.issuetracker.IssueHeaders.
[EL Config]: metadata: 2016-03-16 11:45:29.429--ServerSession(1784714969)--Thread(Thread[Test worker,5,main])--The target entity (reference) class for the one to one mapping element [field issueAssignment] is being defaulted to: class issuetracker.app.shared.issuetrackerboundedcontext.issuetracker.IssueAssignment.
[EL Config]: metadata: 2016-03-16 11:45:29.429--ServerSession(1784714969)--Thread(Thread[Test worker,5,main])--The access type for the persistent class [class issuetracker.app.shared.aaaboundedcontext.authentication.LoginSession] is set to [FIELD].
[EL Config]: metadata: 2016-03-16 11:45:29.43--ServerSession(1784714969)--Thread(Thread[Test worker,5,main])--The access type for the persistent class [class com.spartan.healthmeter.entity.ZenHealthStatus] is set to [FIELD].
[EL Config]: metadata: 2016-03-16 11:45:29.431--ServerSession(1784714969)--Thread(Thread[Test worker,5,main])--The access type for the persistent class [class issuetracker.app.shared.issuetrackerboundedcontext.projectmanager.FeatureUserMapping] is set to [FIELD].
[EL Config]: metadata: 2016-03-16 11:45:29.431--ServerSession(1784714969)--Thread(Thread[Test worker,5,main])--The target entity (reference) class for the one to one mapping element [field projectFeature] is being defaulted to: class issuetracker.app.shared.issuetrackerboundedcontext.projectmanager.ProjectFeature.
[EL Config]: metadata: 2016-03-16 11:45:29.431--ServerSession(1784714969)--Thread(Thread[Test worker,5,main])--The access type for the persistent class [class issuetracker.app.shared.issuetrackerboundedcontext.issuetracker.AddWatchers] is set to [FIELD].
[EL Config]: metadata: 2016-03-16 11:45:29.432--ServerSession(1784714969)--Thread(Thread[Test worker,5,main])--The target entity (reference) class for the one to one mapping element [field issueWorkflow] is being defaulted to: class issuetracker.app.shared.issuetrackerboundedcontext.issuetracker.IssueWorkflow.
[EL Config]: metadata: 2016-03-16 11:45:29.432--ServerSession(1784714969)--Thread(Thread[Test worker,5,main])--The access type for the persistent class [class issuetracker.app.shared.organizationboundedcontext.contacts.Title] is set to [FIELD].
[EL Config]: metadata: 2016-03-16 11:45:29.432--ServerSession(1784714969)--Thread(Thread[Test worker,5,main])--The access type for the persistent class [class issuetracker.app.shared.organizationboundedcontext.contacts.Gender] is set to [FIELD].
[EL Config]: metadata: 2016-03-16 11:45:29.433--ServerSession(1784714969)--Thread(Thread[Test worker,5,main])--The access type for the persistent class [class issuetracker.app.shared.aaaboundedcontext.authentication.Login] is set to [FIELD].
[EL Config]: metadata: 2016-03-16 11:45:29.433--ServerSession(1784714969)--Thread(Thread[Test worker,5,main])--The target entity (reference) class for the one to one mapping element [field coreContacts] is being defaulted to: class issuetracker.app.shared.organizationboundedcontext.contacts.CoreContacts.
[EL Config]: metadata: 2016-03-16 11:45:29.433--ServerSession(1784714969)--Thread(Thread[Test worker,5,main])--The target entity (reference) class for the one to one mapping element [field user] is being defaulted to: class issuetracker.app.shared.aaaboundedcontext.authentication.User.
[EL Config]: metadata: 2016-03-16 11:45:29.433--ServerSession(1784714969)--Thread(Thread[Test worker,5,main])--The access type for the persistent class [class issuetracker.app.shared.organizationboundedcontext.contacts.ContactType] is set to [FIELD].
[EL Config]: metadata: 2016-03-16 11:45:29.434--ServerSession(1784714969)--Thread(Thread[Test worker,5,main])--The access type for the persistent class [class com.spartan.healthmeter.entity.ZenRequestDetails] is set to [FIELD].
[EL Config]: metadata: 2016-03-16 11:45:29.435--ServerSession(1784714969)--Thread(Thread[Test worker,5,main])--The access type for the persistent class [class com.spartan.healthmeter.entity.ArtHealthSchedulerConfiguration] is set to [FIELD].
[EL Config]: metadata: 2016-03-16 11:45:29.435--ServerSession(1784714969)--Thread(Thread[Test worker,5,main])--The access type for the persistent class [class issuetracker.app.shared.aaaboundedcontext.authorization.UserRoleBridge] is set to [FIELD].
[EL Config]: metadata: 2016-03-16 11:45:29.436--ServerSession(1784714969)--Thread(Thread[Test worker,5,main])--The access type for the persistent class [class issuetracker.app.shared.issuetrackerboundedcontext.projectmanager.RoleUserMapping] is set to [FIELD].
[EL Config]: metadata: 2016-03-16 11:45:29.436--ServerSession(1784714969)--Thread(Thread[Test worker,5,main])--The access type for the persistent class [class com.athena.shared.entity.report.ArtReportBuilderDetails] is set to [FIELD].
[EL Config]: metadata: 2016-03-16 11:45:29.437--ServerSession(1784714969)--Thread(Thread[Test worker,5,main])--The access type for the persistent class [class issuetracker.app.shared.issuetrackerboundedcontext.issuetracker.IssueStatus] is set to [FIELD].
[EL Config]: metadata: 2016-03-16 11:45:29.437--ServerSession(1784714969)--Thread(Thread[Test worker,5,main])--The access type for the persistent class [class issuetracker.app.shared.organizationboundedcontext.location.AddressType] is set to [FIELD].
[EL Config]: metadata: 2016-03-16 11:45:29.438--ServerSession(1784714969)--Thread(Thread[Test worker,5,main])--The access type for the persistent class [class com.spartan.healthmeter.entity.ZenHealthCounter] is set to [FIELD].
[EL Config]: metadata: 2016-03-16 11:45:29.438--ServerSession(1784714969)--Thread(Thread[Test worker,5,main])--The access type for the persistent class [class issuetracker.app.shared.issuetrackerboundedcontext.issuetracker.IssueRelation] is set to [FIELD].
[EL Config]: metadata: 2016-03-16 11:45:29.439--ServerSession(1784714969)--Thread(Thread[Test worker,5,main])--The access type for the persistent class [class issuetracker.app.shared.organizationboundedcontext.contacts.CoreContacts] is set to [FIELD].
[EL Config]: metadata: 2016-03-16 11:45:29.439--ServerSession(1784714969)--Thread(Thread[Test worker,5,main])--The target entity (reference) class for the one to one mapping element [field timezone] is being defaulted to: class issuetracker.app.shared.organizationboundedcontext.location.Timezone.
[EL Config]: metadata: 2016-03-16 11:45:29.44--ServerSession(1784714969)--Thread(Thread[Test worker,5,main])--The target entity (reference) class for the one to many mapping element [field address] is being defaulted to: class issuetracker.app.shared.organizationboundedcontext.location.Address.
[EL Config]: metadata: 2016-03-16 11:45:29.441--ServerSession(1784714969)--Thread(Thread[Test worker,5,main])--The target entity (reference) class for the one to many mapping element [field communicationData] is being defaulted to: class issuetracker.app.shared.organizationboundedcontext.contacts.CommunicationData.
[EL Config]: metadata: 2016-03-16 11:45:29.441--ServerSession(1784714969)--Thread(Thread[Test worker,5,main])--The access type for the persistent class [class com.spartan.healthmeter.entity.ZenHealth] is set to [FIELD].
[EL Config]: metadata: 2016-03-16 11:45:29.443--ServerSession(1784714969)--Thread(Thread[Test worker,5,main])--The access type for the persistent class [class com.athena.shared.entity.report.ArtChartDataFieldJson] is set to [FIELD].
[EL Config]: metadata: 2016-03-16 11:45:29.443--ServerSession(1784714969)--Thread(Thread[Test worker,5,main])--The access type for the persistent class [class com.athena.shared.entity.report.ArtReportUI] is set to [FIELD].
[EL Config]: metadata: 2016-03-16 11:45:29.444--ServerSession(1784714969)--Thread(Thread[Test worker,5,main])--The access type for the persistent class [class issuetracker.app.shared.issuetrackerboundedcontext.projectmanager.Workflow] is set to [FIELD].
[EL Config]: metadata: 2016-03-16 11:45:29.444--ServerSession(1784714969)--Thread(Thread[Test worker,5,main])--The access type for the persistent class [class com.athena.server.bean.EntityBean] is set to [FIELD].
[EL Config]: metadata: 2016-03-16 11:45:29.445--ServerSession(1784714969)--Thread(Thread[Test worker,5,main])--The access type for the persistent class [class issuetracker.app.shared.aaaboundedcontext.authentication.UserAccessLevel] is set to [FIELD].
[EL Config]: metadata: 2016-03-16 11:45:29.445--ServerSession(1784714969)--Thread(Thread[Test worker,5,main])--The access type for the persistent class [class issuetracker.app.shared.organizationboundedcontext.location.Country] is set to [FIELD].
[EL Config]: metadata: 2016-03-16 11:45:29.446--ServerSession(1784714969)--Thread(Thread[Test worker,5,main])--The access type for the persistent class [class issuetracker.app.shared.organizationboundedcontext.location.Timezone] is set to [FIELD].
[EL Config]: metadata: 2016-03-16 11:45:29.446--ServerSession(1784714969)--Thread(Thread[Test worker,5,main])--The access type for the persistent class [class com.spartan.sprinkler.entity.ArtLogSeverity] is set to [FIELD].
[EL Config]: metadata: 2016-03-16 11:45:29.447--ServerSession(1784714969)--Thread(Thread[Test worker,5,main])--The target entity (reference) class for the many to one mapping element [field logConfig] is being defaulted to: class com.spartan.sprinkler.entity.ArtLogConfig.
[EL Config]: metadata: 2016-03-16 11:45:29.447--ServerSession(1784714969)--Thread(Thread[Test worker,5,main])--The access type for the persistent class [class issuetracker.app.shared.issuetrackerboundedcontext.issuetracker.IssueStage] is set to [FIELD].
[EL Config]: metadata: 2016-03-16 11:45:29.448--ServerSession(1784714969)--Thread(Thread[Test worker,5,main])--The access type for the persistent class [class issuetracker.app.shared.issuetrackerboundedcontext.projectmanager.ModuleUserMapping] is set to [FIELD].
[EL Config]: metadata: 2016-03-16 11:45:29.448--ServerSession(1784714969)--Thread(Thread[Test worker,5,main])--The target entity (reference) class for the one to one mapping element [field projectModule] is being defaulted to: class issuetracker.app.shared.issuetrackerboundedcontext.projectmanager.ProjectModule.
[EL Config]: metadata: 2016-03-16 11:45:29.448--ServerSession(1784714969)--Thread(Thread[Test worker,5,main])--The access type for the persistent class [class com.spartan.sprinkler.entity.ArtLogConnectorAttributes] is set to [FIELD].
[EL Config]: metadata: 2016-03-16 11:45:29.449--ServerSession(1784714969)--Thread(Thread[Test worker,5,main])--The target entity (reference) class for the many to one mapping element [field logConnector] is being defaulted to: class com.spartan.sprinkler.entity.ArtLogConnector.
[EL Config]: metadata: 2016-03-16 11:45:29.449--ServerSession(1784714969)--Thread(Thread[Test worker,5,main])--The access type for the persistent class [class issuetracker.app.shared.aaaboundedcontext.authentication.SessionData] is set to [FIELD].
[EL Config]: metadata: 2016-03-16 11:45:29.45--ServerSession(1784714969)--Thread(Thread[Test worker,5,main])--The access type for the persistent class [class issuetracker.app.shared.issuetrackerboundedcontext.projectmanager.ProjectUserMapping] is set to [FIELD].
[EL Config]: metadata: 2016-03-16 11:45:29.45--ServerSession(1784714969)--Thread(Thread[Test worker,5,main])--The target entity (reference) class for the one to one mapping element [field createProject] is being defaulted to: class issuetracker.app.shared.issuetrackerboundedcontext.projectmanager.CreateProject.
[EL Config]: metadata: 2016-03-16 11:45:29.45--ServerSession(1784714969)--Thread(Thread[Test worker,5,main])--The access type for the persistent class [class com.spartan.healthmeter.shared.EntityAudit] is set to [FIELD].
[EL Config]: metadata: 2016-03-16 11:45:29.452--ServerSession(1784714969)--Thread(Thread[Test worker,5,main])--The access type for the persistent class [class issuetracker.app.shared.EntityAudit] is set to [FIELD].
[EL Config]: metadata: 2016-03-16 11:45:29.452--ServerSession(1784714969)--Thread(Thread[Test worker,5,main])--The access type for the persistent class [class com.spartan.healthmeter.shared.SystemInfo] is set to [FIELD].
[EL Config]: metadata: 2016-03-16 11:45:29.452--ServerSession(1784714969)--Thread(Thread[Test worker,5,main])--The access type for the persistent class [class issuetracker.app.shared.SystemInfo] is set to [FIELD].
[EL Config]: metadata: 2016-03-16 11:45:29.461--ServerSession(1784714969)--Thread(Thread[Test worker,5,main])--The alias name for the entity class [class com.athena.shared.entity.query.ArtQuery] is being defaulted to: ArtQuery.
[EL Config]: metadata: 2016-03-16 11:45:29.473--ServerSession(1784714969)--Thread(Thread[Test worker,5,main])--The alias name for the entity class [class issuetracker.app.shared.organizationboundedcontext.location.City] is being defaulted to: City.
[EL Config]: metadata: 2016-03-16 11:45:29.476--ServerSession(1784714969)--Thread(Thread[Test worker,5,main])--The alias name for the entity class [class issuetracker.app.shared.aaaboundedcontext.authentication.Question] is being defaulted to: Question.
[EL Config]: metadata: 2016-03-16 11:45:29.477--ServerSession(1784714969)--Thread(Thread[Test worker,5,main])--The alias name for the entity class [class issuetracker.app.shared.issuetrackerboundedcontext.projectmanager.ProjectAccessRights] is being defaulted to: ProjectAccessRights.
[EL Config]: metadata: 2016-03-16 11:45:29.478--ServerSession(1784714969)--Thread(Thread[Test worker,5,main])--The alias name for the entity class [class issuetracker.app.shared.issuetrackerboundedcontext.issuetracker.FeatureCategory] is being defaulted to: FeatureCategory.
[EL Config]: metadata: 2016-03-16 11:45:29.478--ServerSession(1784714969)--Thread(Thread[Test worker,5,main])--The alias name for the entity class [class issuetracker.app.shared.issuetrackerboundedcontext.issuetracker.IssueHistory] is being defaulted to: IssueHistory.
[EL Config]: metadata: 2016-03-16 11:45:29.479--ServerSession(1784714969)--Thread(Thread[Test worker,5,main])--The alias name for the entity class [class issuetracker.app.shared.issuetrackerboundedcontext.projectmanager.ProjectRoles] is being defaulted to: ProjectRoles.
[EL Config]: metadata: 2016-03-16 11:45:29.48--ServerSession(1784714969)--Thread(Thread[Test worker,5,main])--The alias name for the entity class [class com.athena.shared.entity.report.ArtChartTemplate] is being defaulted to: ArtChartTemplate.
[EL Config]: metadata: 2016-03-16 11:45:29.481--ServerSession(1784714969)--Thread(Thread[Test worker,5,main])--The alias name for the entity class [class com.spartan.sprinkler.entity.ArtLogConfig] is being defaulted to: ArtLogConfig.
[EL Config]: metadata: 2016-03-16 11:45:29.481--ServerSession(1784714969)--Thread(Thread[Test worker,5,main])--The alias name for the entity class [class issuetracker.app.shared.aaaboundedcontext.authentication.UserAccessDomain] is being defaulted to: UserAccessDomain.
[EL Config]: metadata: 2016-03-16 11:45:29.482--ServerSession(1784714969)--Thread(Thread[Test worker,5,main])--The alias name for the entity class [class com.spartan.healthmeter.entity.ArtHealthStatusConfiguration] is being defaulted to: ArtHealthStatusConfiguration.
[EL Config]: metadata: 2016-03-16 11:45:29.483--ServerSession(1784714969)--Thread(Thread[Test worker,5,main])--The alias name for the entity class [class com.spartan.sprinkler.entity.ArtLogModule] is being defaulted to: ArtLogModule.
[EL Config]: metadata: 2016-03-16 11:45:29.484--ServerSession(1784714969)--Thread(Thread[Test worker,5,main])--The alias name for the entity class [class issuetracker.app.shared.aaaboundedcontext.authentication.PassRecovery] is being defaulted to: PassRecovery.
[EL Config]: metadata: 2016-03-16 11:45:29.484--ServerSession(1784714969)--Thread(Thread[Test worker,5,main])--The alias name for the entity class [class issuetracker.app.shared.issuetrackerboundedcontext.projectmanager.IssueCategory] is being defaulted to: IssueCategory.
[EL Config]: metadata: 2016-03-16 11:45:29.485--ServerSession(1784714969)--Thread(Thread[Test worker,5,main])--The alias name for the entity class [class com.spartan.sprinkler.entity.ArtAppAlarm] is being defaulted to: ArtAppAlarm.
[EL Config]: metadata: 2016-03-16 11:45:29.485--ServerSession(1784714969)--Thread(Thread[Test worker,5,main])--The alias name for the entity class [class issuetracker.app.shared.issuetrackerboundedcontext.issuetracker.IssueSeverity] is being defaulted to: IssueSeverity.
[EL Config]: metadata: 2016-03-16 11:45:29.486--ServerSession(1784714969)--Thread(Thread[Test worker,5,main])--The alias name for the entity class [class com.athena.shared.entity.report.ArtChartCategory] is being defaulted to: ArtChartCategory.
[EL Config]: metadata: 2016-03-16 11:45:29.487--ServerSession(1784714969)--Thread(Thread[Test worker,5,main])--The alias name for the entity class [class issuetracker.app.shared.issuetrackerboundedcontext.projectmanager.WorkflowUserRole] is being defaulted to: WorkflowUserRole.
[EL Config]: metadata: 2016-03-16 11:45:29.487--ServerSession(1784714969)--Thread(Thread[Test worker,5,main])--The alias name for the entity class [class issuetracker.app.shared.organizationboundedcontext.location.State] is being defaulted to: State.
[EL Config]: metadata: 2016-03-16 11:45:29.488--ServerSession(1784714969)--Thread(Thread[Test worker,5,main])--The alias name for the entity class [class issuetracker.app.shared.aaaboundedcontext.authorization.RoleMenuBridge] is being defaulted to: RoleMenuBridge.
[EL Config]: metadata: 2016-03-16 11:45:29.488--ServerSession(1784714969)--Thread(Thread[Test worker,5,main])--The alias name for the entity class [class com.athena.shared.entity.report.ArtChartJson] is being defaulted to: ArtChartJson.
[EL Config]: metadata: 2016-03-16 11:45:29.489--ServerSession(1784714969)--Thread(Thread[Test worker,5,main])--The alias name for the entity class [class issuetracker.app.shared.issuetrackerboundedcontext.issuetracker.IssueFlag] is being defaulted to: IssueFlag.
[EL Config]: metadata: 2016-03-16 11:45:29.49--ServerSession(1784714969)--Thread(Thread[Test worker,5,main])--The alias name for the entity class [class com.spartan.sprinkler.entity.ArtLoggingProperties] is being defaulted to: ArtLoggingProperties.
[EL Config]: metadata: 2016-03-16 11:45:29.49--ServerSession(1784714969)--Thread(Thread[Test worker,5,main])--The alias name for the entity class [class issuetracker.app.shared.issuetrackerboundedcontext.projectmanager.ProjectModule] is being defaulted to: ProjectModule.
[EL Config]: metadata: 2016-03-16 11:45:29.491--ServerSession(1784714969)--Thread(Thread[Test worker,5,main])--The alias name for the entity class [class com.spartan.healthmeter.entity.ZenHealthGauge] is being defaulted to: ZenHealthGauge.
[EL Config]: metadata: 2016-03-16 11:45:29.492--ServerSession(1784714969)--Thread(Thread[Test worker,5,main])--The alias name for the entity class [class issuetracker.app.shared.issuetrackerboundedcontext.issuetracker.IssueActivity] is being defaulted to: IssueActivity.
[EL Config]: metadata: 2016-03-16 11:45:29.492--ServerSession(1784714969)--Thread(Thread[Test worker,5,main])--The alias name for the entity class [class issuetracker.app.shared.issuetrackerboundedcontext.projectmanager.CreateProject] is being defaulted to: CreateProject.
[EL Config]: metadata: 2016-03-16 11:45:29.493--ServerSession(1784714969)--Thread(Thread[Test worker,5,main])--The alias name for the entity class [class com.athena.shared.entity.report.ArtChartProperties] is being defaulted to: ArtChartProperties.
[EL Config]: metadata: 2016-03-16 11:45:29.494--ServerSession(1784714969)--Thread(Thread[Test worker,5,main])--The alias name for the entity class [class issuetracker.app.shared.issuetrackerboundedcontext.projectmanager.ProjectFeature] is being defaulted to: ProjectFeature.
[EL Config]: metadata: 2016-03-16 11:45:29.494--ServerSession(1784714969)--Thread(Thread[Test worker,5,main])--The alias name for the entity class [class com.athena.shared.entity.query.ArtUserLastStatus] is being defaulted to: ArtUserLastStatus.
[EL Config]: metadata: 2016-03-16 11:45:29.495--ServerSession(1784714969)--Thread(Thread[Test worker,5,main])--The alias name for the entity class [class issuetracker.app.shared.issuetrackerboundedcontext.issuetracker.IssueHeaders] is being defaulted to: IssueHeaders.
[EL Config]: metadata: 2016-03-16 11:45:29.496--ServerSession(1784714969)--Thread(Thread[Test worker,5,main])--The alias name for the entity class [class issuetracker.app.shared.issuetrackerboundedcontext.issuetracker.IssueRelationType] is being defaulted to: IssueRelationType.
[EL Config]: metadata: 2016-03-16 11:45:29.497--ServerSession(1784714969)--Thread(Thread[Test worker,5,main])--The alias name for the entity class [class issuetracker.app.shared.aaaboundedcontext.authentication.User] is being defaulted to: User.
[EL Config]: metadata: 2016-03-16 11:45:29.497--ServerSession(1784714969)--Thread(Thread[Test worker,5,main])--The alias name for the entity class [class issuetracker.app.shared.organizationboundedcontext.location.Language] is being defaulted to: Language.
[EL Config]: metadata: 2016-03-16 11:45:29.498--ServerSession(1784714969)--Thread(Thread[Test worker,5,main])--The alias name for the entity class [class com.spartan.healthmeter.entity.HealthSchedulerConfiguration] is being defaulted to: HealthSchedulerConfiguration.
[EL Config]: metadata: 2016-03-16 11:45:29.499--ServerSession(1784714969)--Thread(Thread[Test worker,5,main])--The alias name for the entity class [class issuetracker.app.shared.organizationboundedcontext.contacts.CommunicationGroup] is being defaulted to: CommunicationGroup.
[EL Config]: metadata: 2016-03-16 11:45:29.499--ServerSession(1784714969)--Thread(Thread[Test worker,5,main])--The alias name for the entity class [class issuetracker.app.shared.aaaboundedcontext.authentication.PasswordAlgo] is being defaulted to: PasswordAlgo.
[EL Config]: metadata: 2016-03-16 11:45:29.5--ServerSession(1784714969)--Thread(Thread[Test worker,5,main])--The alias name for the entity class [class com.spartan.healthmeter.entity.ZenSchedulerHealth] is being defaulted to: ZenSchedulerHealth.
[EL Config]: metadata: 2016-03-16 11:45:29.501--ServerSession(1784714969)--Thread(Thread[Test worker,5,main])--The alias name for the entity class [class issuetracker.app.shared.organizationboundedcontext.contacts.CommunicationType] is being defaulted to: CommunicationType.
[EL Config]: metadata: 2016-03-16 11:45:29.501--ServerSession(1784714969)--Thread(Thread[Test worker,5,main])--The alias name for the entity class [class com.athena.shared.entity.report.ArtChartType] is being defaulted to: ArtChartType.
[EL Config]: metadata: 2016-03-16 11:45:29.502--ServerSession(1784714969)--Thread(Thread[Test worker,5,main])--The alias name for the entity class [class issuetracker.app.shared.organizationboundedcontext.location.Address] is being defaulted to: Address.
[EL Config]: metadata: 2016-03-16 11:45:29.502--ServerSession(1784714969)--Thread(Thread[Test worker,5,main])--The alias name for the entity class [class issuetracker.app.shared.aaaboundedcontext.authorization.AppMenus] is being defaulted to: AppMenus.
[EL Config]: metadata: 2016-03-16 11:45:29.503--ServerSession(1784714969)--Thread(Thread[Test worker,5,main])--The alias name for the entity class [class com.spartan.shield.server.entity.AppSessionConfig] is being defaulted to: AppSessionConfig.
[EL Config]: metadata: 2016-03-16 11:45:29.503--ServerSession(1784714969)--Thread(Thread[Test worker,5,main])--The alias name for the entity class [class com.athena.shared.entity.report.ArtChartPropLanguage] is being defaulted to: ArtChartPropLanguage.
[EL Config]: metadata: 2016-03-16 11:45:29.504--ServerSession(1784714969)--Thread(Thread[Test worker,5,main])--The alias name for the entity class [class issuetracker.app.shared.aaaboundedcontext.authentication.PasswordPolicy] is being defaulted to: PasswordPolicy.
[EL Config]: metadata: 2016-03-16 11:45:29.504--ServerSession(1784714969)--Thread(Thread[Test worker,5,main])--The alias name for the entity class [class com.athena.shared.entity.report.ArtLangMaster] is being defaulted to: ArtLangMaster.
[EL Config]: metadata: 2016-03-16 11:45:29.505--ServerSession(1784714969)--Thread(Thread[Test worker,5,main])--The alias name for the entity class [class issuetracker.app.shared.issuetrackerboundedcontext.issuetracker.IssueAssignment] is being defaulted to: IssueAssignment.
[EL Config]: metadata: 2016-03-16 11:45:29.505--ServerSession(1784714969)--Thread(Thread[Test worker,5,main])--The alias name for the entity class [class com.spartan.sprinkler.entity.ArtLogConnector] is being defaulted to: ArtLogConnector.
[EL Config]: metadata: 2016-03-16 11:45:29.506--ServerSession(1784714969)--Thread(Thread[Test worker,5,main])--The alias name for the entity class [class issuetracker.app.shared.organizationboundedcontext.contacts.CommunicationData] is being defaulted to: CommunicationData.
[EL Config]: metadata: 2016-03-16 11:45:29.506--ServerSession(1784714969)--Thread(Thread[Test worker,5,main])--The alias name for the entity class [class issuetracker.app.shared.issuetrackerboundedcontext.issuetracker.IssuePriority] is being defaulted to: IssuePriority.
[EL Config]: metadata: 2016-03-16 11:45:29.507--ServerSession(1784714969)--Thread(Thread[Test worker,5,main])--The alias name for the entity class [class issuetracker.app.shared.issuetrackerboundedcontext.projectmanager.IssueVisibility] is being defaulted to: IssueVisibility.
[EL Config]: metadata: 2016-03-16 11:45:29.507--ServerSession(1784714969)--Thread(Thread[Test worker,5,main])--The alias name for the entity class [class issuetracker.app.shared.aaaboundedcontext.authentication.UserData] is being defaulted to: UserData.
[EL Config]: metadata: 2016-03-16 11:45:29.508--ServerSession(1784714969)--Thread(Thread[Test worker,5,main])--The alias name for the entity class [class issuetracker.app.shared.aaaboundedcontext.authorization.Roles] is being defaulted to: Roles.
[EL Config]: metadata: 2016-03-16 11:45:29.508--ServerSession(1784714969)--Thread(Thread[Test worker,5,main])--The alias name for the entity class [class issuetracker.app.shared.issuetrackerboundedcontext.issuetracker.IssueWorkflow] is being defaulted to: IssueWorkflow.
[EL Config]: metadata: 2016-03-16 11:45:29.509--ServerSession(1784714969)--Thread(Thread[Test worker,5,main])--The alias name for the entity class [class issuetracker.app.shared.aaaboundedcontext.authentication.LoginSession] is being defaulted to: LoginSession.
[EL Config]: metadata: 2016-03-16 11:45:29.51--ServerSession(1784714969)--Thread(Thread[Test worker,5,main])--The alias name for the entity class [class com.spartan.healthmeter.entity.ZenHealthStatus] is being defaulted to: ZenHealthStatus.
[EL Config]: metadata: 2016-03-16 11:45:29.511--ServerSession(1784714969)--Thread(Thread[Test worker,5,main])--The alias name for the entity class [class issuetracker.app.shared.issuetrackerboundedcontext.projectmanager.FeatureUserMapping] is being defaulted to: FeatureUserMapping.
[EL Config]: metadata: 2016-03-16 11:45:29.511--ServerSession(1784714969)--Thread(Thread[Test worker,5,main])--The alias name for the entity class [class issuetracker.app.shared.issuetrackerboundedcontext.issuetracker.AddWatchers] is being defaulted to: AddWatchers.
[EL Config]: metadata: 2016-03-16 11:45:29.512--ServerSession(1784714969)--Thread(Thread[Test worker,5,main])--The alias name for the entity class [class issuetracker.app.shared.organizationboundedcontext.contacts.Title] is being defaulted to: Title.
[EL Config]: metadata: 2016-03-16 11:45:29.512--ServerSession(1784714969)--Thread(Thread[Test worker,5,main])--The alias name for the entity class [class issuetracker.app.shared.organizationboundedcontext.contacts.Gender] is being defaulted to: Gender.
[EL Config]: metadata: 2016-03-16 11:45:29.513--ServerSession(1784714969)--Thread(Thread[Test worker,5,main])--The alias name for the entity class [class issuetracker.app.shared.aaaboundedcontext.authentication.Login] is being defaulted to: Login.
[EL Config]: metadata: 2016-03-16 11:45:29.514--ServerSession(1784714969)--Thread(Thread[Test worker,5,main])--The alias name for the entity class [class issuetracker.app.shared.organizationboundedcontext.contacts.ContactType] is being defaulted to: ContactType.
[EL Config]: metadata: 2016-03-16 11:45:29.514--ServerSession(1784714969)--Thread(Thread[Test worker,5,main])--The alias name for the entity class [class com.spartan.healthmeter.entity.ZenRequestDetails] is being defaulted to: ZenRequestDetails.
[EL Config]: metadata: 2016-03-16 11:45:29.515--ServerSession(1784714969)--Thread(Thread[Test worker,5,main])--The alias name for the entity class [class com.spartan.healthmeter.entity.ArtHealthSchedulerConfiguration] is being defaulted to: ArtHealthSchedulerConfiguration.
[EL Config]: metadata: 2016-03-16 11:45:29.516--ServerSession(1784714969)--Thread(Thread[Test worker,5,main])--The alias name for the entity class [class issuetracker.app.shared.aaaboundedcontext.authorization.UserRoleBridge] is being defaulted to: UserRoleBridge.
[EL Config]: metadata: 2016-03-16 11:45:29.517--ServerSession(1784714969)--Thread(Thread[Test worker,5,main])--The alias name for the entity class [class issuetracker.app.shared.issuetrackerboundedcontext.projectmanager.RoleUserMapping] is being defaulted to: RoleUserMapping.
[EL Config]: metadata: 2016-03-16 11:45:29.517--ServerSession(1784714969)--Thread(Thread[Test worker,5,main])--The alias name for the entity class [class com.athena.shared.entity.report.ArtReportBuilderDetails] is being defaulted to: ArtReportBuilderDetails.
[EL Config]: metadata: 2016-03-16 11:45:29.519--ServerSession(1784714969)--Thread(Thread[Test worker,5,main])--The alias name for the entity class [class issuetracker.app.shared.issuetrackerboundedcontext.issuetracker.IssueStatus] is being defaulted to: IssueStatus.
[EL Config]: metadata: 2016-03-16 11:45:29.519--ServerSession(1784714969)--Thread(Thread[Test worker,5,main])--The alias name for the entity class [class issuetracker.app.shared.organizationboundedcontext.location.AddressType] is being defaulted to: AddressType.
[EL Config]: metadata: 2016-03-16 11:45:29.52--ServerSession(1784714969)--Thread(Thread[Test worker,5,main])--The alias name for the entity class [class com.spartan.healthmeter.entity.ZenHealthCounter] is being defaulted to: ZenHealthCounter.
[EL Config]: metadata: 2016-03-16 11:45:29.52--ServerSession(1784714969)--Thread(Thread[Test worker,5,main])--The alias name for the entity class [class issuetracker.app.shared.issuetrackerboundedcontext.issuetracker.IssueRelation] is being defaulted to: IssueRelation.
[EL Config]: metadata: 2016-03-16 11:45:29.521--ServerSession(1784714969)--Thread(Thread[Test worker,5,main])--The alias name for the entity class [class issuetracker.app.shared.organizationboundedcontext.contacts.CoreContacts] is being defaulted to: CoreContacts.
[EL Config]: metadata: 2016-03-16 11:45:29.521--ServerSession(1784714969)--Thread(Thread[Test worker,5,main])--The alias name for the entity class [class com.spartan.healthmeter.entity.ZenHealth] is being defaulted to: ZenHealth.
[EL Config]: metadata: 2016-03-16 11:45:29.523--ServerSession(1784714969)--Thread(Thread[Test worker,5,main])--The alias name for the entity class [class com.athena.shared.entity.report.ArtChartDataFieldJson] is being defaulted to: ArtChartDataFieldJson.
[EL Config]: metadata: 2016-03-16 11:45:29.523--ServerSession(1784714969)--Thread(Thread[Test worker,5,main])--The alias name for the entity class [class com.athena.shared.entity.report.ArtReportUI] is being defaulted to: ArtReportUI.
[EL Config]: metadata: 2016-03-16 11:45:29.524--ServerSession(1784714969)--Thread(Thread[Test worker,5,main])--The alias name for the entity class [class issuetracker.app.shared.issuetrackerboundedcontext.projectmanager.Workflow] is being defaulted to: Workflow.
[EL Config]: metadata: 2016-03-16 11:45:29.524--ServerSession(1784714969)--Thread(Thread[Test worker,5,main])--The alias name for the entity class [class com.athena.server.bean.EntityBean] is being defaulted to: EntityBean.
[EL Config]: metadata: 2016-03-16 11:45:29.524--ServerSession(1784714969)--Thread(Thread[Test worker,5,main])--The table name for entity [class com.athena.server.bean.EntityBean] is being defaulted to: ENTITYBEAN.
[EL Config]: metadata: 2016-03-16 11:45:29.524--ServerSession(1784714969)--Thread(Thread[Test worker,5,main])--The column name for element [id] is being defaulted to: ID.
[EL Config]: metadata: 2016-03-16 11:45:29.524--ServerSession(1784714969)--Thread(Thread[Test worker,5,main])--The column name for element [name] is being defaulted to: NAME.
[EL Config]: metadata: 2016-03-16 11:45:29.524--ServerSession(1784714969)--Thread(Thread[Test worker,5,main])--The column name for element [fields] is being defaulted to: FIELDS.
[EL Config]: metadata: 2016-03-16 11:45:29.526--ServerSession(1784714969)--Thread(Thread[Test worker,5,main])--The alias name for the entity class [class issuetracker.app.shared.aaaboundedcontext.authentication.UserAccessLevel] is being defaulted to: UserAccessLevel.
[EL Config]: metadata: 2016-03-16 11:45:29.526--ServerSession(1784714969)--Thread(Thread[Test worker,5,main])--The alias name for the entity class [class issuetracker.app.shared.organizationboundedcontext.location.Country] is being defaulted to: Country.
[EL Config]: metadata: 2016-03-16 11:45:29.527--ServerSession(1784714969)--Thread(Thread[Test worker,5,main])--The alias name for the entity class [class issuetracker.app.shared.organizationboundedcontext.location.Timezone] is being defaulted to: Timezone.
[EL Config]: metadata: 2016-03-16 11:45:29.527--ServerSession(1784714969)--Thread(Thread[Test worker,5,main])--The alias name for the entity class [class com.spartan.sprinkler.entity.ArtLogSeverity] is being defaulted to: ArtLogSeverity.
[EL Config]: metadata: 2016-03-16 11:45:29.528--ServerSession(1784714969)--Thread(Thread[Test worker,5,main])--The alias name for the entity class [class issuetracker.app.shared.issuetrackerboundedcontext.issuetracker.IssueStage] is being defaulted to: IssueStage.
[EL Config]: metadata: 2016-03-16 11:45:29.528--ServerSession(1784714969)--Thread(Thread[Test worker,5,main])--The alias name for the entity class [class issuetracker.app.shared.issuetrackerboundedcontext.projectmanager.ModuleUserMapping] is being defaulted to: ModuleUserMapping.
[EL Config]: metadata: 2016-03-16 11:45:29.528--ServerSession(1784714969)--Thread(Thread[Test worker,5,main])--The alias name for the entity class [class com.spartan.sprinkler.entity.ArtLogConnectorAttributes] is being defaulted to: ArtLogConnectorAttributes.
[EL Config]: metadata: 2016-03-16 11:45:29.529--ServerSession(1784714969)--Thread(Thread[Test worker,5,main])--The alias name for the entity class [class issuetracker.app.shared.aaaboundedcontext.authentication.SessionData] is being defaulted to: SessionData.
[EL Config]: metadata: 2016-03-16 11:45:29.529--ServerSession(1784714969)--Thread(Thread[Test worker,5,main])--The alias name for the entity class [class issuetracker.app.shared.issuetrackerboundedcontext.projectmanager.ProjectUserMapping] is being defaulted to: ProjectUserMapping.
[EL Info]: 2016-03-16 11:45:30.176--ServerSession(1784714969)--Thread(Thread[Test worker,5,main])--EclipseLink, version: Eclipse Persistence Services - 2.5.1.v20130918-f2b9fc5
[EL Fine]: connection: 2016-03-16 11:45:30.367--Thread(Thread[Test worker,5,main])--Detected database platform: org.eclipse.persistence.platform.database.oracle.Oracle11Platform
[EL Config]: connection: 2016-03-16 11:45:30.387--ServerSession(1784714969)--Connection(516014647)--Thread(Thread[Test worker,5,main])--connecting(DatabaseLogin(
	platform=>Oracle11Platform
	user name=> "issuetracker"
	datasource URL=> "jdbc:oracle:thin:@localhost-ORACLE:1521:xe"
))
[EL Config]: connection: 2016-03-16 11:45:30.432--ServerSession(1784714969)--Connection(1119205543)--Thread(Thread[Test worker,5,main])--Connected: jdbc:oracle:thin:@localhost-ORACLE:1521:xe
	User: ISSUETRACKER
	Database: Oracle  Version: Oracle Database 11g Express Edition Release 11.2.0.2.0 - 64bit Production
	Driver: Oracle JDBC driver  Version: 11.2.0.4.0
[EL Config]: connection: 2016-03-16 11:45:30.432--ServerSession(1784714969)--Connection(511806760)--Thread(Thread[Test worker,5,main])--connecting(DatabaseLogin(
	platform=>Oracle11Platform
	user name=> "issuetracker"
	datasource URL=> "jdbc:oracle:thin:@localhost-ORACLE:1521:xe"
))
[EL Config]: connection: 2016-03-16 11:45:30.463--ServerSession(1784714969)--Connection(1264209085)--Thread(Thread[Test worker,5,main])--Connected: jdbc:oracle:thin:@localhost-ORACLE:1521:xe
	User: ISSUETRACKER
	Database: Oracle  Version: Oracle Database 11g Express Edition Release 11.2.0.2.0 - 64bit Production
	Driver: Oracle JDBC driver  Version: 11.2.0.4.0
[EL Config]: connection: 2016-03-16 11:45:30.463--ServerSession(1784714969)--Connection(358888177)--Thread(Thread[Test worker,5,main])--connecting(DatabaseLogin(
	platform=>Oracle11Platform
	user name=> "issuetracker"
	datasource URL=> "jdbc:oracle:thin:@localhost-ORACLE:1521:xe"
))
[EL Config]: connection: 2016-03-16 11:45:30.493--ServerSession(1784714969)--Connection(1699510063)--Thread(Thread[Test worker,5,main])--Connected: jdbc:oracle:thin:@localhost-ORACLE:1521:xe
	User: ISSUETRACKER
	Database: Oracle  Version: Oracle Database 11g Express Edition Release 11.2.0.2.0 - 64bit Production
	Driver: Oracle JDBC driver  Version: 11.2.0.4.0
[EL Config]: connection: 2016-03-16 11:45:30.493--ServerSession(1784714969)--Connection(2133123741)--Thread(Thread[Test worker,5,main])--connecting(DatabaseLogin(
	platform=>Oracle11Platform
	user name=> "issuetracker"
	datasource URL=> "jdbc:oracle:thin:@localhost-ORACLE:1521:xe"
))
[EL Config]: connection: 2016-03-16 11:45:30.522--ServerSession(1784714969)--Connection(1318711969)--Thread(Thread[Test worker,5,main])--Connected: jdbc:oracle:thin:@localhost-ORACLE:1521:xe
	User: ISSUETRACKER
	Database: Oracle  Version: Oracle Database 11g Express Edition Release 11.2.0.2.0 - 64bit Production
	Driver: Oracle JDBC driver  Version: 11.2.0.4.0
[EL Config]: connection: 2016-03-16 11:45:30.523--ServerSession(1784714969)--Connection(1560825943)--Thread(Thread[Test worker,5,main])--connecting(DatabaseLogin(
	platform=>Oracle11Platform
	user name=> "issuetracker"
	datasource URL=> "jdbc:oracle:thin:@localhost-ORACLE:1521:xe"
))
[EL Config]: connection: 2016-03-16 11:45:30.554--ServerSession(1784714969)--Connection(1288875896)--Thread(Thread[Test worker,5,main])--Connected: jdbc:oracle:thin:@localhost-ORACLE:1521:xe
	User: ISSUETRACKER
	Database: Oracle  Version: Oracle Database 11g Express Edition Release 11.2.0.2.0 - 64bit Production
	Driver: Oracle JDBC driver  Version: 11.2.0.4.0
[EL Config]: connection: 2016-03-16 11:45:30.554--ServerSession(1784714969)--Connection(469636783)--Thread(Thread[Test worker,5,main])--connecting(DatabaseLogin(
	platform=>Oracle11Platform
	user name=> "issuetracker"
	datasource URL=> "jdbc:oracle:thin:@localhost-ORACLE:1521:xe"
))
[EL Config]: connection: 2016-03-16 11:45:30.59--ServerSession(1784714969)--Connection(1183009156)--Thread(Thread[Test worker,5,main])--Connected: jdbc:oracle:thin:@localhost-ORACLE:1521:xe
	User: ISSUETRACKER
	Database: Oracle  Version: Oracle Database 11g Express Edition Release 11.2.0.2.0 - 64bit Production
	Driver: Oracle JDBC driver  Version: 11.2.0.4.0
[EL Config]: connection: 2016-03-16 11:45:30.59--ServerSession(1784714969)--Connection(1431280966)--Thread(Thread[Test worker,5,main])--connecting(DatabaseLogin(
	platform=>Oracle11Platform
	user name=> "issuetracker"
	datasource URL=> "jdbc:oracle:thin:@localhost-ORACLE:1521:xe"
))
[EL Config]: connection: 2016-03-16 11:45:30.628--ServerSession(1784714969)--Connection(1574865515)--Thread(Thread[Test worker,5,main])--Connected: jdbc:oracle:thin:@localhost-ORACLE:1521:xe
	User: ISSUETRACKER
	Database: Oracle  Version: Oracle Database 11g Express Edition Release 11.2.0.2.0 - 64bit Production
	Driver: Oracle JDBC driver  Version: 11.2.0.4.0
[EL Config]: connection: 2016-03-16 11:45:30.628--ServerSession(1784714969)--Connection(1879954287)--Thread(Thread[Test worker,5,main])--connecting(DatabaseLogin(
	platform=>Oracle11Platform
	user name=> "issuetracker"
	datasource URL=> "jdbc:oracle:thin:@localhost-ORACLE:1521:xe"
))
[EL Config]: connection: 2016-03-16 11:45:30.662--ServerSession(1784714969)--Connection(464803298)--Thread(Thread[Test worker,5,main])--Connected: jdbc:oracle:thin:@localhost-ORACLE:1521:xe
	User: ISSUETRACKER
	Database: Oracle  Version: Oracle Database 11g Express Edition Release 11.2.0.2.0 - 64bit Production
	Driver: Oracle JDBC driver  Version: 11.2.0.4.0
[EL Config]: connection: 2016-03-16 11:45:30.663--ServerSession(1784714969)--Connection(1551005347)--Thread(Thread[Test worker,5,main])--connecting(DatabaseLogin(
	platform=>Oracle11Platform
	user name=> "issuetracker"
	datasource URL=> "jdbc:oracle:thin:@localhost-ORACLE:1521:xe"
))
[EL Config]: connection: 2016-03-16 11:45:30.694--ServerSession(1784714969)--Connection(1590359743)--Thread(Thread[Test worker,5,main])--Connected: jdbc:oracle:thin:@localhost-ORACLE:1521:xe
	User: ISSUETRACKER
	Database: Oracle  Version: Oracle Database 11g Express Edition Release 11.2.0.2.0 - 64bit Production
	Driver: Oracle JDBC driver  Version: 11.2.0.4.0
[EL Config]: connection: 2016-03-16 11:45:30.696--ServerSession(1784714969)--Connection(1594730039)--Thread(Thread[Test worker,5,main])--connecting(DatabaseLogin(
	platform=>Oracle11Platform
	user name=> "issuetracker"
	datasource URL=> "jdbc:oracle:thin:@localhost-ORACLE:1521:xe"
))
[EL Config]: connection: 2016-03-16 11:45:30.729--ServerSession(1784714969)--Connection(2031850913)--Thread(Thread[Test worker,5,main])--Connected: jdbc:oracle:thin:@localhost-ORACLE:1521:xe
	User: ISSUETRACKER
	Database: Oracle  Version: Oracle Database 11g Express Edition Release 11.2.0.2.0 - 64bit Production
	Driver: Oracle JDBC driver  Version: 11.2.0.4.0
[EL Config]: connection: 2016-03-16 11:45:30.729--ServerSession(1784714969)--Connection(33340197)--Thread(Thread[Test worker,5,main])--connecting(DatabaseLogin(
	platform=>Oracle11Platform
	user name=> "issuetracker"
	datasource URL=> "jdbc:oracle:thin:@localhost-ORACLE:1521:xe"
))
[EL Config]: connection: 2016-03-16 11:45:30.761--ServerSession(1784714969)--Connection(2002942759)--Thread(Thread[Test worker,5,main])--Connected: jdbc:oracle:thin:@localhost-ORACLE:1521:xe
	User: ISSUETRACKER
	Database: Oracle  Version: Oracle Database 11g Express Edition Release 11.2.0.2.0 - 64bit Production
	Driver: Oracle JDBC driver  Version: 11.2.0.4.0
[EL Config]: connection: 2016-03-16 11:45:30.762--ServerSession(1784714969)--Connection(1652783788)--Thread(Thread[Test worker,5,main])--connecting(DatabaseLogin(
	platform=>Oracle11Platform
	user name=> "issuetracker"
	datasource URL=> "jdbc:oracle:thin:@localhost-ORACLE:1521:xe"
))
[EL Config]: connection: 2016-03-16 11:45:30.833--ServerSession(1784714969)--Connection(636150971)--Thread(Thread[Test worker,5,main])--Connected: jdbc:oracle:thin:@localhost-ORACLE:1521:xe
	User: ISSUETRACKER
	Database: Oracle  Version: Oracle Database 11g Express Edition Release 11.2.0.2.0 - 64bit Production
	Driver: Oracle JDBC driver  Version: 11.2.0.4.0
[EL Config]: connection: 2016-03-16 11:45:30.833--ServerSession(1784714969)--Connection(1615774831)--Thread(Thread[Test worker,5,main])--connecting(DatabaseLogin(
	platform=>Oracle11Platform
	user name=> "issuetracker"
	datasource URL=> "jdbc:oracle:thin:@localhost-ORACLE:1521:xe"
))
[EL Config]: connection: 2016-03-16 11:45:30.866--ServerSession(1784714969)--Connection(1396868302)--Thread(Thread[Test worker,5,main])--Connected: jdbc:oracle:thin:@localhost-ORACLE:1521:xe
	User: ISSUETRACKER
	Database: Oracle  Version: Oracle Database 11g Express Edition Release 11.2.0.2.0 - 64bit Production
	Driver: Oracle JDBC driver  Version: 11.2.0.4.0
[EL Config]: connection: 2016-03-16 11:45:30.866--ServerSession(1784714969)--Connection(851990465)--Thread(Thread[Test worker,5,main])--connecting(DatabaseLogin(
	platform=>Oracle11Platform
	user name=> "issuetracker"
	datasource URL=> "jdbc:oracle:thin:@localhost-ORACLE:1521:xe"
))
[EL Config]: connection: 2016-03-16 11:45:30.895--ServerSession(1784714969)--Connection(2130270706)--Thread(Thread[Test worker,5,main])--Connected: jdbc:oracle:thin:@localhost-ORACLE:1521:xe
	User: ISSUETRACKER
	Database: Oracle  Version: Oracle Database 11g Express Edition Release 11.2.0.2.0 - 64bit Production
	Driver: Oracle JDBC driver  Version: 11.2.0.4.0
[EL Config]: connection: 2016-03-16 11:45:30.895--ServerSession(1784714969)--Connection(612392958)--Thread(Thread[Test worker,5,main])--connecting(DatabaseLogin(
	platform=>Oracle11Platform
	user name=> "issuetracker"
	datasource URL=> "jdbc:oracle:thin:@localhost-ORACLE:1521:xe"
))
[EL Config]: connection: 2016-03-16 11:45:30.934--ServerSession(1784714969)--Connection(1746808682)--Thread(Thread[Test worker,5,main])--Connected: jdbc:oracle:thin:@localhost-ORACLE:1521:xe
	User: ISSUETRACKER
	Database: Oracle  Version: Oracle Database 11g Express Edition Release 11.2.0.2.0 - 64bit Production
	Driver: Oracle JDBC driver  Version: 11.2.0.4.0
[EL Config]: connection: 2016-03-16 11:45:30.935--ServerSession(1784714969)--Connection(1746808682)--Thread(Thread[Test worker,5,main])--disconnect
[EL Warning]: metadata: 2016-03-16 11:45:30.942--ServerSession(1784714969)--Thread(Thread[Test worker,5,main])--Reverting the lazy setting on the OneToOne or ManyToOne attribute [issueWorkflow] for the entity class [class issuetracker.app.shared.issuetrackerboundedcontext.issuetracker.IssueHeaders] since weaving was not enabled or did not occur.
[EL Warning]: metadata: 2016-03-16 11:45:30.943--ServerSession(1784714969)--Thread(Thread[Test worker,5,main])--Reverting the lazy setting on the OneToOne or ManyToOne attribute [createProject] for the entity class [class issuetracker.app.shared.issuetrackerboundedcontext.projectmanager.ProjectUserMapping] since weaving was not enabled or did not occur.
[EL Warning]: metadata: 2016-03-16 11:45:30.945--ServerSession(1784714969)--Thread(Thread[Test worker,5,main])--Reverting the lazy setting on the OneToOne or ManyToOne attribute [userData] for the entity class [class issuetracker.app.shared.aaaboundedcontext.authentication.User] since weaving was not enabled or did not occur.
[EL Warning]: metadata: 2016-03-16 11:45:30.946--ServerSession(1784714969)--Thread(Thread[Test worker,5,main])--Reverting the lazy setting on the OneToOne or ManyToOne attribute [projectFeature] for the entity class [class issuetracker.app.shared.issuetrackerboundedcontext.projectmanager.FeatureUserMapping] since weaving was not enabled or did not occur.
[EL Warning]: metadata: 2016-03-16 11:45:30.946--ServerSession(1784714969)--Thread(Thread[Test worker,5,main])--Reverting the lazy setting on the OneToOne or ManyToOne attribute [coreContacts] for the entity class [class issuetracker.app.shared.aaaboundedcontext.authentication.Login] since weaving was not enabled or did not occur.
[EL Warning]: metadata: 2016-03-16 11:45:30.946--ServerSession(1784714969)--Thread(Thread[Test worker,5,main])--Reverting the lazy setting on the OneToOne or ManyToOne attribute [user] for the entity class [class issuetracker.app.shared.aaaboundedcontext.authentication.Login] since weaving was not enabled or did not occur.
[EL Warning]: metadata: 2016-03-16 11:45:30.946--ServerSession(1784714969)--Thread(Thread[Test worker,5,main])--Reverting the lazy setting on the OneToOne or ManyToOne attribute [issueWorkflow] for the entity class [class issuetracker.app.shared.issuetrackerboundedcontext.issuetracker.AddWatchers] since weaving was not enabled or did not occur.
[EL Warning]: metadata: 2016-03-16 11:45:30.947--ServerSession(1784714969)--Thread(Thread[Test worker,5,main])--Reverting the lazy setting on the OneToOne or ManyToOne attribute [issueHeaders] for the entity class [class issuetracker.app.shared.issuetrackerboundedcontext.issuetracker.IssueWorkflow] since weaving was not enabled or did not occur.
[EL Warning]: metadata: 2016-03-16 11:45:30.947--ServerSession(1784714969)--Thread(Thread[Test worker,5,main])--Reverting the lazy setting on the OneToOne or ManyToOne attribute [issueAssignment] for the entity class [class issuetracker.app.shared.issuetrackerboundedcontext.issuetracker.IssueWorkflow] since weaving was not enabled or did not occur.
[EL Warning]: metadata: 2016-03-16 11:45:30.947--ServerSession(1784714969)--Thread(Thread[Test worker,5,main])--Reverting the lazy setting on the OneToOne or ManyToOne attribute [user] for the entity class [class issuetracker.app.shared.aaaboundedcontext.authentication.UserData] since weaving was not enabled or did not occur.
[EL Warning]: metadata: 2016-03-16 11:45:30.949--ServerSession(1784714969)--Thread(Thread[Test worker,5,main])--Reverting the lazy setting on the OneToOne or ManyToOne attribute [projectModule] for the entity class [class issuetracker.app.shared.issuetrackerboundedcontext.projectmanager.ModuleUserMapping] since weaving was not enabled or did not occur.
[EL Warning]: metadata: 2016-03-16 11:45:30.95--ServerSession(1784714969)--Thread(Thread[Test worker,5,main])--Reverting the lazy setting on the OneToOne or ManyToOne attribute [issueWorkflow] for the entity class [class issuetracker.app.shared.issuetrackerboundedcontext.issuetracker.IssueAssignment] since weaving was not enabled or did not occur.
[EL Warning]: metadata: 2016-03-16 11:45:30.952--ServerSession(1784714969)--Thread(Thread[Test worker,5,main])--Reverting the lazy setting on the OneToOne or ManyToOne attribute [timezone] for the entity class [class issuetracker.app.shared.organizationboundedcontext.contacts.CoreContacts] since weaving was not enabled or did not occur.
[EL Warning]: metadata: 2016-03-16 11:45:30.953--ServerSession(1784714969)--Thread(Thread[Test worker,5,main])--Reverting the lazy setting on the OneToOne or ManyToOne attribute [user] for the entity class [class issuetracker.app.shared.aaaboundedcontext.authentication.PassRecovery] since weaving was not enabled or did not occur.
[EL Info]: connection: 2016-03-16 11:45:31.227--ServerSession(1784714969)--Thread(Thread[Test worker,5,main])--file:/home/applifire/workspace/issuetracker/build/resources/main_issuetracker login successful
[EL Fine]: sql: 2016-03-16 11:45:37.917--ClientSession(1578121415)--Connection(2130270706)--Thread(Thread[Test worker,5,main])--SELECT query_id, active_status, app_creator_id, created_by, created_date, hidden_name, jpql_query, name, project_id, project_version_id, query_json, query_type, sql_query, updated_by, updated_date, user_access, version_id FROM art_query WHERE ((active_status = ?) AND (sql_query IS NULL))
	bind => [true]
[EL Config]: connection: 2016-03-16 11:45:37.943--ServerSession(1784714969)--Connection(2130270706)--Thread(Thread[Test worker,5,main])--disconnect
Setting logged in user info for ADD
[EL Fine]: sql: 2016-03-16 11:45:44.528--ClientSession(42084656)--Connection(1396868302)--Thread(Thread[Test worker,5,main])--INSERT INTO ast_Timezone_M (timeZoneId, cities, country, gmtLabel, timeZoneLabel, utcdifference, versionId, createdBy, createdDate, updatedBy, updatedDate, activeStatus, txnAccessCode) VALUES (?, ?, ?, ?, ?, ?, ?, ?, ?, ?, ?, ?, ?)
	bind => [52875266-403C-46B4-9C0B-565201153060, 7KI8c0K3hFdMHEuaen4u17iLvk1Xf1ohM6lo93kPtNW6pOtT8A, nplGGZ8ByZX78N4DOr2ByJ5i0igsmNZJAvg0kMBsdgge4Hci23, FOLyr8n0n7QRhxSOf7Zc5qH1guJ8ksrAoKLiaIFBxuBe0ZGKNF, 2JkAGMJ7l7KEdpj3zVVO9pRunA3TJ44XLI4mQooYjXGFWbZGke, 9, 1, AAAAA, 2016-03-16 11:45:44.319, null, 2016-03-16 11:45:44.319, 1, 51000]
[EL Config]: connection: 2016-03-16 11:45:44.561--ServerSession(1784714969)--Connection(1396868302)--Thread(Thread[Test worker,5,main])--disconnect
[EL Fine]: sql: 2016-03-16 11:45:44.599--ClientSession(113205813)--Connection(636150971)--Thread(Thread[Test worker,5,main])--SELECT timeZoneId, cities, country, gmtLabel, timeZoneLabel, utcdifference, versionId, createdBy, createdDate, updatedBy, updatedDate, activeStatus, txnAccessCode FROM ast_Timezone_M WHERE ((activeStatus = ?) AND (timeZoneId = ?))
	bind => [1, 52875266-403C-46B4-9C0B-565201153060]
[EL Config]: connection: 2016-03-16 11:45:44.608--ServerSession(1784714969)--Connection(636150971)--Thread(Thread[Test worker,5,main])--disconnect
Setting logged in user info for UPDATE
[EL Fine]: sql: 2016-03-16 11:45:44.621--ClientSession(634093748)--Connection(2002942759)--Thread(Thread[Test worker,5,main])--SELECT timeZoneId, cities, country, gmtLabel, timeZoneLabel, utcdifference, versionId, createdBy, createdDate, updatedBy, updatedDate, activeStatus, txnAccessCode FROM ast_Timezone_M WHERE (timeZoneId = ?)
	bind => [52875266-403C-46B4-9C0B-565201153060]
[EL Fine]: sql: 2016-03-16 11:45:44.629--ClientSession(634093748)--Connection(2002942759)--Thread(Thread[Test worker,5,main])--UPDATE ast_Timezone_M SET cities = ?, country = ?, gmtLabel = ?, timeZoneLabel = ?, utcdifference = ?, updatedBy = ?, versionId = ? WHERE ((timeZoneId = ?) AND (versionId = ?))
	bind => [T6B7JD1MryPX7GI8xhokGyS9VZI8TPzqegPVY68BsP0Dso8WGV, Kft7wle60OUecOpuGMdLajM79uNjxaQZekg3cCfbmX5LgsXAlk, FDWfRCfFAUbLI8cm5bgNSldva6gtAAQSIumECAd4HRp8ObpOh1, Pj86YhME3BgWj8mR8C3XNOv4iFUX3bDqpe5h2MbZx35JOuW9EE, 6, AAAAA, 2, 52875266-403C-46B4-9C0B-565201153060, 1]
[EL Config]: connection: 2016-03-16 11:45:44.706--ServerSession(1784714969)--Connection(2002942759)--Thread(Thread[Test worker,5,main])--disconnect
[EL Fine]: sql: 2016-03-16 11:45:44.741--ClientSession(1950382984)--Connection(2031850913)--Thread(Thread[Test worker,5,main])--SELECT timeZoneId, cities, country, gmtLabel, timeZoneLabel, utcdifference, versionId, createdBy, createdDate, updatedBy, updatedDate, activeStatus, txnAccessCode FROM ast_Timezone_M WHERE ((activeStatus = ?) AND (timeZoneId = ?))
	bind => [1, 52875266-403C-46B4-9C0B-565201153060]
[EL Config]: connection: 2016-03-16 11:45:44.744--ServerSession(1784714969)--Connection(2031850913)--Thread(Thread[Test worker,5,main])--disconnect
[EL Fine]: sql: 2016-03-16 11:45:44.764--ClientSession(845862419)--Connection(1590359743)--Thread(Thread[Test worker,5,main])--SELECT timeZoneId, cities, country, gmtLabel, timeZoneLabel, utcdifference, versionId, createdBy, createdDate, updatedBy, updatedDate, activeStatus, txnAccessCode FROM ast_Timezone_M WHERE (timeZoneId = ?)
	bind => [52875266-403C-46B4-9C0B-565201153060]
[EL Fine]: sql: 2016-03-16 11:45:44.767--ClientSession(845862419)--Connection(1590359743)--Thread(Thread[Test worker,5,main])--DELETE FROM ast_Timezone_M WHERE ((timeZoneId = ?) AND (versionId = ?))
	bind => [52875266-403C-46B4-9C0B-565201153060, 2]
[EL Config]: connection: 2016-03-16 11:45:44.809--ServerSession(1784714969)--Connection(1590359743)--Thread(Thread[Test worker,5,main])--disconnect
]]></system-out>
  <system-err><![CDATA[log4j:WARN No appenders could be found for logger (org.springframework.test.context.junit4.SpringJUnit4ClassRunner).
log4j:WARN Please initialize the log4j system properly.
log4j:WARN See http://logging.apache.org/log4j/1.2/faq.html#noconfig for more info.
issuetracker.app.shared.organizationboundedcontext.location.Timezone.utcdifference may not be null
com.athena.framework.server.exception.biz.SpartanConstraintViolationException: Exception in validating entity /issuetracker.app.shared.organizationboundedcontext.location.Timezone.utcdifference may not be null

	at com.athena.framework.server.helper.EntityValidatorHelper.validateEntity(EntityValidatorHelper.java:28)
	at issuetracker.app.shared.organizationboundedcontext.location.Timezone.isValid(Timezone.java:195)
	at issuetracker.app.server.service.organizationboundedcontext.location.TimezoneTestCase.validateTimezone(TimezoneTestCase.java:178)
	at issuetracker.app.server.service.organizationboundedcontext.location.TimezoneTestCase.test5NegativeTesting(TimezoneTestCase.java:208)
	at sun.reflect.NativeMethodAccessorImpl.invoke0(Native Method)
	at sun.reflect.NativeMethodAccessorImpl.invoke(NativeMethodAccessorImpl.java:57)
	at sun.reflect.DelegatingMethodAccessorImpl.invoke(DelegatingMethodAccessorImpl.java:43)
	at java.lang.reflect.Method.invoke(Method.java:606)
	at org.junit.runners.model.FrameworkMethod$1.runReflectiveCall(FrameworkMethod.java:47)
	at org.junit.internal.runners.model.ReflectiveCallable.run(ReflectiveCallable.java:12)
	at org.junit.runners.model.FrameworkMethod.invokeExplosively(FrameworkMethod.java:44)
	at org.junit.internal.runners.statements.InvokeMethod.evaluate(InvokeMethod.java:17)
	at org.junit.internal.runners.statements.RunBefores.evaluate(RunBefores.java:26)
	at org.springframework.test.context.junit4.statements.RunBeforeTestMethodCallbacks.evaluate(RunBeforeTestMethodCallbacks.java:74)
	at org.junit.internal.runners.statements.RunAfters.evaluate(RunAfters.java:27)
	at org.springframework.test.context.junit4.statements.RunAfterTestMethodCallbacks.evaluate(RunAfterTestMethodCallbacks.java:83)
	at org.springframework.test.context.junit4.statements.SpringRepeat.evaluate(SpringRepeat.java:72)
	at org.springframework.test.context.junit4.SpringJUnit4ClassRunner.runChild(SpringJUnit4ClassRunner.java:233)
	at org.springframework.test.context.junit4.SpringJUnit4ClassRunner.runChild(SpringJUnit4ClassRunner.java:87)
[...]
	at issuetracker.app.server.service.organizationboundedcontext.location.TimezoneTestCase.test5NegativeTesting(TimezoneTestCase.java:218)
	at sun.reflect.NativeMethodAccessorImpl.invoke0(Native Method)
	at sun.reflect.NativeMethodAccessorImpl.invoke(NativeMethodAccessorImpl.java:57)
	at sun.reflect.DelegatingMethodAccessorImpl.invoke(DelegatingMethodAccessorImpl.java:43)
	at java.lang.reflect.Method.invoke(Method.java:606)
	at org.junit.runners.model.FrameworkMethod$1.runReflectiveCall(FrameworkMethod.java:47)
	at org.junit.internal.runners.model.ReflectiveCallable.run(ReflectiveCallable.java:12)
	at org.junit.runners.model.FrameworkMethod.invokeExplosively(FrameworkMethod.java:44)
	at org.junit.internal.runners.statements.InvokeMethod.evaluate(InvokeMethod.java:17)
	at org.junit.internal.runners.statements.RunBefores.evaluate(RunBefores.java:26)
	at org.springframework.test.context.junit4.statements.RunBeforeTestMethodCallbacks.evaluate(RunBeforeTestMethodCallbacks.java:74)
	at org.junit.internal.runners.statements.RunAfters.evaluate(RunAfters.java:27)
	at org.springframework.test.context.junit4.statements.RunAfterTestMethodCallbacks.evaluate(RunAfterTestMethodCallbacks.java:83)
	at org.springframework.test.context.junit4.statements.SpringRepeat.evaluate(SpringRepeat.java:72)
	at org.springframework.test.context.junit4.SpringJUnit4ClassRunner.runChild(SpringJUnit4ClassRunner.java:233)
	at org.springframework.test.context.junit4.SpringJUnit4ClassRunner.runChild(SpringJUnit4ClassRunner.java:87)
	at org.junit.runners.ParentRunner$3.run(ParentRunner.java:238)
	at org.junit.runners.ParentRunner$1.schedule(ParentRunner.java:63)
	at org.junit.runners.ParentRunner.runChildren(ParentRunner.java:236)
	at org.junit.runners.ParentRunner.access$000(ParentRunner.java:53)
	at org.junit.runners.ParentRunner$2.evaluate(ParentRunner.java:229)
	at org.springframework.test.context.junit4.statements.RunBeforeTestClassCallbacks.evaluate(RunBeforeTestClassCallbacks.java:61)
	at org.springframework.test.context.junit4.statements.RunAfterTestClassCallbacks.evaluate(RunAfterTestClassCallbacks.java:71)
	at org.junit.runners.ParentRunner.run(ParentRunner.java:309)
	at org.springframework.test.context.junit4.SpringJUnit4ClassRunner.run(SpringJUnit4ClassRunner.java:176)
	at org.gradle.api.internal.tasks.testing.junit.JUnitTestClassExecuter.runTestClass(JUnitTestClassExecuter.java:86)
	at org.gradle.api.internal.tasks.testing.junit.JUnitTestClassExecuter.execute(JUnitTestClassExecuter.java:49)
	at org.gradle.api.internal.tasks.testing.junit.JUnitTestClassProcessor.processTestClass(JUnitTestClassProcessor.java:64)
	at org.gradle.api.internal.tasks.testing.SuiteTestClassProcessor.processTestClass(SuiteTestClassProcessor.java:50)
	at sun.reflect.NativeMethodAccessorImpl.invoke0(Native Method)
	at sun.reflect.NativeMethodAccessorImpl.invoke(NativeMethodAccessorImpl.java:57)
	at sun.reflect.DelegatingMethodAccessorImpl.invoke(DelegatingMethodAccessorImpl.java:43)
	at java.lang.reflect.Method.invoke(Method.java:606)
	at org.gradle.messaging.dispatch.ReflectionDispatch.dispatch(ReflectionDispatch.java:35)
	at org.gradle.messaging.dispatch.ReflectionDispatch.dispatch(ReflectionDispatch.java:24)
	at org.gradle.messaging.dispatch.ContextClassLoaderDispatch.dispatch(ContextClassLoaderDispatch.java:32)
	at org.gradle.messaging.dispatch.ProxyDispatchAdapter$DispatchingInvocationHandler.invoke(ProxyDispatchAdapter.java:93)
	at com.sun.proxy.$Proxy2.processTestClass(Unknown Source)
	at org.gradle.api.internal.tasks.testing.worker.TestWorker.processTestClass(TestWorker.java:106)
	at sun.reflect.NativeMethodAccessorImpl.invoke0(Native Method)
	at sun.reflect.NativeMethodAccessorImpl.invoke(NativeMethodAccessorImpl.java:57)
	at sun.reflect.DelegatingMethodAccessorImpl.invoke(DelegatingMethodAccessorImpl.java:43)
	at java.lang.reflect.Method.invoke(Method.java:606)
	at org.gradle.messaging.dispatch.ReflectionDispatch.dispatch(ReflectionDispatch.java:35)
	at org.gradle.messaging.dispatch.ReflectionDispatch.dispatch(ReflectionDispatch.java:24)
	at org.gradle.messaging.remote.internal.hub.MessageHub$Handler.run(MessageHub.java:360)
	at org.gradle.internal.concurrent.DefaultExecutorFactory$StoppableExecutorImpl$1.run(DefaultExecutorFactory.java:64)
	at java.util.concurrent.ThreadPoolExecutor.runWorker(ThreadPoolExecutor.java:1145)
	at java.util.concurrent.ThreadPoolExecutor$Worker.run(ThreadPoolExecutor.java:615)
	at java.lang.Thread.run(Thread.java:745)
issuetracker.app.shared.organizationboundedcontext.location.Timezone.timeZoneLabel size must be between 0 and 256
com.athena.framework.server.exception.biz.SpartanConstraintViolationException: Exception in validating entity /issuetracker.app.shared.organizationboundedcontext.location.Timezone.timeZoneLabel size must be between 0 and 256

	at com.athena.framework.server.helper.EntityValidatorHelper.validateEntity(EntityValidatorHelper.java:28)
	at issuetracker.app.shared.organizationboundedcontext.location.Timezone.isValid(Timezone.java:195)
	at issuetracker.app.server.service.organizationboundedcontext.location.TimezoneTestCase.validateTimezone(TimezoneTestCase.java:176)
	at issuetracker.app.server.service.organizationboundedcontext.location.TimezoneTestCase.test5NegativeTesting(TimezoneTestCase.java:223)
	at sun.reflect.NativeMethodAccessorImpl.invoke0(Native Method)
	at sun.reflect.NativeMethodAccessorImpl.invoke(NativeMethodAccessorImpl.java:57)
	at sun.reflect.DelegatingMethodAccessorImpl.invoke(DelegatingMethodAccessorImpl.java:43)
	at java.lang.reflect.Method.invoke(Method.java:606)
	at org.junit.runners.model.FrameworkMethod$1.runReflectiveCall(FrameworkMethod.java:47)
	at org.junit.internal.runners.model.ReflectiveCallable.run(ReflectiveCallable.java:12)
	at org.junit.runners.model.FrameworkMethod.invokeExplosively(FrameworkMethod.java:44)
	at org.junit.internal.runners.statements.InvokeMethod.evaluate(InvokeMethod.java:17)
	at org.junit.internal.runners.statements.RunBefores.evaluate(RunBefores.java:26)
	at org.springframework.test.context.junit4.statements.RunBeforeTestMethodCallbacks.evaluate(RunBeforeTestMethodCallbacks.java:74)
	at org.junit.internal.runners.statements.RunAfters.evaluate(RunAfters.java:27)
	at org.springframework.test.context.junit4.statements.RunAfterTestMethodCallbacks.evaluate(RunAfterTestMethodCallbacks.java:83)
	at org.springframework.test.context.junit4.statements.SpringRepeat.evaluate(SpringRepeat.java:72)
	at org.springframework.test.context.junit4.SpringJUnit4ClassRunner.runChild(SpringJUnit4ClassRunner.java:233)
	at org.springframework.test.context.junit4.SpringJUnit4ClassRunner.runChild(SpringJUnit4ClassRunner.java:87)
	at org.junit.runners.ParentRunner$3.run(ParentRunner.java:238)
	at org.junit.runners.ParentRunner$1.schedule(ParentRunner.java:63)
	at org.junit.runners.ParentRunner.runChildren(ParentRunner.java:236)
	at org.junit.runners.ParentRunner.access$000(ParentRunner.java:53)
	at org.junit.runners.ParentRunner$2.evaluate(ParentRunner.java:229)
	at org.springframework.test.context.junit4.statements.RunBeforeTestClassCallbacks.evaluate(RunBeforeTestClassCallbacks.java:61)
	at org.springframework.test.context.junit4.statements.RunAfterTestClassCallbacks.evaluate(RunAfterTestClassCallbacks.java:71)
	at org.junit.runners.ParentRunner.run(ParentRunner.java:309)
	at org.springframework.test.context.junit4.SpringJUnit4ClassRunner.run(SpringJUnit4ClassRunner.java:176)
	at org.gradle.api.internal.tasks.testing.junit.JUnitTestClassExecuter.runTestClass(JUnitTestClassExecuter.java:86)
	at org.gradle.api.internal.tasks.testing.junit.JUnitTestClassExecuter.execute(JUnitTestClassExecuter.java:49)
	at org.gradle.api.internal.tasks.testing.junit.JUnitTestClassProcessor.processTestClass(JUnitTestClassProcessor.java:64)
	at org.gradle.api.internal.tasks.testing.SuiteTestClassProcessor.processTestClass(SuiteTestClassProcessor.java:50)
	at sun.reflect.NativeMethodAccessorImpl.invoke0(Native Method)
	at sun.reflect.NativeMethodAccessorImpl.invoke(NativeMethodAccessorImpl.java:57)
	at sun.reflect.DelegatingMethodAccessorImpl.invoke(DelegatingMethodAccessorImpl.java:43)
	at java.lang.reflect.Method.invoke(Method.java:606)
	at org.gradle.messaging.dispatch.ReflectionDispatch.dispatch(ReflectionDispatch.java:35)
	at org.gradle.messaging.dispatch.ReflectionDispatch.dispatch(ReflectionDispatch.java:24)
	at org.gradle.messaging.dispatch.ContextClassLoaderDispatch.dispatch(ContextClassLoaderDispatch.java:32)
	at org.gradle.messaging.dispatch.ProxyDispatchAdapter$DispatchingInvocationHandler.invoke(ProxyDispatchAdapter.java:93)
	at com.sun.proxy.$Proxy2.processTestClass(Unknown Source)
	at org.gradle.api.internal.tasks.testing.worker.TestWorker.processTestClass(TestWorker.java:106)
	at sun.reflect.NativeMethodAccessorImpl.invoke0(Native Method)
	at sun.reflect.NativeMethodAccessorImpl.invoke(NativeMethodAccessorImpl.java:57)
	at sun.reflect.DelegatingMethodAccessorImpl.invoke(DelegatingMethodAccessorImpl.java:43)
	at java.lang.reflect.Method.invoke(Method.java:606)
	at org.gradle.messaging.dispatch.ReflectionDispatch.dispatch(ReflectionDispatch.java:35)
	at org.gradle.messaging.dispatch.ReflectionDispatch.dispatch(ReflectionDispatch.java:24)
	at org.gradle.messaging.remote.internal.hub.MessageHub$Handler.run(MessageHub.java:360)
	at org.gradle.internal.concurrent.DefaultExecutorFactory$StoppableExecutorImpl$1.run(DefaultExecutorFactory.java:64)
	at java.util.concurrent.ThreadPoolExecutor.runWorker(ThreadPoolExecutor.java:1145)
	at java.util.concurrent.ThreadPoolExecutor$Worker.run(ThreadPoolExecutor.java:615)
	at java.lang.Thread.run(Thread.java:745)
issuetracker.app.shared.organizationboundedcontext.location.Timezone.country size must be between 0 and 256
com.athena.framework.server.exception.biz.SpartanConstraintViolationException: Exception in validating entity /issuetracker.app.shared.organizationboundedcontext.location.Timezone.country size must be between 0 and 256

	at com.athena.framework.server.helper.EntityValidatorHelper.validateEntity(EntityValidatorHelper.java:28)
	at issuetracker.app.shared.organizationboundedcontext.location.Timezone.isValid(Timezone.java:195)
	at issuetracker.app.server.service.organizationboundedcontext.location.TimezoneTestCase.validateTimezone(TimezoneTestCase.java:176)
	at issuetracker.app.server.service.organizationboundedcontext.location.TimezoneTestCase.test5NegativeTesting(TimezoneTestCase.java:228)
	at sun.reflect.NativeMethodAccessorImpl.invoke0(Native Method)
	at sun.reflect.NativeMethodAccessorImpl.invoke(NativeMethodAccessorImpl.java:57)
	at sun.reflect.DelegatingMethodAccessorImpl.invoke(DelegatingMethodAccessorImpl.java:43)
	at java.lang.reflect.Method.invoke(Method.java:606)
	at org.junit.runners.model.FrameworkMethod$1.runReflectiveCall(FrameworkMethod.java:47)
	at org.junit.internal.runners.model.ReflectiveCallable.run(ReflectiveCallable.java:12)
	at org.junit.runners.model.FrameworkMethod.invokeExplosively(FrameworkMethod.java:44)
	at org.junit.internal.runners.statements.InvokeMethod.evaluate(InvokeMethod.java:17)
	at org.junit.internal.runners.statements.RunBefores.evaluate(RunBefores.java:26)
	at org.springframework.test.context.junit4.statements.RunBeforeTestMethodCallbacks.evaluate(RunBeforeTestMethodCallbacks.java:74)
	at org.junit.internal.runners.statements.RunAfters.evaluate(RunAfters.java:27)
	at org.springframework.test.context.junit4.statements.RunAfterTestMethodCallbacks.evaluate(RunAfterTestMethodCallbacks.java:83)
	at org.springframework.test.context.junit4.statements.SpringRepeat.evaluate(SpringRepeat.java:72)
	at org.springframework.test.context.junit4.SpringJUnit4ClassRunner.runChild(SpringJUnit4ClassRunner.java:233)
	at org.springframework.test.context.junit4.SpringJUnit4ClassRunner.runChild(SpringJUnit4ClassRunner.java:87)
	at org.junit.runners.ParentRunner$3.run(ParentRunner.java:238)
	at org.junit.runners.ParentRunner$1.schedule(ParentRunner.java:63)
	at org.junit.runners.ParentRunner.runChildren(ParentRunner.java:236)
	at org.junit.runners.ParentRunner.access$000(ParentRunner.java:53)
	at org.junit.runners.ParentRunner$2.evaluate(ParentRunner.java:229)
	at org.springframework.test.context.junit4.statements.RunBeforeTestClassCallbacks.evaluate(RunBeforeTestClassCallbacks.java:61)
	at org.springframework.test.context.junit4.statements.RunAfterTestClassCallbacks.evaluate(RunAfterTestClassCallbacks.java:71)
	at org.junit.runners.ParentRunner.run(ParentRunner.java:309)
	at org.springframework.test.context.junit4.SpringJUnit4ClassRunner.run(SpringJUnit4ClassRunner.java:176)
	at org.gradle.api.internal.tasks.testing.junit.JUnitTestClassExecuter.runTestClass(JUnitTestClassExecuter.java:86)
	at org.gradle.api.internal.tasks.testing.junit.JUnitTestClassExecuter.execute(JUnitTestClassExecuter.java:49)
	at org.gradle.api.internal.tasks.testing.junit.JUnitTestClassProcessor.processTestClass(JUnitTestClassProcessor.java:64)
	at org.gradle.api.internal.tasks.testing.SuiteTestClassProcessor.processTestClass(SuiteTestClassProcessor.java:50)
	at sun.reflect.NativeMethodAccessorImpl.invoke0(Native Method)
	at sun.reflect.NativeMethodAccessorImpl.invoke(NativeMethodAccessorImpl.java:57)
	at sun.reflect.DelegatingMethodAccessorImpl.invoke(DelegatingMethodAccessorImpl.java:43)
	at java.lang.reflect.Method.invoke(Method.java:606)
	at org.gradle.messaging.dispatch.ReflectionDispatch.dispatch(ReflectionDispatch.java:35)
	at org.gradle.messaging.dispatch.ReflectionDispatch.dispatch(ReflectionDispatch.java:24)
	at org.gradle.messaging.dispatch.ContextClassLoaderDispatch.dispatch(ContextClassLoaderDispatch.java:32)
	at org.gradle.messaging.dispatch.ProxyDispatchAdapter$DispatchingInvocationHandler.invoke(ProxyDispatchAdapter.java:93)
	at com.sun.proxy.$Proxy2.processTestClass(Unknown Source)
	at org.gradle.api.internal.tasks.testing.worker.TestWorker.processTestClass(TestWorker.java:106)
	at sun.reflect.NativeMethodAccessorImpl.invoke0(Native Method)
	at sun.reflect.NativeMethodAccessorImpl.invoke(NativeMethodAccessorImpl.java:57)
	at sun.reflect.DelegatingMethodAccessorImpl.invoke(DelegatingMethodAccessorImpl.java:43)
	at java.lang.reflect.Method.invoke(Method.java:606)
	at org.gradle.messaging.dispatch.ReflectionDispatch.dispatch(ReflectionDispatch.java:35)
	at org.gradle.messaging.dispatch.ReflectionDispatch.dispatch(ReflectionDispatch.java:24)
	at org.gradle.messaging.remote.internal.hub.MessageHub$Handler.run(MessageHub.java:360)
	at org.gradle.internal.concurrent.DefaultExecutorFactory$StoppableExecutorImpl$1.run(DefaultExecutorFactory.java:64)
	at java.util.concurrent.ThreadPoolExecutor.runWorker(ThreadPoolExecutor.java:1145)
	at java.util.concurrent.ThreadPoolExecutor$Worker.run(ThreadPoolExecutor.java:615)
	at java.lang.Thread.run(Thread.java:745)
issuetracker.app.shared.organizationboundedcontext.location.Timezone.cities size must be between 0 and 256
com.athena.framework.server.exception.biz.SpartanConstraintViolationException: Exception in validating entity /issuetracker.app.shared.organizationboundedcontext.location.Timezone.cities size must be between 0 and 256

	at com.athena.framework.server.helper.EntityValidatorHelper.validateEntity(EntityValidatorHelper.java:28)
	at issuetracker.app.shared.organizationboundedcontext.location.Timezone.isValid(Timezone.java:195)
	at issuetracker.app.server.service.organizationboundedcontext.location.TimezoneTestCase.validateTimezone(TimezoneTestCase.java:176)
	at issuetracker.app.server.service.organizationboundedcontext.location.TimezoneTestCase.test5NegativeTesting(TimezoneTestCase.java:233)
	at sun.reflect.NativeMethodAccessorImpl.invoke0(Native Method)
	at sun.reflect.NativeMethodAccessorImpl.invoke(NativeMethodAccessorImpl.java:57)
	at sun.reflect.DelegatingMethodAccessorImpl.invoke(DelegatingMethodAccessorImpl.java:43)
	at java.lang.reflect.Method.invoke(Method.java:606)
	at org.junit.runners.model.FrameworkMethod$1.runReflectiveCall(FrameworkMethod.java:47)
	at org.junit.internal.runners.model.ReflectiveCallable.run(ReflectiveCallable.java:12)
	at org.junit.runners.model.FrameworkMethod.invokeExplosively(FrameworkMethod.java:44)
	at org.junit.internal.runners.statements.InvokeMethod.evaluate(InvokeMethod.java:17)
	at org.junit.internal.runners.statements.RunBefores.evaluate(RunBefores.java:26)
	at org.springframework.test.context.junit4.statements.RunBeforeTestMethodCallbacks.evaluate(RunBeforeTestMethodCallbacks.java:74)
	at org.junit.internal.runners.statements.RunAfters.evaluate(RunAfters.java:27)
	at org.springframework.test.context.junit4.statements.RunAfterTestMethodCallbacks.evaluate(RunAfterTestMethodCallbacks.java:83)
	at org.springframework.test.context.junit4.statements.SpringRepeat.evaluate(SpringRepeat.java:72)
	at org.springframework.test.context.junit4.SpringJUnit4ClassRunner.runChild(SpringJUnit4ClassRunner.java:233)
	at org.springframework.test.context.junit4.SpringJUnit4ClassRunner.runChild(SpringJUnit4ClassRunner.java:87)
	at org.junit.runners.ParentRunner$3.run(ParentRunner.java:238)
	at org.junit.runners.ParentRunner$1.schedule(ParentRunner.java:63)
	at org.junit.runners.ParentRunner.runChildren(ParentRunner.java:236)
	at org.junit.runners.ParentRunner.access$000(ParentRunner.java:53)
	at org.junit.runners.ParentRunner$2.evaluate(ParentRunner.java:229)
	at org.springframework.test.context.junit4.statements.RunBeforeTestClassCallbacks.evaluate(RunBeforeTestClassCallbacks.java:61)
	at org.springframework.test.context.junit4.statements.RunAfterTestClassCallbacks.evaluate(RunAfterTestClassCallbacks.java:71)
	at org.junit.runners.ParentRunner.run(ParentRunner.java:309)
	at org.springframework.test.context.junit4.SpringJUnit4ClassRunner.run(SpringJUnit4ClassRunner.java:176)
	at org.gradle.api.internal.tasks.testing.junit.JUnitTestClassExecuter.runTestClass(JUnitTestClassExecuter.java:86)
	at org.gradle.api.internal.tasks.testing.junit.JUnitTestClassExecuter.execute(JUnitTestClassExecuter.java:49)
	at org.gradle.api.internal.tasks.testing.junit.JUnitTestClassProcessor.processTestClass(JUnitTestClassProcessor.java:64)
	at org.gradle.api.internal.tasks.testing.SuiteTestClassProcessor.processTestClass(SuiteTestClassProcessor.java:50)
	at sun.reflect.NativeMethodAccessorImpl.invoke0(Native Method)
	at sun.reflect.NativeMethodAccessorImpl.invoke(NativeMethodAccessorImpl.java:57)
	at sun.reflect.DelegatingMethodAccessorImpl.invoke(DelegatingMethodAccessorImpl.java:43)
	at java.lang.reflect.Method.invoke(Method.java:606)
	at org.gradle.messaging.dispatch.ReflectionDispatch.dispatch(ReflectionDispatch.java:35)
	at org.gradle.messaging.dispatch.ReflectionDispatch.dispatch(ReflectionDispatch.java:24)
	at org.gradle.messaging.dispatch.ContextClassLoaderDispatch.dispatch(ContextClassLoaderDispatch.java:32)
	at org.gradle.messaging.dispatch.ProxyDispatchAdapter$DispatchingInvocationHandler.invoke(ProxyDispatchAdapter.java:93)
	at com.sun.proxy.$Proxy2.processTestClass(Unknown Source)
	at org.gradle.api.internal.tasks.testing.worker.TestWorker.processTestClass(TestWorker.java:106)
	at sun.reflect.NativeMethodAccessorImpl.invoke0(Native Method)
	at sun.reflect.NativeMethodAccessorImpl.invoke(NativeMethodAccessorImpl.java:57)
	at sun.reflect.DelegatingMethodAccessorImpl.invoke(DelegatingMethodAccessorImpl.java:43)
	at java.lang.reflect.Method.invoke(Method.java:606)
	at org.gradle.messaging.dispatch.ReflectionDispatch.dispatch(ReflectionDispatch.java:35)
	at org.gradle.messaging.dispatch.ReflectionDispatch.dispatch(ReflectionDispatch.java:24)
	at org.gradle.messaging.remote.internal.hub.MessageHub$Handler.run(MessageHub.java:360)
	at org.gradle.internal.concurrent.DefaultExecutorFactory$StoppableExecutorImpl$1.run(DefaultExecutorFactory.java:64)
	at java.util.concurrent.ThreadPoolExecutor.runWorker(ThreadPoolExecutor.java:1145)
	at java.util.concurrent.ThreadPoolExecutor$Worker.run(ThreadPoolExecutor.java:615)
	at java.lang.Thread.run(Thread.java:745)
]]></system-err>
</testsuite>
