<?xml version="1.0" encoding="UTF-8"?>
<testsuite name="issuetracker.app.server.service.aaaboundedcontext.authentication.UserTestCase" tests="5" skipped="0" failures="0" errors="0" timestamp="2016-03-16T11:46:52" hostname="874d4be5f1eb" time="2.502">
  <properties/>
  <testcase name="test1Save" classname="issuetracker.app.server.service.aaaboundedcontext.authentication.UserTestCase" time="0.738"/>
  <testcase name="test2findByuserAccessDomainId" classname="issuetracker.app.server.service.aaaboundedcontext.authentication.UserTestCase" time="0.011"/>
  <testcase name="test2findByuserAccessLevelId" classname="issuetracker.app.server.service.aaaboundedcontext.authentication.UserTestCase" time="0.011"/>
  <testcase name="test4Delete" classname="issuetracker.app.server.service.aaaboundedcontext.authentication.UserTestCase" time="0.407"/>
  <testcase name="test5NegativeTesting" classname="issuetracker.app.server.service.aaaboundedcontext.authentication.UserTestCase" time="1.335"/>
  <system-out><![CDATA[[EL Fine]: sql: 2016-03-16 11:46:52.717--ClientSession(944526230)--Connection(1183009156)--Thread(Thread[Test worker,5,main])--INSERT INTO ast_UserAccessDomain_M (userAccessDomainId, domainDescription, domainHelp, domainIcon, domainName, userAccessDomain, versionId, createdBy, createdDate, updatedBy, updatedDate, activeStatus, txnAccessCode) VALUES (?, ?, ?, ?, ?, ?, ?, ?, ?, ?, ?, ?, ?)
	bind => [6FFE485F-0900-4EF6-BA95-E5EBDFB61C52, D72pgNUVzuR0UQivwaLMxLx48xqU8IAgEiA2custe9hyuDzjfm, gsNbR5vsGn3DT4JXtPrV4Ko5Tq8mCfZvuZvYSVmkLyrd8MmevI, Iup6mvtuiqJsJnmmdquy5l7YLE7ACsysgYe6B0nSiVr28c8XSS, Awylqn2In4EjoKQcpiQsuG6TEfGdgyogEGYC8UiJVuCRXtfd2n, 21412, 1, AAAAA, 2016-03-16 11:46:52.708, null, 2016-03-16 11:46:52.708, 1, 51000]
[EL Fine]: sql: 2016-03-16 11:46:52.93--ClientSession(280284267)--Connection(1183009156)--Thread(Thread[Test worker,5,main])--INSERT INTO ast_UserAccessLevel_M (userAccessLevelId, levelDescription, levelHelp, levelIcon, levelName, userAccessLevel, versionId, createdBy, createdDate, updatedBy, updatedDate, activeStatus, txnAccessCode) VALUES (?, ?, ?, ?, ?, ?, ?, ?, ?, ?, ?, ?, ?)
	bind => [F456B67F-BE57-4E1F-ADD3-800E5E38ACBA, hkDpSUksbABx6lIr1NFtM6DHqZdlCMyZHbC89FqZLwv2ZsvatJ, maW24dfOZcMAT0B1ql1AdmAKtHNBprGuTzricnnDEhphGJge3D, oRtADbogPvKSkaeMSSz74dz41CHrwX2c475xXx5mjCP24y66j8, KI5CplSEofWjhlW9ViLMtM69Y06FjM4TQO4ZWQCpG7bzKS8jog, 9758, 1, AAAAA, 2016-03-16 11:46:52.921, null, 2016-03-16 11:46:52.921, 1, 51000]
[EL Fine]: sql: 2016-03-16 11:46:53.063--ClientSession(410333144)--Connection(1183009156)--Thread(Thread[Test worker,5,main])--INSERT INTO ast_Question_M (questionId, levelid, question, questionDetails, questionIcon, versionId, createdBy, createdDate, updatedBy, updatedDate, activeStatus, txnAccessCode) VALUES (?, ?, ?, ?, ?, ?, ?, ?, ?, ?, ?, ?)
	bind => [02A3EB72-B512-491C-954B-6F47DF5C878C, 3, UPdUOuV17N9j9Ai7Krx1rJ4FyB0NMtGPHQspzlorOcyrChZfko, ifrtWupYOS, NAs7jPunlSVnLXsvIoX7LUkV970XjS6278LUUMRUPkRyzKDNtI, 1, AAAAA, 2016-03-16 11:46:53.054, null, 2016-03-16 11:46:53.054, 1, 51000]
Setting logged in user info for ADD
Setting logged in user info for ADD
Setting logged in user info for ADD
[EL Fine]: sql: 2016-03-16 11:46:53.335--ClientSession(2093313245)--Connection(1183009156)--Thread(Thread[Test worker,5,main])--INSERT INTO ast_User_T (userId, allowMultipleLogin, changePasswordNextLogin, genTempOneTimePassword, isDeleted, isLocked, lastPasswordChangeDate, multiFactorAuthEnabled, passwordAlgo, passwordExpiryDate, sessionTimeout, userAccessCode, userAccessDomainId, userAccessLevelId, versionId, createdBy, createdDate, updatedBy, updatedDate, activeStatus, txnAccessCode) VALUES (?, ?, ?, ?, ?, ?, ?, ?, ?, ?, ?, ?, ?, ?, ?, ?, ?, ?, ?, ?, ?)
	bind => [1FCAE249-34DF-4CF9-A481-ACE6CDD643D0, 1, 1, 1, 1, 1, 2016-03-16 11:30:57.137, 1, EgMFJ4cG32UIaS8lteBKg3ldmU5OaDMVgunEORROxsPPM24oWy, 2016-03-16 11:30:57.17, 2768, 17135, 6FFE485F-0900-4EF6-BA95-E5EBDFB61C52, F456B67F-BE57-4E1F-ADD3-800E5E38ACBA, 1, AAAAA, 2016-03-16 11:46:53.054, null, 2016-03-16 11:46:53.054, 1, 51000]
[EL Fine]: sql: 2016-03-16 11:46:53.337--ClientSession(2093313245)--Connection(1183009156)--Thread(Thread[Test worker,5,main])--INSERT INTO ast_PassRecovery_TP (passRecoveryId, answer, questionId, versionId, createdBy, createdDate, updatedBy, updatedDate, activeStatus, txnAccessCode, userId) VALUES (?, ?, ?, ?, ?, ?, ?, ?, ?, ?, ?)
	bind => [A7225988-FC1C-41DC-B686-8A6E6AFB59EA, oMoPsl8staIYq1yiG9MGLRNRBsjbe8p2ZfHViSzOGqOXAy1CTO, 02A3EB72-B512-491C-954B-6F47DF5C878C, 1, AAAAA, 2016-03-16 11:46:53.054, null, 2016-03-16 11:46:53.054, 1, 51000, 1FCAE249-34DF-4CF9-A481-ACE6CDD643D0]
[EL Fine]: sql: 2016-03-16 11:46:53.338--ClientSession(2093313245)--Connection(1183009156)--Thread(Thread[Test worker,5,main])--INSERT INTO ast_UserData_TP (userDataId, last5Passwords, oneTimePassword, oneTimePasswordExpiry, oneTimePasswordGenDate, password, versionId, createdBy, createdDate, updatedBy, updatedDate, activeStatus, txnAccessCode, userId) VALUES (?, ?, ?, ?, ?, ?, ?, ?, ?, ?, ?, ?, ?, ?)
	bind => [0C5D8A7B-C5D3-46BE-B514-5BF94B49C7E8, GKHdGK5M0W1RuWPgLoa4ySVkrEfJZQUDHHDNyaOgFCmUXecxel, bOGX2KglsItxmgEVPzdfJHN1sXZA3EQj, 6, 2016-03-16 11:30:57.354, ut4bno75T4OvigLS6Dl6hqRmaA89VkoTC1V3wZWmRqRuf8shk1, 1, AAAAA, 2016-03-16 11:46:53.332, null, 2016-03-16 11:46:53.332, 1, 51000, 1FCAE249-34DF-4CF9-A481-ACE6CDD643D0]
[EL Fine]: sql: 2016-03-16 11:46:53.437--ClientSession(140693980)--Connection(1183009156)--Thread(Thread[Test worker,5,main])--SELECT userId, allowMultipleLogin, changePasswordNextLogin, genTempOneTimePassword, isDeleted, isLocked, lastPasswordChangeDate, multiFactorAuthEnabled, passwordAlgo, passwordExpiryDate, sessionTimeout, userAccessCode, userAccessDomainId, userAccessLevelId, versionId, createdBy, createdDate, updatedBy, updatedDate, activeStatus, txnAccessCode FROM ast_User_T WHERE ((activeStatus = ?) AND (userAccessDomainId = ?))
	bind => [1, 6FFE485F-0900-4EF6-BA95-E5EBDFB61C52]
[EL Fine]: sql: 2016-03-16 11:46:53.441--ClientSession(140693980)--Connection(1183009156)--Thread(Thread[Test worker,5,main])--SELECT userDataId, last5Passwords, oneTimePassword, oneTimePasswordExpiry, oneTimePasswordGenDate, password, versionId, createdBy, createdDate, updatedBy, updatedDate, activeStatus, txnAccessCode, userId FROM ast_UserData_TP WHERE (userId = ?)
	bind => [1FCAE249-34DF-4CF9-A481-ACE6CDD643D0]
[EL Fine]: sql: 2016-03-16 11:46:53.448--ClientSession(1075773838)--Connection(1183009156)--Thread(Thread[Test worker,5,main])--SELECT userId, allowMultipleLogin, changePasswordNextLogin, genTempOneTimePassword, isDeleted, isLocked, lastPasswordChangeDate, multiFactorAuthEnabled, passwordAlgo, passwordExpiryDate, sessionTimeout, userAccessCode, userAccessDomainId, userAccessLevelId, versionId, createdBy, createdDate, updatedBy, updatedDate, activeStatus, txnAccessCode FROM ast_User_T WHERE ((activeStatus = ?) AND (userAccessLevelId = ?))
	bind => [1, F456B67F-BE57-4E1F-ADD3-800E5E38ACBA]
[EL Fine]: sql: 2016-03-16 11:46:53.453--ClientSession(1075773838)--Connection(1183009156)--Thread(Thread[Test worker,5,main])--SELECT userDataId, last5Passwords, oneTimePassword, oneTimePasswordExpiry, oneTimePasswordGenDate, password, versionId, createdBy, createdDate, updatedBy, updatedDate, activeStatus, txnAccessCode, userId FROM ast_UserData_TP WHERE (userId = ?)
	bind => [1FCAE249-34DF-4CF9-A481-ACE6CDD643D0]
[EL Fine]: sql: 2016-03-16 11:46:53.459--ClientSession(1675275670)--Connection(1183009156)--Thread(Thread[Test worker,5,main])--SELECT userId, allowMultipleLogin, changePasswordNextLogin, genTempOneTimePassword, isDeleted, isLocked, lastPasswordChangeDate, multiFactorAuthEnabled, passwordAlgo, passwordExpiryDate, sessionTimeout, userAccessCode, userAccessDomainId, userAccessLevelId, versionId, createdBy, createdDate, updatedBy, updatedDate, activeStatus, txnAccessCode FROM ast_User_T WHERE (userId = ?)
	bind => [1FCAE249-34DF-4CF9-A481-ACE6CDD643D0]
[EL Fine]: sql: 2016-03-16 11:46:53.46--ClientSession(1675275670)--Connection(1183009156)--Thread(Thread[Test worker,5,main])--SELECT userDataId, last5Passwords, oneTimePassword, oneTimePasswordExpiry, oneTimePasswordGenDate, password, versionId, createdBy, createdDate, updatedBy, updatedDate, activeStatus, txnAccessCode, userId FROM ast_UserData_TP WHERE (userId = ?)
	bind => [1FCAE249-34DF-4CF9-A481-ACE6CDD643D0]
[EL Fine]: sql: 2016-03-16 11:46:53.462--ClientSession(1675275670)--Connection(1183009156)--Thread(Thread[Test worker,5,main])--SELECT passRecoveryId, answer, questionId, versionId, createdBy, createdDate, updatedBy, updatedDate, activeStatus, txnAccessCode, userId FROM ast_PassRecovery_TP WHERE (userId = ?)
	bind => [1FCAE249-34DF-4CF9-A481-ACE6CDD643D0]
[EL Fine]: sql: 2016-03-16 11:46:53.463--ClientSession(1675275670)--Connection(1183009156)--Thread(Thread[Test worker,5,main])--DELETE FROM ast_UserData_TP WHERE ((userDataId = ?) AND (versionId = ?))
	bind => [0C5D8A7B-C5D3-46BE-B514-5BF94B49C7E8, 1]
[EL Fine]: sql: 2016-03-16 11:46:53.464--ClientSession(1675275670)--Connection(1183009156)--Thread(Thread[Test worker,5,main])--DELETE FROM ast_PassRecovery_TP WHERE ((passRecoveryId = ?) AND (versionId = ?))
	bind => [A7225988-FC1C-41DC-B686-8A6E6AFB59EA, 1]
[EL Fine]: sql: 2016-03-16 11:46:53.465--ClientSession(1675275670)--Connection(1183009156)--Thread(Thread[Test worker,5,main])--DELETE FROM ast_User_T WHERE ((userId = ?) AND (versionId = ?))
	bind => [1FCAE249-34DF-4CF9-A481-ACE6CDD643D0, 1]
[EL Fine]: sql: 2016-03-16 11:46:53.874--ClientSession(97922390)--Connection(1183009156)--Thread(Thread[Test worker,5,main])--INSERT INTO ast_UserAccessDomain_M (userAccessDomainId, domainDescription, domainHelp, domainIcon, domainName, userAccessDomain, versionId, createdBy, createdDate, updatedBy, updatedDate, activeStatus, txnAccessCode) VALUES (?, ?, ?, ?, ?, ?, ?, ?, ?, ?, ?, ?, ?)
	bind => [CFD38950-3FF5-45B8-ABD8-CF488146ABFD, D72pgNUVzuR0UQivwaLMxLx48xqU8IAgEiA2custe9hyuDzjfm, gsNbR5vsGn3DT4JXtPrV4Ko5Tq8mCfZvuZvYSVmkLyrd8MmevI, Iup6mvtuiqJsJnmmdquy5l7YLE7ACsysgYe6B0nSiVr28c8XSS, Awylqn2In4EjoKQcpiQsuG6TEfGdgyogEGYC8UiJVuCRXtfd2n, 37020, 1, AAAAA, 2016-03-16 11:46:53.865, null, 2016-03-16 11:46:53.865, 1, 51000]
[EL Fine]: sql: 2016-03-16 11:46:53.923--ClientSession(1580272033)--Connection(1183009156)--Thread(Thread[Test worker,5,main])--INSERT INTO ast_UserAccessLevel_M (userAccessLevelId, levelDescription, levelHelp, levelIcon, levelName, userAccessLevel, versionId, createdBy, createdDate, updatedBy, updatedDate, activeStatus, txnAccessCode) VALUES (?, ?, ?, ?, ?, ?, ?, ?, ?, ?, ?, ?, ?)
	bind => [0FC3DD58-5ECF-4DCB-9AEE-3BA6160C2039, hkDpSUksbABx6lIr1NFtM6DHqZdlCMyZHbC89FqZLwv2ZsvatJ, maW24dfOZcMAT0B1ql1AdmAKtHNBprGuTzricnnDEhphGJge3D, oRtADbogPvKSkaeMSSz74dz41CHrwX2c475xXx5mjCP24y66j8, KI5CplSEofWjhlW9ViLMtM69Y06FjM4TQO4ZWQCpG7bzKS8jog, 89647, 1, AAAAA, 2016-03-16 11:46:53.914, null, 2016-03-16 11:46:53.914, 1, 51000]
[EL Fine]: sql: 2016-03-16 11:46:53.957--ClientSession(1336682944)--Connection(1183009156)--Thread(Thread[Test worker,5,main])--INSERT INTO ast_Question_M (questionId, levelid, question, questionDetails, questionIcon, versionId, createdBy, createdDate, updatedBy, updatedDate, activeStatus, txnAccessCode) VALUES (?, ?, ?, ?, ?, ?, ?, ?, ?, ?, ?, ?)
	bind => [0CD8E525-B4FD-4A61-92A3-510567546BBF, 3, UPdUOuV17N9j9Ai7Krx1rJ4FyB0NMtGPHQspzlorOcyrChZfko, ifrtWupYOS, NAs7jPunlSVnLXsvIoX7LUkV970XjS6278LUUMRUPkRyzKDNtI, 1, AAAAA, 2016-03-16 11:46:53.943, null, 2016-03-16 11:46:53.943, 1, 51000]
[EL Fine]: sql: 2016-03-16 11:46:54.084--ClientSession(1514164675)--Connection(1183009156)--Thread(Thread[Test worker,5,main])--INSERT INTO ast_UserAccessDomain_M (userAccessDomainId, domainDescription, domainHelp, domainIcon, domainName, userAccessDomain, versionId, createdBy, createdDate, updatedBy, updatedDate, activeStatus, txnAccessCode) VALUES (?, ?, ?, ?, ?, ?, ?, ?, ?, ?, ?, ?, ?)
	bind => [56C9AC43-6FA5-4330-8AA2-7D270DD0D1AA, D72pgNUVzuR0UQivwaLMxLx48xqU8IAgEiA2custe9hyuDzjfm, gsNbR5vsGn3DT4JXtPrV4Ko5Tq8mCfZvuZvYSVmkLyrd8MmevI, Iup6mvtuiqJsJnmmdquy5l7YLE7ACsysgYe6B0nSiVr28c8XSS, Awylqn2In4EjoKQcpiQsuG6TEfGdgyogEGYC8UiJVuCRXtfd2n, 21523, 1, AAAAA, 2016-03-16 11:46:54.081, null, 2016-03-16 11:46:54.081, 1, 51000]
[EL Fine]: sql: 2016-03-16 11:46:54.124--ClientSession(190639838)--Connection(1183009156)--Thread(Thread[Test worker,5,main])--INSERT INTO ast_UserAccessLevel_M (userAccessLevelId, levelDescription, levelHelp, levelIcon, levelName, userAccessLevel, versionId, createdBy, createdDate, updatedBy, updatedDate, activeStatus, txnAccessCode) VALUES (?, ?, ?, ?, ?, ?, ?, ?, ?, ?, ?, ?, ?)
	bind => [083D396F-01CB-4ED1-AF30-31FC0726296C, hkDpSUksbABx6lIr1NFtM6DHqZdlCMyZHbC89FqZLwv2ZsvatJ, maW24dfOZcMAT0B1ql1AdmAKtHNBprGuTzricnnDEhphGJge3D, oRtADbogPvKSkaeMSSz74dz41CHrwX2c475xXx5mjCP24y66j8, KI5CplSEofWjhlW9ViLMtM69Y06FjM4TQO4ZWQCpG7bzKS8jog, 37040, 1, AAAAA, 2016-03-16 11:46:54.121, null, 2016-03-16 11:46:54.121, 1, 51000]
[EL Fine]: sql: 2016-03-16 11:46:54.198--ClientSession(1181703009)--Connection(1183009156)--Thread(Thread[Test worker,5,main])--INSERT INTO ast_Question_M (questionId, levelid, question, questionDetails, questionIcon, versionId, createdBy, createdDate, updatedBy, updatedDate, activeStatus, txnAccessCode) VALUES (?, ?, ?, ?, ?, ?, ?, ?, ?, ?, ?, ?)
	bind => [296AC361-3724-426F-A7E4-51B8BEE3DDE1, 3, UPdUOuV17N9j9Ai7Krx1rJ4FyB0NMtGPHQspzlorOcyrChZfko, ifrtWupYOS, NAs7jPunlSVnLXsvIoX7LUkV970XjS6278LUUMRUPkRyzKDNtI, 1, AAAAA, 2016-03-16 11:46:54.195, null, 2016-03-16 11:46:54.195, 1, 51000]
[EL Fine]: sql: 2016-03-16 11:46:54.263--ClientSession(1448856013)--Connection(1183009156)--Thread(Thread[Test worker,5,main])--INSERT INTO ast_UserAccessDomain_M (userAccessDomainId, domainDescription, domainHelp, domainIcon, domainName, userAccessDomain, versionId, createdBy, createdDate, updatedBy, updatedDate, activeStatus, txnAccessCode) VALUES (?, ?, ?, ?, ?, ?, ?, ?, ?, ?, ?, ?, ?)
	bind => [4D66467A-6774-4834-8E33-D36E24A7402B, D72pgNUVzuR0UQivwaLMxLx48xqU8IAgEiA2custe9hyuDzjfm, gsNbR5vsGn3DT4JXtPrV4Ko5Tq8mCfZvuZvYSVmkLyrd8MmevI, Iup6mvtuiqJsJnmmdquy5l7YLE7ACsysgYe6B0nSiVr28c8XSS, Awylqn2In4EjoKQcpiQsuG6TEfGdgyogEGYC8UiJVuCRXtfd2n, 3345, 1, AAAAA, 2016-03-16 11:46:54.26, null, 2016-03-16 11:46:54.26, 1, 51000]
[EL Fine]: sql: 2016-03-16 11:46:54.328--ClientSession(431456969)--Connection(1183009156)--Thread(Thread[Test worker,5,main])--INSERT INTO ast_UserAccessLevel_M (userAccessLevelId, levelDescription, levelHelp, levelIcon, levelName, userAccessLevel, versionId, createdBy, createdDate, updatedBy, updatedDate, activeStatus, txnAccessCode) VALUES (?, ?, ?, ?, ?, ?, ?, ?, ?, ?, ?, ?, ?)
	bind => [9355A09C-5594-49D0-BEF9-9ACB2E3F080D, hkDpSUksbABx6lIr1NFtM6DHqZdlCMyZHbC89FqZLwv2ZsvatJ, maW24dfOZcMAT0B1ql1AdmAKtHNBprGuTzricnnDEhphGJge3D, oRtADbogPvKSkaeMSSz74dz41CHrwX2c475xXx5mjCP24y66j8, KI5CplSEofWjhlW9ViLMtM69Y06FjM4TQO4ZWQCpG7bzKS8jog, 69231, 1, AAAAA, 2016-03-16 11:46:54.325, null, 2016-03-16 11:46:54.325, 1, 51000]
[EL Fine]: sql: 2016-03-16 11:46:54.351--ClientSession(43189132)--Connection(1183009156)--Thread(Thread[Test worker,5,main])--INSERT INTO ast_Question_M (questionId, levelid, question, questionDetails, questionIcon, versionId, createdBy, createdDate, updatedBy, updatedDate, activeStatus, txnAccessCode) VALUES (?, ?, ?, ?, ?, ?, ?, ?, ?, ?, ?, ?)
	bind => [89731F51-7992-4F17-88BB-C1F67FFD9972, 3, UPdUOuV17N9j9Ai7Krx1rJ4FyB0NMtGPHQspzlorOcyrChZfko, ifrtWupYOS, NAs7jPunlSVnLXsvIoX7LUkV970XjS6278LUUMRUPkRyzKDNtI, 1, AAAAA, 2016-03-16 11:46:54.348, null, 2016-03-16 11:46:54.348, 1, 51000]
[EL Fine]: sql: 2016-03-16 11:46:54.376--ClientSession(685581859)--Connection(1183009156)--Thread(Thread[Test worker,5,main])--INSERT INTO ast_UserAccessDomain_M (userAccessDomainId, domainDescription, domainHelp, domainIcon, domainName, userAccessDomain, versionId, createdBy, createdDate, updatedBy, updatedDate, activeStatus, txnAccessCode) VALUES (?, ?, ?, ?, ?, ?, ?, ?, ?, ?, ?, ?, ?)
	bind => [39FDF00B-F998-434A-B45C-0B50B262CCD1, D72pgNUVzuR0UQivwaLMxLx48xqU8IAgEiA2custe9hyuDzjfm, gsNbR5vsGn3DT4JXtPrV4Ko5Tq8mCfZvuZvYSVmkLyrd8MmevI, Iup6mvtuiqJsJnmmdquy5l7YLE7ACsysgYe6B0nSiVr28c8XSS, Awylqn2In4EjoKQcpiQsuG6TEfGdgyogEGYC8UiJVuCRXtfd2n, 97193, 1, AAAAA, 2016-03-16 11:46:54.374, null, 2016-03-16 11:46:54.374, 1, 51000]
[EL Fine]: sql: 2016-03-16 11:46:54.392--ClientSession(557014656)--Connection(1183009156)--Thread(Thread[Test worker,5,main])--INSERT INTO ast_UserAccessLevel_M (userAccessLevelId, levelDescription, levelHelp, levelIcon, levelName, userAccessLevel, versionId, createdBy, createdDate, updatedBy, updatedDate, activeStatus, txnAccessCode) VALUES (?, ?, ?, ?, ?, ?, ?, ?, ?, ?, ?, ?, ?)
	bind => [D545E855-21F0-4EC0-BF18-AC4B3557DB21, hkDpSUksbABx6lIr1NFtM6DHqZdlCMyZHbC89FqZLwv2ZsvatJ, maW24dfOZcMAT0B1ql1AdmAKtHNBprGuTzricnnDEhphGJge3D, oRtADbogPvKSkaeMSSz74dz41CHrwX2c475xXx5mjCP24y66j8, KI5CplSEofWjhlW9ViLMtM69Y06FjM4TQO4ZWQCpG7bzKS8jog, 45818, 1, AAAAA, 2016-03-16 11:46:54.39, null, 2016-03-16 11:46:54.39, 1, 51000]
[EL Fine]: sql: 2016-03-16 11:46:54.452--ClientSession(542557268)--Connection(1183009156)--Thread(Thread[Test worker,5,main])--INSERT INTO ast_Question_M (questionId, levelid, question, questionDetails, questionIcon, versionId, createdBy, createdDate, updatedBy, updatedDate, activeStatus, txnAccessCode) VALUES (?, ?, ?, ?, ?, ?, ?, ?, ?, ?, ?, ?)
	bind => [04B9EAF4-DA20-4ECC-9211-91572063F5EE, 3, UPdUOuV17N9j9Ai7Krx1rJ4FyB0NMtGPHQspzlorOcyrChZfko, ifrtWupYOS, NAs7jPunlSVnLXsvIoX7LUkV970XjS6278LUUMRUPkRyzKDNtI, 1, AAAAA, 2016-03-16 11:46:54.449, null, 2016-03-16 11:46:54.449, 1, 51000]
[EL Fine]: sql: 2016-03-16 11:46:54.519--ClientSession(2132920636)--Connection(1183009156)--Thread(Thread[Test worker,5,main])--INSERT INTO ast_UserAccessDomain_M (userAccessDomainId, domainDescription, domainHelp, domainIcon, domainName, userAccessDomain, versionId, createdBy, createdDate, updatedBy, updatedDate, activeStatus, txnAccessCode) VALUES (?, ?, ?, ?, ?, ?, ?, ?, ?, ?, ?, ?, ?)
	bind => [41C948CD-105A-49C6-9DAB-67FDFBBE9B13, D72pgNUVzuR0UQivwaLMxLx48xqU8IAgEiA2custe9hyuDzjfm, gsNbR5vsGn3DT4JXtPrV4Ko5Tq8mCfZvuZvYSVmkLyrd8MmevI, Iup6mvtuiqJsJnmmdquy5l7YLE7ACsysgYe6B0nSiVr28c8XSS, Awylqn2In4EjoKQcpiQsuG6TEfGdgyogEGYC8UiJVuCRXtfd2n, 79782, 1, AAAAA, 2016-03-16 11:46:54.515, null, 2016-03-16 11:46:54.515, 1, 51000]
[EL Fine]: sql: 2016-03-16 11:46:54.584--ClientSession(553530877)--Connection(1183009156)--Thread(Thread[Test worker,5,main])--INSERT INTO ast_UserAccessLevel_M (userAccessLevelId, levelDescription, levelHelp, levelIcon, levelName, userAccessLevel, versionId, createdBy, createdDate, updatedBy, updatedDate, activeStatus, txnAccessCode) VALUES (?, ?, ?, ?, ?, ?, ?, ?, ?, ?, ?, ?, ?)
	bind => [4F37A204-8F33-4DE9-B7B0-20E5F6505758, hkDpSUksbABx6lIr1NFtM6DHqZdlCMyZHbC89FqZLwv2ZsvatJ, maW24dfOZcMAT0B1ql1AdmAKtHNBprGuTzricnnDEhphGJge3D, oRtADbogPvKSkaeMSSz74dz41CHrwX2c475xXx5mjCP24y66j8, KI5CplSEofWjhlW9ViLMtM69Y06FjM4TQO4ZWQCpG7bzKS8jog, 3728, 1, AAAAA, 2016-03-16 11:46:54.581, null, 2016-03-16 11:46:54.581, 1, 51000]
[EL Fine]: sql: 2016-03-16 11:46:54.639--ClientSession(1417353524)--Connection(1183009156)--Thread(Thread[Test worker,5,main])--INSERT INTO ast_Question_M (questionId, levelid, question, questionDetails, questionIcon, versionId, createdBy, createdDate, updatedBy, updatedDate, activeStatus, txnAccessCode) VALUES (?, ?, ?, ?, ?, ?, ?, ?, ?, ?, ?, ?)
	bind => [33C75987-9E86-44B2-8280-DFC599793F48, 3, UPdUOuV17N9j9Ai7Krx1rJ4FyB0NMtGPHQspzlorOcyrChZfko, ifrtWupYOS, NAs7jPunlSVnLXsvIoX7LUkV970XjS6278LUUMRUPkRyzKDNtI, 1, AAAAA, 2016-03-16 11:46:54.636, null, 2016-03-16 11:46:54.636, 1, 51000]
[EL Fine]: sql: 2016-03-16 11:46:54.666--ClientSession(220870453)--Connection(1183009156)--Thread(Thread[Test worker,5,main])--INSERT INTO ast_UserAccessDomain_M (userAccessDomainId, domainDescription, domainHelp, domainIcon, domainName, userAccessDomain, versionId, createdBy, createdDate, updatedBy, updatedDate, activeStatus, txnAccessCode) VALUES (?, ?, ?, ?, ?, ?, ?, ?, ?, ?, ?, ?, ?)
	bind => [ED19D6F8-7600-470A-9EA3-A1CBF79E84E2, D72pgNUVzuR0UQivwaLMxLx48xqU8IAgEiA2custe9hyuDzjfm, gsNbR5vsGn3DT4JXtPrV4Ko5Tq8mCfZvuZvYSVmkLyrd8MmevI, Iup6mvtuiqJsJnmmdquy5l7YLE7ACsysgYe6B0nSiVr28c8XSS, Awylqn2In4EjoKQcpiQsuG6TEfGdgyogEGYC8UiJVuCRXtfd2n, 33764, 1, AAAAA, 2016-03-16 11:46:54.663, null, 2016-03-16 11:46:54.663, 1, 51000]
[EL Fine]: sql: 2016-03-16 11:46:54.742--ClientSession(1056157135)--Connection(1183009156)--Thread(Thread[Test worker,5,main])--INSERT INTO ast_UserAccessLevel_M (userAccessLevelId, levelDescription, levelHelp, levelIcon, levelName, userAccessLevel, versionId, createdBy, createdDate, updatedBy, updatedDate, activeStatus, txnAccessCode) VALUES (?, ?, ?, ?, ?, ?, ?, ?, ?, ?, ?, ?, ?)
	bind => [0BE18604-B5CA-4131-8B9B-6D73E9DC711B, hkDpSUksbABx6lIr1NFtM6DHqZdlCMyZHbC89FqZLwv2ZsvatJ, maW24dfOZcMAT0B1ql1AdmAKtHNBprGuTzricnnDEhphGJge3D, oRtADbogPvKSkaeMSSz74dz41CHrwX2c475xXx5mjCP24y66j8, KI5CplSEofWjhlW9ViLMtM69Y06FjM4TQO4ZWQCpG7bzKS8jog, 4163, 1, AAAAA, 2016-03-16 11:46:54.739, null, 2016-03-16 11:46:54.739, 1, 51000]
[EL Fine]: sql: 2016-03-16 11:46:54.808--ClientSession(441494763)--Connection(1183009156)--Thread(Thread[Test worker,5,main])--INSERT INTO ast_Question_M (questionId, levelid, question, questionDetails, questionIcon, versionId, createdBy, createdDate, updatedBy, updatedDate, activeStatus, txnAccessCode) VALUES (?, ?, ?, ?, ?, ?, ?, ?, ?, ?, ?, ?)
	bind => [CB0B37C2-8D64-477E-97E7-A73DA9715123, 3, UPdUOuV17N9j9Ai7Krx1rJ4FyB0NMtGPHQspzlorOcyrChZfko, ifrtWupYOS, NAs7jPunlSVnLXsvIoX7LUkV970XjS6278LUUMRUPkRyzKDNtI, 1, AAAAA, 2016-03-16 11:46:54.805, null, 2016-03-16 11:46:54.805, 1, 51000]
[EL Fine]: sql: 2016-03-16 11:46:54.866--ClientSession(1876424902)--Connection(1183009156)--Thread(Thread[Test worker,5,main])--INSERT INTO ast_UserAccessDomain_M (userAccessDomainId, domainDescription, domainHelp, domainIcon, domainName, userAccessDomain, versionId, createdBy, createdDate, updatedBy, updatedDate, activeStatus, txnAccessCode) VALUES (?, ?, ?, ?, ?, ?, ?, ?, ?, ?, ?, ?, ?)
	bind => [8F1E50CD-8B2E-4592-BBE6-FBD547A38835, D72pgNUVzuR0UQivwaLMxLx48xqU8IAgEiA2custe9hyuDzjfm, gsNbR5vsGn3DT4JXtPrV4Ko5Tq8mCfZvuZvYSVmkLyrd8MmevI, Iup6mvtuiqJsJnmmdquy5l7YLE7ACsysgYe6B0nSiVr28c8XSS, Awylqn2In4EjoKQcpiQsuG6TEfGdgyogEGYC8UiJVuCRXtfd2n, 54441, 1, AAAAA, 2016-03-16 11:46:54.863, null, 2016-03-16 11:46:54.863, 1, 51000]
[EL Fine]: sql: 2016-03-16 11:46:54.944--ClientSession(790947155)--Connection(1183009156)--Thread(Thread[Test worker,5,main])--INSERT INTO ast_UserAccessLevel_M (userAccessLevelId, levelDescription, levelHelp, levelIcon, levelName, userAccessLevel, versionId, createdBy, createdDate, updatedBy, updatedDate, activeStatus, txnAccessCode) VALUES (?, ?, ?, ?, ?, ?, ?, ?, ?, ?, ?, ?, ?)
	bind => [AC1B2F37-4196-4E36-B84C-DFB0F789F07A, hkDpSUksbABx6lIr1NFtM6DHqZdlCMyZHbC89FqZLwv2ZsvatJ, maW24dfOZcMAT0B1ql1AdmAKtHNBprGuTzricnnDEhphGJge3D, oRtADbogPvKSkaeMSSz74dz41CHrwX2c475xXx5mjCP24y66j8, KI5CplSEofWjhlW9ViLMtM69Y06FjM4TQO4ZWQCpG7bzKS8jog, 56582, 1, AAAAA, 2016-03-16 11:46:54.941, null, 2016-03-16 11:46:54.941, 1, 51000]
[EL Fine]: sql: 2016-03-16 11:46:54.978--ClientSession(996520846)--Connection(1183009156)--Thread(Thread[Test worker,5,main])--INSERT INTO ast_Question_M (questionId, levelid, question, questionDetails, questionIcon, versionId, createdBy, createdDate, updatedBy, updatedDate, activeStatus, txnAccessCode) VALUES (?, ?, ?, ?, ?, ?, ?, ?, ?, ?, ?, ?)
	bind => [0FEBB9B8-0E0A-432E-9669-55DC410EE585, 3, UPdUOuV17N9j9Ai7Krx1rJ4FyB0NMtGPHQspzlorOcyrChZfko, ifrtWupYOS, NAs7jPunlSVnLXsvIoX7LUkV970XjS6278LUUMRUPkRyzKDNtI, 1, AAAAA, 2016-03-16 11:46:54.975, null, 2016-03-16 11:46:54.975, 1, 51000]
[EL Fine]: sql: 2016-03-16 11:46:55.003--ClientSession(1523169062)--Connection(1183009156)--Thread(Thread[Test worker,5,main])--INSERT INTO ast_UserAccessDomain_M (userAccessDomainId, domainDescription, domainHelp, domainIcon, domainName, userAccessDomain, versionId, createdBy, createdDate, updatedBy, updatedDate, activeStatus, txnAccessCode) VALUES (?, ?, ?, ?, ?, ?, ?, ?, ?, ?, ?, ?, ?)
	bind => [DB3E61EF-5622-4013-ABF4-01E5D8661AD3, D72pgNUVzuR0UQivwaLMxLx48xqU8IAgEiA2custe9hyuDzjfm, gsNbR5vsGn3DT4JXtPrV4Ko5Tq8mCfZvuZvYSVmkLyrd8MmevI, Iup6mvtuiqJsJnmmdquy5l7YLE7ACsysgYe6B0nSiVr28c8XSS, Awylqn2In4EjoKQcpiQsuG6TEfGdgyogEGYC8UiJVuCRXtfd2n, 86605, 1, AAAAA, 2016-03-16 11:46:55.0, null, 2016-03-16 11:46:55.0, 1, 51000]
[EL Fine]: sql: 2016-03-16 11:46:55.051--ClientSession(1339038124)--Connection(1183009156)--Thread(Thread[Test worker,5,main])--INSERT INTO ast_UserAccessLevel_M (userAccessLevelId, levelDescription, levelHelp, levelIcon, levelName, userAccessLevel, versionId, createdBy, createdDate, updatedBy, updatedDate, activeStatus, txnAccessCode) VALUES (?, ?, ?, ?, ?, ?, ?, ?, ?, ?, ?, ?, ?)
	bind => [5167F94A-E642-4645-9177-4C98FC197B57, hkDpSUksbABx6lIr1NFtM6DHqZdlCMyZHbC89FqZLwv2ZsvatJ, maW24dfOZcMAT0B1ql1AdmAKtHNBprGuTzricnnDEhphGJge3D, oRtADbogPvKSkaeMSSz74dz41CHrwX2c475xXx5mjCP24y66j8, KI5CplSEofWjhlW9ViLMtM69Y06FjM4TQO4ZWQCpG7bzKS8jog, 86630, 1, AAAAA, 2016-03-16 11:46:55.048, null, 2016-03-16 11:46:55.048, 1, 51000]
[EL Fine]: sql: 2016-03-16 11:46:55.072--ClientSession(50278230)--Connection(1183009156)--Thread(Thread[Test worker,5,main])--INSERT INTO ast_Question_M (questionId, levelid, question, questionDetails, questionIcon, versionId, createdBy, createdDate, updatedBy, updatedDate, activeStatus, txnAccessCode) VALUES (?, ?, ?, ?, ?, ?, ?, ?, ?, ?, ?, ?)
	bind => [14A8B2AD-B82F-4E19-B070-5E558C795831, 3, UPdUOuV17N9j9Ai7Krx1rJ4FyB0NMtGPHQspzlorOcyrChZfko, ifrtWupYOS, NAs7jPunlSVnLXsvIoX7LUkV970XjS6278LUUMRUPkRyzKDNtI, 1, AAAAA, 2016-03-16 11:46:55.069, null, 2016-03-16 11:46:55.069, 1, 51000]
[EL Fine]: sql: 2016-03-16 11:46:55.096--ClientSession(1965460945)--Connection(1183009156)--Thread(Thread[Test worker,5,main])--INSERT INTO ast_UserAccessDomain_M (userAccessDomainId, domainDescription, domainHelp, domainIcon, domainName, userAccessDomain, versionId, createdBy, createdDate, updatedBy, updatedDate, activeStatus, txnAccessCode) VALUES (?, ?, ?, ?, ?, ?, ?, ?, ?, ?, ?, ?, ?)
	bind => [2CBADFD0-A44A-4833-BB77-F6779AD1D541, D72pgNUVzuR0UQivwaLMxLx48xqU8IAgEiA2custe9hyuDzjfm, gsNbR5vsGn3DT4JXtPrV4Ko5Tq8mCfZvuZvYSVmkLyrd8MmevI, Iup6mvtuiqJsJnmmdquy5l7YLE7ACsysgYe6B0nSiVr28c8XSS, Awylqn2In4EjoKQcpiQsuG6TEfGdgyogEGYC8UiJVuCRXtfd2n, 89001, 1, AAAAA, 2016-03-16 11:46:55.093, null, 2016-03-16 11:46:55.093, 1, 51000]
[EL Fine]: sql: 2016-03-16 11:46:55.152--ClientSession(1200897161)--Connection(1183009156)--Thread(Thread[Test worker,5,main])--INSERT INTO ast_UserAccessLevel_M (userAccessLevelId, levelDescription, levelHelp, levelIcon, levelName, userAccessLevel, versionId, createdBy, createdDate, updatedBy, updatedDate, activeStatus, txnAccessCode) VALUES (?, ?, ?, ?, ?, ?, ?, ?, ?, ?, ?, ?, ?)
	bind => [0845CA84-5C2A-4931-85E9-F011CAEDE7B0, hkDpSUksbABx6lIr1NFtM6DHqZdlCMyZHbC89FqZLwv2ZsvatJ, maW24dfOZcMAT0B1ql1AdmAKtHNBprGuTzricnnDEhphGJge3D, oRtADbogPvKSkaeMSSz74dz41CHrwX2c475xXx5mjCP24y66j8, KI5CplSEofWjhlW9ViLMtM69Y06FjM4TQO4ZWQCpG7bzKS8jog, 49181, 1, AAAAA, 2016-03-16 11:46:55.149, null, 2016-03-16 11:46:55.149, 1, 51000]
[EL Fine]: sql: 2016-03-16 11:46:55.175--ClientSession(820782559)--Connection(1183009156)--Thread(Thread[Test worker,5,main])--INSERT INTO ast_Question_M (questionId, levelid, question, questionDetails, questionIcon, versionId, createdBy, createdDate, updatedBy, updatedDate, activeStatus, txnAccessCode) VALUES (?, ?, ?, ?, ?, ?, ?, ?, ?, ?, ?, ?)
	bind => [126801F7-5ED5-4D34-AAAB-A88C573310BB, 3, UPdUOuV17N9j9Ai7Krx1rJ4FyB0NMtGPHQspzlorOcyrChZfko, ifrtWupYOS, NAs7jPunlSVnLXsvIoX7LUkV970XjS6278LUUMRUPkRyzKDNtI, 1, AAAAA, 2016-03-16 11:46:55.172, null, 2016-03-16 11:46:55.172, 1, 51000]
]]></system-out>
  <system-err><![CDATA[issuetracker.app.shared.aaaboundedcontext.authentication.User.userAccessCode must be less than or equal to 60000
com.athena.framework.server.exception.biz.SpartanConstraintViolationException: Exception in validating entity /issuetracker.app.shared.aaaboundedcontext.authentication.User.userAccessCode must be less than or equal to 60000

	at com.athena.framework.server.helper.EntityValidatorHelper.validateEntity(EntityValidatorHelper.java:28)
	at issuetracker.app.shared.aaaboundedcontext.authentication.User.isValid(User.java:397)
	at issuetracker.app.server.service.aaaboundedcontext.authentication.UserTestCase.validateUser(UserTestCase.java:237)
	at issuetracker.app.server.service.aaaboundedcontext.authentication.UserTestCase.test5NegativeTesting(UserTestCase.java:271)
	at sun.reflect.NativeMethodAccessorImpl.invoke0(Native Method)
	at sun.reflect.NativeMethodAccessorImpl.invoke(NativeMethodAccessorImpl.java:57)
	at sun.reflect.DelegatingMethodAccessorImpl.invoke(DelegatingMethodAccessorImpl.java:43)
	at java.lang.reflect.Method.invoke(Method.java:606)
	at org.junit.runners.model.FrameworkMethod$1.runReflectiveCall(FrameworkMethod.java:47)
	at org.junit.internal.runners.model.ReflectiveCallable.run(ReflectiveCallable.java:12)
	at org.junit.runners.model.FrameworkMethod.invokeExplosively(FrameworkMethod.java:44)
	at org.junit.internal.runners.statements.InvokeMethod.evaluate(InvokeMethod.java:17)
	at org.junit.internal.runners.statements.RunBefores.evaluate(RunBefores.java:26)
	at org.springframework.test.context.junit4.statements.RunBeforeTestMethodCallbacks.evaluate(RunBeforeTestMethodCallbacks.java:74)
	at org.junit.internal.runners.statements.RunAfters.evaluate(RunAfters.java:27)
	at org.springframework.test.context.junit4.statements.RunAfterTestMethodCallbacks.evaluate(RunAfterTestMethodCallbacks.java:83)
	at org.springframework.test.context.junit4.statements.SpringRepeat.evaluate(SpringRepeat.java:72)
	at org.springframework.test.context.junit4.SpringJUnit4ClassRunner.runChild(SpringJUnit4ClassRunner.java:233)
	at org.springframework.test.context.junit4.SpringJUnit4ClassRunner.runChild(SpringJUnit4ClassRunner.java:87)
	at org.junit.runners.ParentRunner$3.run(ParentRunner.java:238)
	at org.junit.runners.ParentRunner$1.schedule(ParentRunner.java:63)
	at org.junit.runners.ParentRunner.runChildren(ParentRunner.java:236)
	at org.junit.runners.ParentRunner.access$000(ParentRunner.java:53)
	at org.junit.runners.ParentRunner$2.evaluate(ParentRunner.java:229)
	at org.springframework.test.context.junit4.statements.RunBeforeTestClassCallbacks.evaluate(RunBeforeTestClassCallbacks.java:61)
	at org.springframework.test.context.junit4.statements.RunAfterTestClassCallbacks.evaluate(RunAfterTestClassCallbacks.java:71)
	at org.junit.runners.ParentRunner.run(ParentRunner.java:309)
	at org.springframework.test.context.junit4.SpringJUnit4ClassRunner.run(SpringJUnit4ClassRunner.java:176)
	at org.gradle.api.internal.tasks.testing.junit.JUnitTestClassExecuter.runTestClass(JUnitTestClassExecuter.java:86)
	at org.gradle.api.internal.tasks.testing.junit.JUnitTestClassExecuter.execute(JUnitTestClassExecuter.java:49)
	at org.gradle.api.internal.tasks.testing.junit.JUnitTestClassProcessor.processTestClass(JUnitTestClassProcessor.java:64)
	at org.gradle.api.internal.tasks.testing.SuiteTestClassProcessor.processTestClass(SuiteTestClassProcessor.java:50)
	at sun.reflect.GeneratedMethodAccessor121.invoke(Unknown Source)
	at sun.reflect.DelegatingMethodAccessorImpl.invoke(DelegatingMethodAccessorImpl.java:43)
	at java.lang.reflect.Method.invoke(Method.java:606)
	at org.gradle.messaging.dispatch.ReflectionDispatch.dispatch(ReflectionDispatch.java:35)
	at org.gradle.messaging.dispatch.ReflectionDispatch.dispatch(ReflectionDispatch.java:24)
	at org.gradle.messaging.dispatch.ContextClassLoaderDispatch.dispatch(ContextClassLoaderDispatch.java:32)
	at org.gradle.messaging.dispatch.ProxyDispatchAdapter$DispatchingInvocationHandler.invoke(ProxyDispatchAdapter.java:93)
	at com.sun.proxy.$Proxy2.processTestClass(Unknown Source)
	at org.gradle.api.internal.tasks.testing.worker.TestWorker.processTestClass(TestWorker.java:106)
	at sun.reflect.GeneratedMethodAccessor120.invoke(Unknown Source)
	at sun.reflect.DelegatingMethodAccessorImpl.invoke(DelegatingMethodAccessorImpl.java:43)
	at java.lang.reflect.Method.invoke(Method.java:606)
	at org.gradle.messaging.dispatch.ReflectionDispatch.dispatch(ReflectionDispatch.java:35)
	at org.gradle.messaging.dispatch.ReflectionDispatch.dispatch(ReflectionDispatch.java:24)
	at org.gradle.messaging.remote.internal.hub.MessageHub$Handler.run(MessageHub.java:360)
	at org.gradle.internal.concurrent.DefaultExecutorFactory$StoppableExecutorImpl$1.run(DefaultExecutorFactory.java:64)
	at java.util.concurrent.ThreadPoolExecutor.runWorker(ThreadPoolExecutor.java:1145)
	at java.util.concurrent.ThreadPoolExecutor$Worker.run(ThreadPoolExecutor.java:615)
	at java.lang.Thread.run(Thread.java:745)
issuetracker.app.shared.aaaboundedcontext.authentication.User.multiFactorAuthEnabled must be less than or equal to 1
com.athena.framework.server.exception.biz.SpartanConstraintViolationException: Exception in validating entity /issuetracker.app.shared.aaaboundedcontext.authentication.User.multiFactorAuthEnabled must be less than or equal to 1

	at com.athena.framework.server.helper.EntityValidatorHelper.validateEntity(EntityValidatorHelper.java:28)
	at issuetracker.app.shared.aaaboundedcontext.authentication.User.isValid(User.java:397)
	at issuetracker.app.server.service.aaaboundedcontext.authentication.UserTestCase.validateUser(UserTestCase.java:237)
	at issuetracker.app.server.service.aaaboundedcontext.authentication.UserTestCase.test5NegativeTesting(UserTestCase.java:276)
	at sun.reflect.NativeMethodAccessorImpl.invoke0(Native Method)
	at sun.reflect.NativeMethodAccessorImpl.invoke(NativeMethodAccessorImpl.java:57)
	at sun.reflect.DelegatingMethodAccessorImpl.invoke(DelegatingMethodAccessorImpl.java:43)
	at java.lang.reflect.Method.invoke(Method.java:606)
	at org.junit.runners.model.FrameworkMethod$1.runReflectiveCall(FrameworkMethod.java:47)
	at org.junit.internal.runners.model.ReflectiveCallable.run(ReflectiveCallable.java:12)
	at org.junit.runners.model.FrameworkMethod.invokeExplosively(FrameworkMethod.java:44)
	at org.junit.internal.runners.statements.InvokeMethod.evaluate(InvokeMethod.java:17)
	at org.junit.internal.runners.statements.RunBefores.evaluate(RunBefores.java:26)
	at org.springframework.test.context.junit4.statements.RunBeforeTestMethodCallbacks.evaluate(RunBeforeTestMethodCallbacks.java:74)
	at org.junit.internal.runners.statements.RunAfters.evaluate(RunAfters.java:27)
	at org.springframework.test.context.junit4.statements.RunAfterTestMethodCallbacks.evaluate(RunAfterTestMethodCallbacks.java:83)
	at org.springframework.test.context.junit4.statements.SpringRepeat.evaluate(SpringRepeat.java:72)
	at org.springframework.test.context.junit4.SpringJUnit4ClassRunner.runChild(SpringJUnit4ClassRunner.java:233)
	at org.springframework.test.context.junit4.SpringJUnit4ClassRunner.runChild(SpringJUnit4ClassRunner.java:87)
	at org.junit.runners.ParentRunner$3.run(ParentRunner.java:238)
	at org.junit.runners.ParentRunner$1.schedule(ParentRunner.java:63)
	at org.junit.runners.ParentRunner.runChildren(ParentRunner.java:236)
	at org.junit.runners.ParentRunner.access$000(ParentRunner.java:53)
	at org.junit.runners.ParentRunner$2.evaluate(ParentRunner.java:229)
	at org.springframework.test.context.junit4.statements.RunBeforeTestClassCallbacks.evaluate(RunBeforeTestClassCallbacks.java:61)
	at org.springframework.test.context.junit4.statements.RunAfterTestClassCallbacks.evaluate(RunAfterTestClassCallbacks.java:71)
	at org.junit.runners.ParentRunner.run(ParentRunner.java:309)
	at org.springframework.test.context.junit4.SpringJUnit4ClassRunner.run(SpringJUnit4ClassRunner.java:176)
	at org.gradle.api.internal.tasks.testing.junit.JUnitTestClassExecuter.runTestClass(JUnitTestClassExecuter.java:86)
	at org.gradle.api.internal.tasks.testing.junit.JUnitTestClassExecuter.execute(JUnitTestClassExecuter.java:49)
	at org.gradle.api.internal.tasks.testing.junit.JUnitTestClassProcessor.processTestClass(JUnitTestClassProcessor.java:64)
	at org.gradle.api.internal.tasks.testing.SuiteTestClassProcessor.processTestClass(SuiteTestClassProcessor.java:50)
	at sun.reflect.GeneratedMethodAccessor121.invoke(Unknown Source)
	at sun.reflect.DelegatingMethodAccessorImpl.invoke(DelegatingMethodAccessorImpl.java:43)
	at java.lang.reflect.Method.invoke(Method.java:606)
	at org.gradle.messaging.dispatch.ReflectionDispatch.dispatch(ReflectionDispatch.java:35)
	at org.gradle.messaging.dispatch.ReflectionDispatch.dispatch(ReflectionDispatch.java:24)
	at org.gradle.messaging.dispatch.ContextClassLoaderDispatch.dispatch(ContextClassLoaderDispatch.java:32)
	at org.gradle.messaging.dispatch.ProxyDispatchAdapter$DispatchingInvocationHandler.invoke(ProxyDispatchAdapter.java:93)
	at com.sun.proxy.$Proxy2.processTestClass(Unknown Source)
	at org.gradle.api.internal.tasks.testing.worker.TestWorker.processTestClass(TestWorker.java:106)
	at sun.reflect.GeneratedMethodAccessor120.invoke(Unknown Source)
	at sun.reflect.DelegatingMethodAccessorImpl.invoke(DelegatingMethodAccessorImpl.java:43)
	at java.lang.reflect.Method.invoke(Method.java:606)
	at org.gradle.messaging.dispatch.ReflectionDispatch.dispatch(ReflectionDispatch.java:35)
	at org.gradle.messaging.dispatch.ReflectionDispatch.dispatch(ReflectionDispatch.java:24)
	at org.gradle.messaging.remote.internal.hub.MessageHub$Handler.run(MessageHub.java:360)
	at org.gradle.internal.concurrent.DefaultExecutorFactory$StoppableExecutorImpl$1.run(DefaultExecutorFactory.java:64)
	at java.util.concurrent.ThreadPoolExecutor.runWorker(ThreadPoolExecutor.java:1145)
	at java.util.concurrent.ThreadPoolExecutor$Worker.run(ThreadPoolExecutor.java:615)
	at java.lang.Thread.run(Thread.java:745)
issuetracker.app.shared.aaaboundedcontext.authentication.User.genTempOneTimePassword must be less than or equal to 1
com.athena.framework.server.exception.biz.SpartanConstraintViolationException: Exception in validating entity /issuetracker.app.shared.aaaboundedcontext.authentication.User.genTempOneTimePassword must be less than or equal to 1

	at com.athena.framework.server.helper.EntityValidatorHelper.validateEntity(EntityValidatorHelper.java:28)
	at issuetracker.app.shared.aaaboundedcontext.authentication.User.isValid(User.java:397)
	at issuetracker.app.server.service.aaaboundedcontext.authentication.UserTestCase.validateUser(UserTestCase.java:237)
	at issuetracker.app.server.service.aaaboundedcontext.authentication.UserTestCase.test5NegativeTesting(UserTestCase.java:281)
	at sun.reflect.NativeMethodAccessorImpl.invoke0(Native Method)
	at sun.reflect.NativeMethodAccessorImpl.invoke(NativeMethodAccessorImpl.java:57)
	at sun.reflect.DelegatingMethodAccessorImpl.invoke(DelegatingMethodAccessorImpl.java:43)
	at java.lang.reflect.Method.invoke(Method.java:606)
	at org.junit.runners.model.FrameworkMethod$1.runReflectiveCall(FrameworkMethod.java:47)
	at org.junit.internal.runners.model.ReflectiveCallable.run(ReflectiveCallable.java:12)
	at org.junit.runners.model.FrameworkMethod.invokeExplosively(FrameworkMethod.java:44)
	at org.junit.internal.runners.statements.InvokeMethod.evaluate(InvokeMethod.java:17)
	at org.junit.internal.runners.statements.RunBefores.evaluate(RunBefores.java:26)
	at org.springframework.test.context.junit4.statements.RunBeforeTestMethodCallbacks.evaluate(RunBeforeTestMethodCallbacks.java:74)
	at org.junit.internal.runners.statements.RunAfters.evaluate(RunAfters.java:27)
	at org.springframework.test.context.junit4.statements.RunAfterTestMethodCallbacks.evaluate(RunAfterTestMethodCallbacks.java:83)
	at org.springframework.test.context.junit4.statements.SpringRepeat.evaluate(SpringRepeat.java:72)
	at org.springframework.test.context.junit4.SpringJUnit4ClassRunner.runChild(SpringJUnit4ClassRunner.java:233)
	at org.springframework.test.context.junit4.SpringJUnit4ClassRunner.runChild(SpringJUnit4ClassRunner.java:87)
	at org.junit.runners.ParentRunner$3.run(ParentRunner.java:238)
	at org.junit.runners.ParentRunner$1.schedule(ParentRunner.java:63)
	at org.junit.runners.ParentRunner.runChildren(ParentRunner.java:236)
	at org.junit.runners.ParentRunner.access$000(ParentRunner.java:53)
	at org.junit.runners.ParentRunner$2.evaluate(ParentRunner.java:229)
	at org.springframework.test.context.junit4.statements.RunBeforeTestClassCallbacks.evaluate(RunBeforeTestClassCallbacks.java:61)
	at org.springframework.test.context.junit4.statements.RunAfterTestClassCallbacks.evaluate(RunAfterTestClassCallbacks.java:71)
	at org.junit.runners.ParentRunner.run(ParentRunner.java:309)
	at org.springframework.test.context.junit4.SpringJUnit4ClassRunner.run(SpringJUnit4ClassRunner.java:176)
	at org.gradle.api.internal.tasks.testing.junit.JUnitTestClassExecuter.runTestClass(JUnitTestClassExecuter.java:86)
	at org.gradle.api.internal.tasks.testing.junit.JUnitTestClassExecuter.execute(JUnitTestClassExecuter.java:49)
	at org.gradle.api.internal.tasks.testing.junit.JUnitTestClassProcessor.processTestClass(JUnitTestClassProcessor.java:64)
	at org.gradle.api.internal.tasks.testing.SuiteTestClassProcessor.processTestClass(SuiteTestClassProcessor.java:50)
	at sun.reflect.GeneratedMethodAccessor121.invoke(Unknown Source)
	at sun.reflect.DelegatingMethodAccessorImpl.invoke(DelegatingMethodAccessorImpl.java:43)
	at java.lang.reflect.Method.invoke(Method.java:606)
	at org.gradle.messaging.dispatch.ReflectionDispatch.dispatch(ReflectionDispatch.java:35)
	at org.gradle.messaging.dispatch.ReflectionDispatch.dispatch(ReflectionDispatch.java:24)
	at org.gradle.messaging.dispatch.ContextClassLoaderDispatch.dispatch(ContextClassLoaderDispatch.java:32)
	at org.gradle.messaging.dispatch.ProxyDispatchAdapter$DispatchingInvocationHandler.invoke(ProxyDispatchAdapter.java:93)
	at com.sun.proxy.$Proxy2.processTestClass(Unknown Source)
	at org.gradle.api.internal.tasks.testing.worker.TestWorker.processTestClass(TestWorker.java:106)
	at sun.reflect.GeneratedMethodAccessor120.invoke(Unknown Source)
	at sun.reflect.DelegatingMethodAccessorImpl.invoke(DelegatingMethodAccessorImpl.java:43)
	at java.lang.reflect.Method.invoke(Method.java:606)
	at org.gradle.messaging.dispatch.ReflectionDispatch.dispatch(ReflectionDispatch.java:35)
	at org.gradle.messaging.dispatch.ReflectionDispatch.dispatch(ReflectionDispatch.java:24)
	at org.gradle.messaging.remote.internal.hub.MessageHub$Handler.run(MessageHub.java:360)
	at org.gradle.internal.concurrent.DefaultExecutorFactory$StoppableExecutorImpl$1.run(DefaultExecutorFactory.java:64)
	at java.util.concurrent.ThreadPoolExecutor.runWorker(ThreadPoolExecutor.java:1145)
	at java.util.concurrent.ThreadPoolExecutor$Worker.run(ThreadPoolExecutor.java:615)
	at java.lang.Thread.run(Thread.java:745)
issuetracker.app.shared.aaaboundedcontext.authentication.User.allowMultipleLogin must be less than or equal to 1
com.athena.framework.server.exception.biz.SpartanConstraintViolationException: Exception in validating entity /issuetracker.app.shared.aaaboundedcontext.authentication.User.allowMultipleLogin must be less than or equal to 1

	at com.athena.framework.server.helper.EntityValidatorHelper.validateEntity(EntityValidatorHelper.java:28)
	at issuetracker.app.shared.aaaboundedcontext.authentication.User.isValid(User.java:397)
	at issuetracker.app.server.service.aaaboundedcontext.authentication.UserTestCase.validateUser(UserTestCase.java:237)
	at issuetracker.app.server.service.aaaboundedcontext.authentication.UserTestCase.test5NegativeTesting(UserTestCase.java:286)
	at sun.reflect.NativeMethodAccessorImpl.invoke0(Native Method)
	at sun.reflect.NativeMethodAccessorImpl.invoke(NativeMethodAccessorImpl.java:57)
	at sun.reflect.DelegatingMethodAccessorImpl.invoke(DelegatingMethodAccessorImpl.java:43)
	at java.lang.reflect.Method.invoke(Method.java:606)
	at org.junit.runners.model.FrameworkMethod$1.runReflectiveCall(FrameworkMethod.java:47)
	at org.junit.internal.runners.model.ReflectiveCallable.run(ReflectiveCallable.java:12)
	at org.junit.runners.model.FrameworkMethod.invokeExplosively(FrameworkMethod.java:44)
	at org.junit.internal.runners.statements.InvokeMethod.evaluate(InvokeMethod.java:17)
	at org.junit.internal.runners.statements.RunBefores.evaluate(RunBefores.java:26)
	at org.springframework.test.context.junit4.statements.RunBeforeTestMethodCallbacks.evaluate(RunBeforeTestMethodCallbacks.java:74)
	at org.junit.internal.runners.statements.RunAfters.evaluate(RunAfters.java:27)
	at org.springframework.test.context.junit4.statements.RunAfterTestMethodCallbacks.evaluate(RunAfterTestMethodCallbacks.java:83)
	at org.springframework.test.context.junit4.statements.SpringRepeat.evaluate(SpringRepeat.java:72)
	at org.springframework.test.context.junit4.SpringJUnit4ClassRunner.runChild(SpringJUnit4ClassRunner.java:233)
	at org.springframework.test.context.junit4.SpringJUnit4ClassRunner.runChild(SpringJUnit4ClassRunner.java:87)
	at org.junit.runners.ParentRunner$3.run(ParentRunner.java:238)
	at org.junit.runners.ParentRunner$1.schedule(ParentRunner.java:63)
	at org.junit.runners.ParentRunner.runChildren(ParentRunner.java:236)
	at org.junit.runners.ParentRunner.access$000(ParentRunner.java:53)
	at org.junit.runners.ParentRunner$2.evaluate(ParentRunner.java:229)
	at org.springframework.test.context.junit4.statements.RunBeforeTestClassCallbacks.evaluate(RunBeforeTestClassCallbacks.java:61)
	at org.springframework.test.context.junit4.statements.RunAfterTestClassCallbacks.evaluate(RunAfterTestClassCallbacks.java:71)
	at org.junit.runners.ParentRunner.run(ParentRunner.java:309)
	at org.springframework.test.context.junit4.SpringJUnit4ClassRunner.run(SpringJUnit4ClassRunner.java:176)
	at org.gradle.api.internal.tasks.testing.junit.JUnitTestClassExecuter.runTestClass(JUnitTestClassExecuter.java:86)
	at org.gradle.api.internal.tasks.testing.junit.JUnitTestClassExecuter.execute(JUnitTestClassExecuter.java:49)
	at org.gradle.api.internal.tasks.testing.junit.JUnitTestClassProcessor.processTestClass(JUnitTestClassProcessor.java:64)
	at org.gradle.api.internal.tasks.testing.SuiteTestClassProcessor.processTestClass(SuiteTestClassProcessor.java:50)
	at sun.reflect.GeneratedMethodAccessor121.invoke(Unknown Source)
	at sun.reflect.DelegatingMethodAccessorImpl.invoke(DelegatingMethodAccessorImpl.java:43)
	at java.lang.reflect.Method.invoke(Method.java:606)
	at org.gradle.messaging.dispatch.ReflectionDispatch.dispatch(ReflectionDispatch.java:35)
	at org.gradle.messaging.dispatch.ReflectionDispatch.dispatch(ReflectionDispatch.java:24)
	at org.gradle.messaging.dispatch.ContextClassLoaderDispatch.dispatch(ContextClassLoaderDispatch.java:32)
	at org.gradle.messaging.dispatch.ProxyDispatchAdapter$DispatchingInvocationHandler.invoke(ProxyDispatchAdapter.java:93)
	at com.sun.proxy.$Proxy2.processTestClass(Unknown Source)
	at org.gradle.api.internal.tasks.testing.worker.TestWorker.processTestClass(TestWorker.java:106)
	at sun.reflect.GeneratedMethodAccessor120.invoke(Unknown Source)
	at sun.reflect.DelegatingMethodAccessorImpl.invoke(DelegatingMethodAccessorImpl.java:43)
	at java.lang.reflect.Method.invoke(Method.java:606)
	at org.gradle.messaging.dispatch.ReflectionDispatch.dispatch(ReflectionDispatch.java:35)
	at org.gradle.messaging.dispatch.ReflectionDispatch.dispatch(ReflectionDispatch.java:24)
	at org.gradle.messaging.remote.internal.hub.MessageHub$Handler.run(MessageHub.java:360)
	at org.gradle.internal.concurrent.DefaultExecutorFactory$StoppableExecutorImpl$1.run(DefaultExecutorFactory.java:64)
	at java.util.concurrent.ThreadPoolExecutor.runWorker(ThreadPoolExecutor.java:1145)
	at java.util.concurrent.ThreadPoolExecutor$Worker.run(ThreadPoolExecutor.java:615)
	at java.lang.Thread.run(Thread.java:745)
issuetracker.app.shared.aaaboundedcontext.authentication.User.isLocked must be less than or equal to 1
com.athena.framework.server.exception.biz.SpartanConstraintViolationException: Exception in validating entity /issuetracker.app.shared.aaaboundedcontext.authentication.User.isLocked must be less than or equal to 1

	at com.athena.framework.server.helper.EntityValidatorHelper.validateEntity(EntityValidatorHelper.java:28)
	at issuetracker.app.shared.aaaboundedcontext.authentication.User.isValid(User.java:397)
	at issuetracker.app.server.service.aaaboundedcontext.authentication.UserTestCase.validateUser(UserTestCase.java:237)
	at issuetracker.app.server.service.aaaboundedcontext.authentication.UserTestCase.test5NegativeTesting(UserTestCase.java:291)
	at sun.reflect.NativeMethodAccessorImpl.invoke0(Native Method)
	at sun.reflect.NativeMethodAccessorImpl.invoke(NativeMethodAccessorImpl.java:57)
	at sun.reflect.DelegatingMethodAccessorImpl.invoke(DelegatingMethodAccessorImpl.java:43)
	at java.lang.reflect.Method.invoke(Method.java:606)
	at org.junit.runners.model.FrameworkMethod$1.runReflectiveCall(FrameworkMethod.java:47)
	at org.junit.internal.runners.model.ReflectiveCallable.run(ReflectiveCallable.java:12)
	at org.junit.runners.model.FrameworkMethod.invokeExplosively(FrameworkMethod.java:44)
	at org.junit.internal.runners.statements.InvokeMethod.evaluate(InvokeMethod.java:17)
	at org.junit.internal.runners.statements.RunBefores.evaluate(RunBefores.java:26)
	at org.springframework.test.context.junit4.statements.RunBeforeTestMethodCallbacks.evaluate(RunBeforeTestMethodCallbacks.java:74)
	at org.junit.internal.runners.statements.RunAfters.evaluate(RunAfters.java:27)
	at org.springframework.test.context.junit4.statements.RunAfterTestMethodCallbacks.evaluate(RunAfterTestMethodCallbacks.java:83)
	at org.springframework.test.context.junit4.statements.SpringRepeat.evaluate(SpringRepeat.java:72)
	at org.springframework.test.context.junit4.SpringJUnit4ClassRunner.runChild(SpringJUnit4ClassRunner.java:233)
	at org.springframework.test.context.junit4.SpringJUnit4ClassRunner.runChild(SpringJUnit4ClassRunner.java:87)
	at org.junit.runners.ParentRunner$3.run(ParentRunner.java:238)
	at org.junit.runners.ParentRunner$1.schedule(ParentRunner.java:63)
	at org.junit.runners.ParentRunner.runChildren(ParentRunner.java:236)
	at org.junit.runners.ParentRunner.access$000(ParentRunner.java:53)
	at org.junit.runners.ParentRunner$2.evaluate(ParentRunner.java:229)
	at org.springframework.test.context.junit4.statements.RunBeforeTestClassCallbacks.evaluate(RunBeforeTestClassCallbacks.java:61)
	at org.springframework.test.context.junit4.statements.RunAfterTestClassCallbacks.evaluate(RunAfterTestClassCallbacks.java:71)
	at org.junit.runners.ParentRunner.run(ParentRunner.java:309)
	at org.springframework.test.context.junit4.SpringJUnit4ClassRunner.run(SpringJUnit4ClassRunner.java:176)
	at org.gradle.api.internal.tasks.testing.junit.JUnitTestClassExecuter.runTestClass(JUnitTestClassExecuter.java:86)
	at org.gradle.api.internal.tasks.testing.junit.JUnitTestClassExecuter.execute(JUnitTestClassExecuter.java:49)
	at org.gradle.api.internal.tasks.testing.junit.JUnitTestClassProcessor.processTestClass(JUnitTestClassProcessor.java:64)
	at org.gradle.api.internal.tasks.testing.SuiteTestClassProcessor.processTestClass(SuiteTestClassProcessor.java:50)
	at sun.reflect.GeneratedMethodAccessor121.invoke(Unknown Source)
	at sun.reflect.DelegatingMethodAccessorImpl.invoke(DelegatingMethodAccessorImpl.java:43)
	at java.lang.reflect.Method.invoke(Method.java:606)
	at org.gradle.messaging.dispatch.ReflectionDispatch.dispatch(ReflectionDispatch.java:35)
	at org.gradle.messaging.dispatch.ReflectionDispatch.dispatch(ReflectionDispatch.java:24)
	at org.gradle.messaging.dispatch.ContextClassLoaderDispatch.dispatch(ContextClassLoaderDispatch.java:32)
	at org.gradle.messaging.dispatch.ProxyDispatchAdapter$DispatchingInvocationHandler.invoke(ProxyDispatchAdapter.java:93)
	at com.sun.proxy.$Proxy2.processTestClass(Unknown Source)
	at org.gradle.api.internal.tasks.testing.worker.TestWorker.processTestClass(TestWorker.java:106)
	at sun.reflect.GeneratedMethodAccessor120.invoke(Unknown Source)
	at sun.reflect.DelegatingMethodAccessorImpl.invoke(DelegatingMethodAccessorImpl.java:43)
	at java.lang.reflect.Method.invoke(Method.java:606)
	at org.gradle.messaging.dispatch.ReflectionDispatch.dispatch(ReflectionDispatch.java:35)
	at org.gradle.messaging.dispatch.ReflectionDispatch.dispatch(ReflectionDispatch.java:24)
	at org.gradle.messaging.remote.internal.hub.MessageHub$Handler.run(MessageHub.java:360)
	at org.gradle.internal.concurrent.DefaultExecutorFactory$StoppableExecutorImpl$1.run(DefaultExecutorFactory.java:64)
	at java.util.concurrent.ThreadPoolExecutor.runWorker(ThreadPoolExecutor.java:1145)
	at java.util.concurrent.ThreadPoolExecutor$Worker.run(ThreadPoolExecutor.java:615)
	at java.lang.Thread.run(Thread.java:745)
issuetracker.app.shared.aaaboundedcontext.authentication.User.isDeleted must be less than or equal to 1
com.athena.framework.server.exception.biz.SpartanConstraintViolationException: Exception in validating entity /issuetracker.app.shared.aaaboundedcontext.authentication.User.isDeleted must be less than or equal to 1

	at com.athena.framework.server.helper.EntityValidatorHelper.validateEntity(EntityValidatorHelper.java:28)
	at issuetracker.app.shared.aaaboundedcontext.authentication.User.isValid(User.java:397)
	at issuetracker.app.server.service.aaaboundedcontext.authentication.UserTestCase.validateUser(UserTestCase.java:237)
	at issuetracker.app.server.service.aaaboundedcontext.authentication.UserTestCase.test5NegativeTesting(UserTestCase.java:296)
	at sun.reflect.NativeMethodAccessorImpl.invoke0(Native Method)
	at sun.reflect.NativeMethodAccessorImpl.invoke(NativeMethodAccessorImpl.java:57)
	at sun.reflect.DelegatingMethodAccessorImpl.invoke(DelegatingMethodAccessorImpl.java:43)
	at java.lang.reflect.Method.invoke(Method.java:606)
	at org.junit.runners.model.FrameworkMethod$1.runReflectiveCall(FrameworkMethod.java:47)
	at org.junit.internal.runners.model.ReflectiveCallable.run(ReflectiveCallable.java:12)
	at org.junit.runners.model.FrameworkMethod.invokeExplosively(FrameworkMethod.java:44)
	at org.junit.internal.runners.statements.InvokeMethod.evaluate(InvokeMethod.java:17)
	at org.junit.internal.runners.statements.RunBefores.evaluate(RunBefores.java:26)
	at org.springframework.test.context.junit4.statements.RunBeforeTestMethodCallbacks.evaluate(RunBeforeTestMethodCallbacks.java:74)
	at org.junit.internal.runners.statements.RunAfters.evaluate(RunAfters.java:27)
	at org.springframework.test.context.junit4.statements.RunAfterTestMethodCallbacks.evaluate(RunAfterTestMethodCallbacks.java:83)
	at org.springframework.test.context.junit4.statements.SpringRepeat.evaluate(SpringRepeat.java:72)
	at org.springframework.test.context.junit4.SpringJUnit4ClassRunner.runChild(SpringJUnit4ClassRunner.java:233)
	at org.springframework.test.context.junit4.SpringJUnit4ClassRunner.runChild(SpringJUnit4ClassRunner.java:87)
	at org.junit.runners.ParentRunner$3.run(ParentRunner.java:238)
	at org.junit.runners.ParentRunner$1.schedule(ParentRunner.java:63)
	at org.junit.runners.ParentRunner.runChildren(ParentRunner.java:236)
	at org.junit.runners.ParentRunner.access$000(ParentRunner.java:53)
	at org.junit.runners.ParentRunner$2.evaluate(ParentRunner.java:229)
	at org.springframework.test.context.junit4.statements.RunBeforeTestClassCallbacks.evaluate(RunBeforeTestClassCallbacks.java:61)
	at org.springframework.test.context.junit4.statements.RunAfterTestClassCallbacks.evaluate(RunAfterTestClassCallbacks.java:71)
	at org.junit.runners.ParentRunner.run(ParentRunner.java:309)
	at org.springframework.test.context.junit4.SpringJUnit4ClassRunner.run(SpringJUnit4ClassRunner.java:176)
	at org.gradle.api.internal.tasks.testing.junit.JUnitTestClassExecuter.runTestClass(JUnitTestClassExecuter.java:86)
	at org.gradle.api.internal.tasks.testing.junit.JUnitTestClassExecuter.execute(JUnitTestClassExecuter.java:49)
	at org.gradle.api.internal.tasks.testing.junit.JUnitTestClassProcessor.processTestClass(JUnitTestClassProcessor.java:64)
	at org.gradle.api.internal.tasks.testing.SuiteTestClassProcessor.processTestClass(SuiteTestClassProcessor.java:50)
	at sun.reflect.GeneratedMethodAccessor121.invoke(Unknown Source)
	at sun.reflect.DelegatingMethodAccessorImpl.invoke(DelegatingMethodAccessorImpl.java:43)
	at java.lang.reflect.Method.invoke(Method.java:606)
	at org.gradle.messaging.dispatch.ReflectionDispatch.dispatch(ReflectionDispatch.java:35)
	at org.gradle.messaging.dispatch.ReflectionDispatch.dispatch(ReflectionDispatch.java:24)
	at org.gradle.messaging.dispatch.ContextClassLoaderDispatch.dispatch(ContextClassLoaderDispatch.java:32)
	at org.gradle.messaging.dispatch.ProxyDispatchAdapter$DispatchingInvocationHandler.invoke(ProxyDispatchAdapter.java:93)
	at com.sun.proxy.$Proxy2.processTestClass(Unknown Source)
	at org.gradle.api.internal.tasks.testing.worker.TestWorker.processTestClass(TestWorker.java:106)
	at sun.reflect.GeneratedMethodAccessor120.invoke(Unknown Source)
	at sun.reflect.DelegatingMethodAccessorImpl.invoke(DelegatingMethodAccessorImpl.java:43)
	at java.lang.reflect.Method.invoke(Method.java:606)
	at org.gradle.messaging.dispatch.ReflectionDispatch.dispatch(ReflectionDispatch.java:35)
	at org.gradle.messaging.dispatch.ReflectionDispatch.dispatch(ReflectionDispatch.java:24)
	at org.gradle.messaging.remote.internal.hub.MessageHub$Handler.run(MessageHub.java:360)
	at org.gradle.internal.concurrent.DefaultExecutorFactory$StoppableExecutorImpl$1.run(DefaultExecutorFactory.java:64)
	at java.util.concurrent.ThreadPoolExecutor.runWorker(ThreadPoolExecutor.java:1145)
	at java.util.concurrent.ThreadPoolExecutor$Worker.run(ThreadPoolExecutor.java:615)
	at java.lang.Thread.run(Thread.java:745)
issuetracker.app.shared.aaaboundedcontext.authentication.User.changePasswordNextLogin must be less than or equal to 1
com.athena.framework.server.exception.biz.SpartanConstraintViolationException: Exception in validating entity /issuetracker.app.shared.aaaboundedcontext.authentication.User.changePasswordNextLogin must be less than or equal to 1

	at com.athena.framework.server.helper.EntityValidatorHelper.validateEntity(EntityValidatorHelper.java:28)
	at issuetracker.app.shared.aaaboundedcontext.authentication.User.isValid(User.java:397)
	at issuetracker.app.server.service.aaaboundedcontext.authentication.UserTestCase.validateUser(UserTestCase.java:237)
	at issuetracker.app.server.service.aaaboundedcontext.authentication.UserTestCase.test5NegativeTesting(UserTestCase.java:301)
	at sun.reflect.NativeMethodAccessorImpl.invoke0(Native Method)
	at sun.reflect.NativeMethodAccessorImpl.invoke(NativeMethodAccessorImpl.java:57)
	at sun.reflect.DelegatingMethodAccessorImpl.invoke(DelegatingMethodAccessorImpl.java:43)
	at java.lang.reflect.Method.invoke(Method.java:606)
	at org.junit.runners.model.FrameworkMethod$1.runReflectiveCall(FrameworkMethod.java:47)
	at org.junit.internal.runners.model.ReflectiveCallable.run(ReflectiveCallable.java:12)
	at org.junit.runners.model.FrameworkMethod.invokeExplosively(FrameworkMethod.java:44)
	at org.junit.internal.runners.statements.InvokeMethod.evaluate(InvokeMethod.java:17)
	at org.junit.internal.runners.statements.RunBefores.evaluate(RunBefores.java:26)
	at org.springframework.test.context.junit4.statements.RunBeforeTestMethodCallbacks.evaluate(RunBeforeTestMethodCallbacks.java:74)
	at org.junit.internal.runners.statements.RunAfters.evaluate(RunAfters.java:27)
	at org.springframework.test.context.junit4.statements.RunAfterTestMethodCallbacks.evaluate(RunAfterTestMethodCallbacks.java:83)
	at org.springframework.test.context.junit4.statements.SpringRepeat.evaluate(SpringRepeat.java:72)
	at org.springframework.test.context.junit4.SpringJUnit4ClassRunner.runChild(SpringJUnit4ClassRunner.java:233)
	at org.springframework.test.context.junit4.SpringJUnit4ClassRunner.runChild(SpringJUnit4ClassRunner.java:87)
	at org.junit.runners.ParentRunner$3.run(ParentRunner.java:238)
	at org.junit.runners.ParentRunner$1.schedule(ParentRunner.java:63)
	at org.junit.runners.ParentRunner.runChildren(ParentRunner.java:236)
	at org.junit.runners.ParentRunner.access$000(ParentRunner.java:53)
	at org.junit.runners.ParentRunner$2.evaluate(ParentRunner.java:229)
	at org.springframework.test.context.junit4.statements.RunBeforeTestClassCallbacks.evaluate(RunBeforeTestClassCallbacks.java:61)
	at org.springframework.test.context.junit4.statements.RunAfterTestClassCallbacks.evaluate(RunAfterTestClassCallbacks.java:71)
	at org.junit.runners.ParentRunner.run(ParentRunner.java:309)
	at org.springframework.test.context.junit4.SpringJUnit4ClassRunner.run(SpringJUnit4ClassRunner.java:176)
	at org.gradle.api.internal.tasks.testing.junit.JUnitTestClassExecuter.runTestClass(JUnitTestClassExecuter.java:86)
	at org.gradle.api.internal.tasks.testing.junit.JUnitTestClassExecuter.execute(JUnitTestClassExecuter.java:49)
	at org.gradle.api.internal.tasks.testing.junit.JUnitTestClassProcessor.processTestClass(JUnitTestClassProcessor.java:64)
	at org.gradle.api.internal.tasks.testing.SuiteTestClassProcessor.processTestClass(SuiteTestClassProcessor.java:50)
	at sun.reflect.GeneratedMethodAccessor121.invoke(Unknown Source)
	at sun.reflect.DelegatingMethodAccessorImpl.invoke(DelegatingMethodAccessorImpl.java:43)
	at java.lang.reflect.Method.invoke(Method.java:606)
	at org.gradle.messaging.dispatch.ReflectionDispatch.dispatch(ReflectionDispatch.java:35)
	at org.gradle.messaging.dispatch.ReflectionDispatch.dispatch(ReflectionDispatch.java:24)
	at org.gradle.messaging.dispatch.ContextClassLoaderDispatch.dispatch(ContextClassLoaderDispatch.java:32)
	at org.gradle.messaging.dispatch.ProxyDispatchAdapter$DispatchingInvocationHandler.invoke(ProxyDispatchAdapter.java:93)
	at com.sun.proxy.$Proxy2.processTestClass(Unknown Source)
	at org.gradle.api.internal.tasks.testing.worker.TestWorker.processTestClass(TestWorker.java:106)
	at sun.reflect.GeneratedMethodAccessor120.invoke(Unknown Source)
	at sun.reflect.DelegatingMethodAccessorImpl.invoke(DelegatingMethodAccessorImpl.java:43)
	at java.lang.reflect.Method.invoke(Method.java:606)
	at org.gradle.messaging.dispatch.ReflectionDispatch.dispatch(ReflectionDispatch.java:35)
	at org.gradle.messaging.dispatch.ReflectionDispatch.dispatch(ReflectionDispatch.java:24)
	at org.gradle.messaging.remote.internal.hub.MessageHub$Handler.run(MessageHub.java:360)
	at org.gradle.internal.concurrent.DefaultExecutorFactory$StoppableExecutorImpl$1.run(DefaultExecutorFactory.java:64)
	at java.util.concurrent.ThreadPoolExecutor.runWorker(ThreadPoolExecutor.java:1145)
	at java.util.concurrent.ThreadPoolExecutor$Worker.run(ThreadPoolExecutor.java:615)
	at java.lang.Thread.run(Thread.java:745)
issuetracker.app.shared.aaaboundedcontext.authentication.User.passwordAlgo size must be between 0 and 64
com.athena.framework.server.exception.biz.SpartanConstraintViolationException: Exception in validating entity /issuetracker.app.shared.aaaboundedcontext.authentication.User.passwordAlgo size must be between 0 and 64

	at com.athena.framework.server.helper.EntityValidatorHelper.validateEntity(EntityValidatorHelper.java:28)
	at issuetracker.app.shared.aaaboundedcontext.authentication.User.isValid(User.java:397)
	at issuetracker.app.server.service.aaaboundedcontext.authentication.UserTestCase.validateUser(UserTestCase.java:237)
	at issuetracker.app.server.service.aaaboundedcontext.authentication.UserTestCase.test5NegativeTesting(UserTestCase.java:306)
	at sun.reflect.NativeMethodAccessorImpl.invoke0(Native Method)
	at sun.reflect.NativeMethodAccessorImpl.invoke(NativeMethodAccessorImpl.java:57)
	at sun.reflect.DelegatingMethodAccessorImpl.invoke(DelegatingMethodAccessorImpl.java:43)
	at java.lang.reflect.Method.invoke(Method.java:606)
	at org.junit.runners.model.FrameworkMethod$1.runReflectiveCall(FrameworkMethod.java:47)
	at org.junit.internal.runners.model.ReflectiveCallable.run(ReflectiveCallable.java:12)
	at org.junit.runners.model.FrameworkMethod.invokeExplosively(FrameworkMethod.java:44)
	at org.junit.internal.runners.statements.InvokeMethod.evaluate(InvokeMethod.java:17)
	at org.junit.internal.runners.statements.RunBefores.evaluate(RunBefores.java:26)
	at org.springframework.test.context.junit4.statements.RunBeforeTestMethodCallbacks.evaluate(RunBeforeTestMethodCallbacks.java:74)
	at org.junit.internal.runners.statements.RunAfters.evaluate(RunAfters.java:27)
	at org.springframework.test.context.junit4.statements.RunAfterTestMethodCallbacks.evaluate(RunAfterTestMethodCallbacks.java:83)
	at org.springframework.test.context.junit4.statements.SpringRepeat.evaluate(SpringRepeat.java:72)
	at org.springframework.test.context.junit4.SpringJUnit4ClassRunner.runChild(SpringJUnit4ClassRunner.java:233)
	at org.springframework.test.context.junit4.SpringJUnit4ClassRunner.runChild(SpringJUnit4ClassRunner.java:87)
	at org.junit.runners.ParentRunner$3.run(ParentRunner.java:238)
	at org.junit.runners.ParentRunner$1.schedule(ParentRunner.java:63)
	at org.junit.runners.ParentRunner.runChildren(ParentRunner.java:236)
	at org.junit.runners.ParentRunner.access$000(ParentRunner.java:53)
	at org.junit.runners.ParentRunner$2.evaluate(ParentRunner.java:229)
	at org.springframework.test.context.junit4.statements.RunBeforeTestClassCallbacks.evaluate(RunBeforeTestClassCallbacks.java:61)
	at org.springframework.test.context.junit4.statements.RunAfterTestClassCallbacks.evaluate(RunAfterTestClassCallbacks.java:71)
	at org.junit.runners.ParentRunner.run(ParentRunner.java:309)
	at org.springframework.test.context.junit4.SpringJUnit4ClassRunner.run(SpringJUnit4ClassRunner.java:176)
	at org.gradle.api.internal.tasks.testing.junit.JUnitTestClassExecuter.runTestClass(JUnitTestClassExecuter.java:86)
	at org.gradle.api.internal.tasks.testing.junit.JUnitTestClassExecuter.execute(JUnitTestClassExecuter.java:49)
	at org.gradle.api.internal.tasks.testing.junit.JUnitTestClassProcessor.processTestClass(JUnitTestClassProcessor.java:64)
	at org.gradle.api.internal.tasks.testing.SuiteTestClassProcessor.processTestClass(SuiteTestClassProcessor.java:50)
	at sun.reflect.GeneratedMethodAccessor121.invoke(Unknown Source)
	at sun.reflect.DelegatingMethodAccessorImpl.invoke(DelegatingMethodAccessorImpl.java:43)
	at java.lang.reflect.Method.invoke(Method.java:606)
	at org.gradle.messaging.dispatch.ReflectionDispatch.dispatch(ReflectionDispatch.java:35)
	at org.gradle.messaging.dispatch.ReflectionDispatch.dispatch(ReflectionDispatch.java:24)
	at org.gradle.messaging.dispatch.ContextClassLoaderDispatch.dispatch(ContextClassLoaderDispatch.java:32)
	at org.gradle.messaging.dispatch.ProxyDispatchAdapter$DispatchingInvocationHandler.invoke(ProxyDispatchAdapter.java:93)
	at com.sun.proxy.$Proxy2.processTestClass(Unknown Source)
	at org.gradle.api.internal.tasks.testing.worker.TestWorker.processTestClass(TestWorker.java:106)
	at sun.reflect.GeneratedMethodAccessor120.invoke(Unknown Source)
	at sun.reflect.DelegatingMethodAccessorImpl.invoke(DelegatingMethodAccessorImpl.java:43)
	at java.lang.reflect.Method.invoke(Method.java:606)
	at org.gradle.messaging.dispatch.ReflectionDispatch.dispatch(ReflectionDispatch.java:35)
	at org.gradle.messaging.dispatch.ReflectionDispatch.dispatch(ReflectionDispatch.java:24)
	at org.gradle.messaging.remote.internal.hub.MessageHub$Handler.run(MessageHub.java:360)
	at org.gradle.internal.concurrent.DefaultExecutorFactory$StoppableExecutorImpl$1.run(DefaultExecutorFactory.java:64)
	at java.util.concurrent.ThreadPoolExecutor.runWorker(ThreadPoolExecutor.java:1145)
	at java.util.concurrent.ThreadPoolExecutor$Worker.run(ThreadPoolExecutor.java:615)
	at java.lang.Thread.run(Thread.java:745)
issuetracker.app.shared.aaaboundedcontext.authentication.User.sessionTimeout must be less than or equal to 3600
com.athena.framework.server.exception.biz.SpartanConstraintViolationException: Exception in validating entity /issuetracker.app.shared.aaaboundedcontext.authentication.User.sessionTimeout must be less than or equal to 3600

	at com.athena.framework.server.helper.EntityValidatorHelper.validateEntity(EntityValidatorHelper.java:28)
	at issuetracker.app.shared.aaaboundedcontext.authentication.User.isValid(User.java:397)
	at issuetracker.app.server.service.aaaboundedcontext.authentication.UserTestCase.validateUser(UserTestCase.java:237)
	at issuetracker.app.server.service.aaaboundedcontext.authentication.UserTestCase.test5NegativeTesting(UserTestCase.java:311)
	at sun.reflect.NativeMethodAccessorImpl.invoke0(Native Method)
	at sun.reflect.NativeMethodAccessorImpl.invoke(NativeMethodAccessorImpl.java:57)
	at sun.reflect.DelegatingMethodAccessorImpl.invoke(DelegatingMethodAccessorImpl.java:43)
	at java.lang.reflect.Method.invoke(Method.java:606)
	at org.junit.runners.model.FrameworkMethod$1.runReflectiveCall(FrameworkMethod.java:47)
	at org.junit.internal.runners.model.ReflectiveCallable.run(ReflectiveCallable.java:12)
	at org.junit.runners.model.FrameworkMethod.invokeExplosively(FrameworkMethod.java:44)
	at org.junit.internal.runners.statements.InvokeMethod.evaluate(InvokeMethod.java:17)
	at org.junit.internal.runners.statements.RunBefores.evaluate(RunBefores.java:26)
	at org.springframework.test.context.junit4.statements.RunBeforeTestMethodCallbacks.evaluate(RunBeforeTestMethodCallbacks.java:74)
	at org.junit.internal.runners.statements.RunAfters.evaluate(RunAfters.java:27)
	at org.springframework.test.context.junit4.statements.RunAfterTestMethodCallbacks.evaluate(RunAfterTestMethodCallbacks.java:83)
	at org.springframework.test.context.junit4.statements.SpringRepeat.evaluate(SpringRepeat.java:72)
	at org.springframework.test.context.junit4.SpringJUnit4ClassRunner.runChild(SpringJUnit4ClassRunner.java:233)
	at org.springframework.test.context.junit4.SpringJUnit4ClassRunner.runChild(SpringJUnit4ClassRunner.java:87)
	at org.junit.runners.ParentRunner$3.run(ParentRunner.java:238)
	at org.junit.runners.ParentRunner$1.schedule(ParentRunner.java:63)
	at org.junit.runners.ParentRunner.runChildren(ParentRunner.java:236)
	at org.junit.runners.ParentRunner.access$000(ParentRunner.java:53)
	at org.junit.runners.ParentRunner$2.evaluate(ParentRunner.java:229)
	at org.springframework.test.context.junit4.statements.RunBeforeTestClassCallbacks.evaluate(RunBeforeTestClassCallbacks.java:61)
	at org.springframework.test.context.junit4.statements.RunAfterTestClassCallbacks.evaluate(RunAfterTestClassCallbacks.java:71)
	at org.junit.runners.ParentRunner.run(ParentRunner.java:309)
	at org.springframework.test.context.junit4.SpringJUnit4ClassRunner.run(SpringJUnit4ClassRunner.java:176)
	at org.gradle.api.internal.tasks.testing.junit.JUnitTestClassExecuter.runTestClass(JUnitTestClassExecuter.java:86)
	at org.gradle.api.internal.tasks.testing.junit.JUnitTestClassExecuter.execute(JUnitTestClassExecuter.java:49)
	at org.gradle.api.internal.tasks.testing.junit.JUnitTestClassProcessor.processTestClass(JUnitTestClassProcessor.java:64)
	at org.gradle.api.internal.tasks.testing.SuiteTestClassProcessor.processTestClass(SuiteTestClassProcessor.java:50)
	at sun.reflect.GeneratedMethodAccessor121.invoke(Unknown Source)
	at sun.reflect.DelegatingMethodAccessorImpl.invoke(DelegatingMethodAccessorImpl.java:43)
	at java.lang.reflect.Method.invoke(Method.java:606)
	at org.gradle.messaging.dispatch.ReflectionDispatch.dispatch(ReflectionDispatch.java:35)
	at org.gradle.messaging.dispatch.ReflectionDispatch.dispatch(ReflectionDispatch.java:24)
	at org.gradle.messaging.dispatch.ContextClassLoaderDispatch.dispatch(ContextClassLoaderDispatch.java:32)
	at org.gradle.messaging.dispatch.ProxyDispatchAdapter$DispatchingInvocationHandler.invoke(ProxyDispatchAdapter.java:93)
	at com.sun.proxy.$Proxy2.processTestClass(Unknown Source)
	at org.gradle.api.internal.tasks.testing.worker.TestWorker.processTestClass(TestWorker.java:106)
	at sun.reflect.GeneratedMethodAccessor120.invoke(Unknown Source)
	at sun.reflect.DelegatingMethodAccessorImpl.invoke(DelegatingMethodAccessorImpl.java:43)
	at java.lang.reflect.Method.invoke(Method.java:606)
	at org.gradle.messaging.dispatch.ReflectionDispatch.dispatch(ReflectionDispatch.java:35)
	at org.gradle.messaging.dispatch.ReflectionDispatch.dispatch(ReflectionDispatch.java:24)
	at org.gradle.messaging.remote.internal.hub.MessageHub$Handler.run(MessageHub.java:360)
	at org.gradle.internal.concurrent.DefaultExecutorFactory$StoppableExecutorImpl$1.run(DefaultExecutorFactory.java:64)
	at java.util.concurrent.ThreadPoolExecutor.runWorker(ThreadPoolExecutor.java:1145)
	at java.util.concurrent.ThreadPoolExecutor$Worker.run(ThreadPoolExecutor.java:615)
	at java.lang.Thread.run(Thread.java:745)
]]></system-err>
</testsuite>
