<?xml version="1.0" encoding="UTF-8"?>
<testsuite name="issuetracker.app.server.service.issuetrackerboundedcontext.issuetracker.IssueActivityTestCase" tests="7" skipped="0" failures="0" errors="0" timestamp="2016-03-16T11:46:20" hostname="874d4be5f1eb" time="0.978">
  <properties/>
  <testcase name="test1Save" classname="issuetracker.app.server.service.issuetrackerboundedcontext.issuetracker.IssueActivityTestCase" time="0.188"/>
  <testcase name="test2Update" classname="issuetracker.app.server.service.issuetrackerboundedcontext.issuetracker.IssueActivityTestCase" time="0.095"/>
  <testcase name="test3FindById" classname="issuetracker.app.server.service.issuetrackerboundedcontext.issuetracker.IssueActivityTestCase" time="0.017"/>
  <testcase name="test3findByissueStageCode" classname="issuetracker.app.server.service.issuetrackerboundedcontext.issuetracker.IssueActivityTestCase" time="0.017"/>
  <testcase name="test3findByissueStatusCode" classname="issuetracker.app.server.service.issuetrackerboundedcontext.issuetracker.IssueActivityTestCase" time="0.018"/>
  <testcase name="test4Delete" classname="issuetracker.app.server.service.issuetrackerboundedcontext.issuetracker.IssueActivityTestCase" time="0.035"/>
  <testcase name="test5NegativeTesting" classname="issuetracker.app.server.service.issuetrackerboundedcontext.issuetracker.IssueActivityTestCase" time="0.605"/>
  <system-out><![CDATA[[EL Fine]: sql: 2016-03-16 11:46:20.739--ClientSession(1338777935)--Connection(1183009156)--Thread(Thread[Test worker,5,main])--INSERT INTO ast_IssueStage_M (issueStageCode, issueStageDesc, issueStageId, issueStageName, versionId, createdBy, createdDate, updatedBy, updatedDate, activeStatus, txnAccessCode) VALUES (?, ?, ?, ?, ?, ?, ?, ?, ?, ?, ?)
	bind => [756A30F6-6995-4F21-BD3B-4B207CAA0C9C, zhYpkhMSpHg162Z2CygzqKrczLdWAWUXoX3MkhjyrwNqsKb9IN, tn8pWeeJBmzYMOHveYugh1H0kKZyrXFBM3Yje0MQSVXMivju0q, NKkqLuymR3MfirE85wCLGVhFnURR4Wyx7FDvEC2hw2GP3Uizjr, 1, AAAAA, 2016-03-16 11:46:20.727, null, 2016-03-16 11:46:20.727, 1, 51000]
[EL Fine]: sql: 2016-03-16 11:46:20.803--ClientSession(268162730)--Connection(1183009156)--Thread(Thread[Test worker,5,main])--INSERT INTO ast_IssueStatus_M (issueStatusCode, issueStageCode, issueStatusDesc, issueStatusId, issueStatusName, versionId, createdBy, createdDate, updatedBy, updatedDate, activeStatus, txnAccessCode) VALUES (?, ?, ?, ?, ?, ?, ?, ?, ?, ?, ?, ?)
	bind => [6A2D905D-E38A-45C2-B556-2C6331A5F87C, 756A30F6-6995-4F21-BD3B-4B207CAA0C9C, FXcaQL5AaoFZPX3FJujfHpuGl7WOTQSvxffowKoOLEAcNCEpRR, "Fxh6yOJWMQLzsc9MfItx2H0Ae8mzNMOiY60UbHdOqlnvChmUGS", O8zTMK5nkcOiHr1diWYjOSLsJ3n8WYPABDUEbw5yEqdA3ZKuVq, 1, AAAAA, 2016-03-16 11:46:20.787, null, 2016-03-16 11:46:20.787, 1, 51000]
Setting logged in user info for ADD
[EL Fine]: sql: 2016-03-16 11:46:20.835--ClientSession(1608222215)--Connection(1183009156)--Thread(Thread[Test worker,5,main])--INSERT INTO ast_IssueActivity_M (issueActivityCode, issueActivityDesc, issueActivityId, issueActivityName, issueStageCode, issueStatusCode, versionId, createdBy, createdDate, updatedBy, updatedDate, activeStatus, txnAccessCode) VALUES (?, ?, ?, ?, ?, ?, ?, ?, ?, ?, ?, ?, ?)
	bind => [9EF56C0B-A59D-4498-A47D-C0372A4B2926, WBQCVb4H1lDs1TEKN79kdGjaX3DbG6GLBJQP2DlTf9MTn6pP7G, "lRbje2BCpBhyYMV7SkMOra1zeG55Gg5dnp7pcms6QyEzbCkPDV", x3hH7ieOWXrXVlIQLjVJ4SrSf3kHFtqnK5UxSxwXrznJXKygze, 756A30F6-6995-4F21-BD3B-4B207CAA0C9C, 6A2D905D-E38A-45C2-B556-2C6331A5F87C, 1, AAAAA, 2016-03-16 11:46:20.819, null, 2016-03-16 11:46:20.819, 1, 51000]
[EL Fine]: sql: 2016-03-16 11:46:20.913--ClientSession(453985299)--Connection(1183009156)--Thread(Thread[Test worker,5,main])--SELECT issueActivityCode, issueActivityDesc, issueActivityId, issueActivityName, issueStageCode, issueStatusCode, versionId, createdBy, createdDate, updatedBy, updatedDate, activeStatus, txnAccessCode FROM ast_IssueActivity_M WHERE ((activeStatus = ?) AND (issueActivityCode = ?))
	bind => [1, 9EF56C0B-A59D-4498-A47D-C0372A4B2926]
Setting logged in user info for UPDATE
[EL Fine]: sql: 2016-03-16 11:46:20.92--ClientSession(398772717)--Connection(1183009156)--Thread(Thread[Test worker,5,main])--SELECT issueActivityCode, issueActivityDesc, issueActivityId, issueActivityName, issueStageCode, issueStatusCode, versionId, createdBy, createdDate, updatedBy, updatedDate, activeStatus, txnAccessCode FROM ast_IssueActivity_M WHERE (issueActivityCode = ?)
	bind => [9EF56C0B-A59D-4498-A47D-C0372A4B2926]
[EL Fine]: sql: 2016-03-16 11:46:20.922--ClientSession(398772717)--Connection(1183009156)--Thread(Thread[Test worker,5,main])--UPDATE ast_IssueActivity_M SET issueActivityDesc = ?, issueActivityId = ?, issueActivityName = ?, updatedBy = ?, versionId = ? WHERE ((issueActivityCode = ?) AND (versionId = ?))
	bind => [wrb91ET2zyLOeeC6gxEsW3nFEMnAp0Jel7Q67YajOodpLEXHmS, cAl9WrIG4TIGaySwdGpJlSyVypVn99BO8qN4w9icPl2ShrTxbP, 9nDPn805HJNHzPYkZ2EbbgBWIIpxwoofgEVVYmxtYQZPE2XRc8, AAAAA, 2, 9EF56C0B-A59D-4498-A47D-C0372A4B2926, 1]
[EL Fine]: sql: 2016-03-16 11:46:21.011--ClientSession(1355902271)--Connection(1183009156)--Thread(Thread[Test worker,5,main])--SELECT issueActivityCode, issueActivityDesc, issueActivityId, issueActivityName, issueStageCode, issueStatusCode, versionId, createdBy, createdDate, updatedBy, updatedDate, activeStatus, txnAccessCode FROM ast_IssueActivity_M WHERE ((activeStatus = ?) AND (issueActivityCode = ?))
	bind => [1, 9EF56C0B-A59D-4498-A47D-C0372A4B2926]
[EL Fine]: sql: 2016-03-16 11:46:21.026--ClientSession(752534839)--Connection(1183009156)--Thread(Thread[Test worker,5,main])--SELECT issueActivityCode, issueActivityDesc, issueActivityId, issueActivityName, issueStageCode, issueStatusCode, versionId, createdBy, createdDate, updatedBy, updatedDate, activeStatus, txnAccessCode FROM ast_IssueActivity_M WHERE ((activeStatus = ?) AND (issueStageCode = ?))
	bind => [1, 756A30F6-6995-4F21-BD3B-4B207CAA0C9C]
[EL Fine]: sql: 2016-03-16 11:46:21.045--ClientSession(1129145167)--Connection(1183009156)--Thread(Thread[Test worker,5,main])--SELECT issueActivityCode, issueActivityDesc, issueActivityId, issueActivityName, issueStageCode, issueStatusCode, versionId, createdBy, createdDate, updatedBy, updatedDate, activeStatus, txnAccessCode FROM ast_IssueActivity_M WHERE ((activeStatus = ?) AND (issueStatusCode = ?))
	bind => [1, 6A2D905D-E38A-45C2-B556-2C6331A5F87C]
[EL Fine]: sql: 2016-03-16 11:46:21.062--ClientSession(389134113)--Connection(1183009156)--Thread(Thread[Test worker,5,main])--SELECT issueActivityCode, issueActivityDesc, issueActivityId, issueActivityName, issueStageCode, issueStatusCode, versionId, createdBy, createdDate, updatedBy, updatedDate, activeStatus, txnAccessCode FROM ast_IssueActivity_M WHERE (issueActivityCode = ?)
	bind => [9EF56C0B-A59D-4498-A47D-C0372A4B2926]
[EL Fine]: sql: 2016-03-16 11:46:21.064--ClientSession(389134113)--Connection(1183009156)--Thread(Thread[Test worker,5,main])--DELETE FROM ast_IssueActivity_M WHERE ((issueActivityCode = ?) AND (versionId = ?))
	bind => [9EF56C0B-A59D-4498-A47D-C0372A4B2926, 2]
[EL Fine]: sql: 2016-03-16 11:46:21.103--ClientSession(1064743876)--Connection(1183009156)--Thread(Thread[Test worker,5,main])--INSERT INTO ast_IssueStage_M (issueStageCode, issueStageDesc, issueStageId, issueStageName, versionId, createdBy, createdDate, updatedBy, updatedDate, activeStatus, txnAccessCode) VALUES (?, ?, ?, ?, ?, ?, ?, ?, ?, ?, ?)
	bind => [73EAA7B9-F69F-4C78-AD71-6B15FFB209ED, zhYpkhMSpHg162Z2CygzqKrczLdWAWUXoX3MkhjyrwNqsKb9IN, tn8pWeeJBmzYMOHveYugh1H0kKZyrXFBM3Yje0MQSVXMivju0q, NKkqLuymR3MfirE85wCLGVhFnURR4Wyx7FDvEC2hw2GP3Uizjr, 1, AAAAA, 2016-03-16 11:46:21.089, null, 2016-03-16 11:46:21.089, 1, 51000]
[EL Fine]: sql: 2016-03-16 11:46:21.138--ClientSession(947816831)--Connection(1183009156)--Thread(Thread[Test worker,5,main])--INSERT INTO ast_IssueStatus_M (issueStatusCode, issueStageCode, issueStatusDesc, issueStatusId, issueStatusName, versionId, createdBy, createdDate, updatedBy, updatedDate, activeStatus, txnAccessCode) VALUES (?, ?, ?, ?, ?, ?, ?, ?, ?, ?, ?, ?)
	bind => [67B2374B-9446-4BF1-9490-5542CAEA564D, 73EAA7B9-F69F-4C78-AD71-6B15FFB209ED, FXcaQL5AaoFZPX3FJujfHpuGl7WOTQSvxffowKoOLEAcNCEpRR, "letihxtiElewZpN0p2fN52MlOUzBLIazXi0SQqTDjomIAo2Zl9", O8zTMK5nkcOiHr1diWYjOSLsJ3n8WYPABDUEbw5yEqdA3ZKuVq, 1, AAAAA, 2016-03-16 11:46:21.122, null, 2016-03-16 11:46:21.122, 1, 51000]
[EL Fine]: sql: 2016-03-16 11:46:21.158--ClientSession(1592986113)--Connection(1183009156)--Thread(Thread[Test worker,5,main])--INSERT INTO ast_IssueStage_M (issueStageCode, issueStageDesc, issueStageId, issueStageName, versionId, createdBy, createdDate, updatedBy, updatedDate, activeStatus, txnAccessCode) VALUES (?, ?, ?, ?, ?, ?, ?, ?, ?, ?, ?)
	bind => [684D8F63-9978-47F0-A31D-01E8EF38BEB1, zhYpkhMSpHg162Z2CygzqKrczLdWAWUXoX3MkhjyrwNqsKb9IN, tn8pWeeJBmzYMOHveYugh1H0kKZyrXFBM3Yje0MQSVXMivju0q, NKkqLuymR3MfirE85wCLGVhFnURR4Wyx7FDvEC2hw2GP3Uizjr, 1, AAAAA, 2016-03-16 11:46:21.154, null, 2016-03-16 11:46:21.154, 1, 51000]
[EL Fine]: sql: 2016-03-16 11:46:21.178--ClientSession(1222117296)--Connection(1183009156)--Thread(Thread[Test worker,5,main])--INSERT INTO ast_IssueStatus_M (issueStatusCode, issueStageCode, issueStatusDesc, issueStatusId, issueStatusName, versionId, createdBy, createdDate, updatedBy, updatedDate, activeStatus, txnAccessCode) VALUES (?, ?, ?, ?, ?, ?, ?, ?, ?, ?, ?, ?)
	bind => [7381C876-2ECC-4BC2-A885-61813D26F5B4, 684D8F63-9978-47F0-A31D-01E8EF38BEB1, FXcaQL5AaoFZPX3FJujfHpuGl7WOTQSvxffowKoOLEAcNCEpRR, "89xLJUKEl99jLPO3FrKzGZsZmqxSw4qwkS5YTq4VzdR0HUTXKR", O8zTMK5nkcOiHr1diWYjOSLsJ3n8WYPABDUEbw5yEqdA3ZKuVq, 1, AAAAA, 2016-03-16 11:46:21.173, null, 2016-03-16 11:46:21.173, 1, 51000]
[EL Fine]: sql: 2016-03-16 11:46:21.256--ClientSession(438522157)--Connection(1183009156)--Thread(Thread[Test worker,5,main])--SELECT issueActivityCode, issueActivityDesc, issueActivityId, issueActivityName, issueStageCode, issueStatusCode, versionId, createdBy, createdDate, updatedBy, updatedDate, activeStatus, txnAccessCode FROM ast_IssueActivity_M WHERE ((activeStatus = ?) AND (issueActivityCode = ?))
	bind => [1, 9EF56C0B-A59D-4498-A47D-C0372A4B2926]
[EL Fine]: sql: 2016-03-16 11:46:21.264--ClientSession(1031962102)--Connection(1183009156)--Thread(Thread[Test worker,5,main])--INSERT INTO ast_IssueStage_M (issueStageCode, issueStageDesc, issueStageId, issueStageName, versionId, createdBy, createdDate, updatedBy, updatedDate, activeStatus, txnAccessCode) VALUES (?, ?, ?, ?, ?, ?, ?, ?, ?, ?, ?)
	bind => [4491AAFC-541D-4AAF-A592-0F391BBD11B7, zhYpkhMSpHg162Z2CygzqKrczLdWAWUXoX3MkhjyrwNqsKb9IN, tn8pWeeJBmzYMOHveYugh1H0kKZyrXFBM3Yje0MQSVXMivju0q, NKkqLuymR3MfirE85wCLGVhFnURR4Wyx7FDvEC2hw2GP3Uizjr, 1, AAAAA, 2016-03-16 11:46:21.261, null, 2016-03-16 11:46:21.261, 1, 51000]
[EL Fine]: sql: 2016-03-16 11:46:21.285--ClientSession(284456713)--Connection(1183009156)--Thread(Thread[Test worker,5,main])--INSERT INTO ast_IssueStatus_M (issueStatusCode, issueStageCode, issueStatusDesc, issueStatusId, issueStatusName, versionId, createdBy, createdDate, updatedBy, updatedDate, activeStatus, txnAccessCode) VALUES (?, ?, ?, ?, ?, ?, ?, ?, ?, ?, ?, ?)
	bind => [C45C32E3-382C-49C9-BFA6-07A3C10BC5DC, 4491AAFC-541D-4AAF-A592-0F391BBD11B7, FXcaQL5AaoFZPX3FJujfHpuGl7WOTQSvxffowKoOLEAcNCEpRR, "tdl7dpxlqvIUkV2vyUGotLLwsKmO6kNxKFc1hSFdyniTNYxOWF", O8zTMK5nkcOiHr1diWYjOSLsJ3n8WYPABDUEbw5yEqdA3ZKuVq, 1, AAAAA, 2016-03-16 11:46:21.281, null, 2016-03-16 11:46:21.281, 1, 51000]
[EL Fine]: sql: 2016-03-16 11:46:21.31--ClientSession(373866575)--Connection(1183009156)--Thread(Thread[Test worker,5,main])--INSERT INTO ast_IssueStage_M (issueStageCode, issueStageDesc, issueStageId, issueStageName, versionId, createdBy, createdDate, updatedBy, updatedDate, activeStatus, txnAccessCode) VALUES (?, ?, ?, ?, ?, ?, ?, ?, ?, ?, ?)
	bind => [77F86958-E2DD-4D57-94F8-680C3DD7125A, zhYpkhMSpHg162Z2CygzqKrczLdWAWUXoX3MkhjyrwNqsKb9IN, tn8pWeeJBmzYMOHveYugh1H0kKZyrXFBM3Yje0MQSVXMivju0q, NKkqLuymR3MfirE85wCLGVhFnURR4Wyx7FDvEC2hw2GP3Uizjr, 1, AAAAA, 2016-03-16 11:46:21.306, null, 2016-03-16 11:46:21.306, 1, 51000]
[EL Fine]: sql: 2016-03-16 11:46:21.391--ClientSession(51479135)--Connection(1183009156)--Thread(Thread[Test worker,5,main])--INSERT INTO ast_IssueStatus_M (issueStatusCode, issueStageCode, issueStatusDesc, issueStatusId, issueStatusName, versionId, createdBy, createdDate, updatedBy, updatedDate, activeStatus, txnAccessCode) VALUES (?, ?, ?, ?, ?, ?, ?, ?, ?, ?, ?, ?)
	bind => [1023C7E9-A38F-46B9-88EF-ABA335D385E1, 77F86958-E2DD-4D57-94F8-680C3DD7125A, FXcaQL5AaoFZPX3FJujfHpuGl7WOTQSvxffowKoOLEAcNCEpRR, "MJFvei940VR7dGqSgFR5gPaKOdn7iG1wjysrFww3aA5wXc9GNe", O8zTMK5nkcOiHr1diWYjOSLsJ3n8WYPABDUEbw5yEqdA3ZKuVq, 1, AAAAA, 2016-03-16 11:46:21.387, null, 2016-03-16 11:46:21.387, 1, 51000]
[EL Fine]: sql: 2016-03-16 11:46:21.436--ClientSession(1221746560)--Connection(1183009156)--Thread(Thread[Test worker,5,main])--INSERT INTO ast_IssueStage_M (issueStageCode, issueStageDesc, issueStageId, issueStageName, versionId, createdBy, createdDate, updatedBy, updatedDate, activeStatus, txnAccessCode) VALUES (?, ?, ?, ?, ?, ?, ?, ?, ?, ?, ?)
	bind => [978BFE78-AB20-4C31-A3C5-EC055D0451E2, zhYpkhMSpHg162Z2CygzqKrczLdWAWUXoX3MkhjyrwNqsKb9IN, tn8pWeeJBmzYMOHveYugh1H0kKZyrXFBM3Yje0MQSVXMivju0q, NKkqLuymR3MfirE85wCLGVhFnURR4Wyx7FDvEC2hw2GP3Uizjr, 1, AAAAA, 2016-03-16 11:46:21.431, null, 2016-03-16 11:46:21.431, 1, 51000]
[EL Fine]: sql: 2016-03-16 11:46:21.491--ClientSession(1678695645)--Connection(1183009156)--Thread(Thread[Test worker,5,main])--INSERT INTO ast_IssueStatus_M (issueStatusCode, issueStageCode, issueStatusDesc, issueStatusId, issueStatusName, versionId, createdBy, createdDate, updatedBy, updatedDate, activeStatus, txnAccessCode) VALUES (?, ?, ?, ?, ?, ?, ?, ?, ?, ?, ?, ?)
	bind => [E1E68C30-8934-42DD-86D7-67C1F3E1EE6F, 978BFE78-AB20-4C31-A3C5-EC055D0451E2, FXcaQL5AaoFZPX3FJujfHpuGl7WOTQSvxffowKoOLEAcNCEpRR, "KEge9tsZjOAB02xo4eAG7XaX0WyhmYF6dJG1BEngQ9dXghS5FV", O8zTMK5nkcOiHr1diWYjOSLsJ3n8WYPABDUEbw5yEqdA3ZKuVq, 1, AAAAA, 2016-03-16 11:46:21.488, null, 2016-03-16 11:46:21.488, 1, 51000]
[EL Fine]: sql: 2016-03-16 11:46:21.563--ClientSession(52536609)--Connection(1183009156)--Thread(Thread[Test worker,5,main])--INSERT INTO ast_IssueStage_M (issueStageCode, issueStageDesc, issueStageId, issueStageName, versionId, createdBy, createdDate, updatedBy, updatedDate, activeStatus, txnAccessCode) VALUES (?, ?, ?, ?, ?, ?, ?, ?, ?, ?, ?)
	bind => [5B728EE6-7895-4F99-87A4-89E727C412B5, zhYpkhMSpHg162Z2CygzqKrczLdWAWUXoX3MkhjyrwNqsKb9IN, tn8pWeeJBmzYMOHveYugh1H0kKZyrXFBM3Yje0MQSVXMivju0q, NKkqLuymR3MfirE85wCLGVhFnURR4Wyx7FDvEC2hw2GP3Uizjr, 1, AAAAA, 2016-03-16 11:46:21.561, null, 2016-03-16 11:46:21.561, 1, 51000]
[EL Fine]: sql: 2016-03-16 11:46:21.586--ClientSession(1820062507)--Connection(1183009156)--Thread(Thread[Test worker,5,main])--INSERT INTO ast_IssueStatus_M (issueStatusCode, issueStageCode, issueStatusDesc, issueStatusId, issueStatusName, versionId, createdBy, createdDate, updatedBy, updatedDate, activeStatus, txnAccessCode) VALUES (?, ?, ?, ?, ?, ?, ?, ?, ?, ?, ?, ?)
	bind => [07E7074A-1785-40AC-A792-F47363DF4048, 5B728EE6-7895-4F99-87A4-89E727C412B5, FXcaQL5AaoFZPX3FJujfHpuGl7WOTQSvxffowKoOLEAcNCEpRR, "NjfdtxV4HKglQh9j4T2QCPuvAxGuKWKiUVXJZC8XXbt86v3TDI", O8zTMK5nkcOiHr1diWYjOSLsJ3n8WYPABDUEbw5yEqdA3ZKuVq, 1, AAAAA, 2016-03-16 11:46:21.583, null, 2016-03-16 11:46:21.583, 1, 51000]
]]></system-out>
  <system-err><![CDATA[issuetracker.app.shared.issuetrackerboundedcontext.issuetracker.IssueActivity.issueActivityId may not be null
com.athena.framework.server.exception.biz.SpartanConstraintViolationException: Exception in validating entity /issuetracker.app.shared.issuetrackerboundedcontext.issuetracker.IssueActivity.issueActivityId may not be null

	at com.athena.framework.server.helper.EntityValidatorHelper.validateEntity(EntityValidatorHelper.java:28)
	at issuetracker.app.shared.issuetrackerboundedcontext.issuetracker.IssueActivity.isValid(IssueActivity.java:192)
	at issuetracker.app.server.service.issuetrackerboundedcontext.issuetracker.IssueActivityTestCase.validateIssueActivity(IssueActivityTestCase.java:230)
	at issuetracker.app.server.service.issuetrackerboundedcontext.issuetracker.IssueActivityTestCase.test5NegativeTesting(IssueActivityTestCase.java:260)
	at sun.reflect.NativeMethodAccessorImpl.invoke0(Native Method)
	at sun.reflect.NativeMethodAccessorImpl.invoke(NativeMethodAccessorImpl.java:57)
	at sun.reflect.DelegatingMethodAccessorImpl.invoke(DelegatingMethodAccessorImpl.java:43)
	at java.lang.reflect.Method.invoke(Method.java:606)
	at org.junit.runners.model.FrameworkMethod$1.runReflectiveCall(FrameworkMethod.java:47)
	at org.junit.internal.runners.model.ReflectiveCallable.run(ReflectiveCallable.java:12)
	at org.junit.runners.model.FrameworkMethod.invokeExplosively(FrameworkMethod.java:44)
	at org.junit.internal.runners.statements.InvokeMethod.evaluate(InvokeMethod.java:17)
	at org.junit.internal.runners.statements.RunBefores.evaluate(RunBefores.java:26)
	at org.springframework.test.context.junit4.statements.RunBeforeTestMethodCallbacks.evaluate(RunBeforeTestMethodCallbacks.java:74)
	at org.junit.internal.runners.statements.RunAfters.evaluate(RunAfters.java:27)
	at org.springframework.test.context.junit4.statements.RunAfterTestMethodCallbacks.evaluate(RunAfterTestMethodCallbacks.java:83)
	at org.springframework.test.context.junit4.statements.SpringRepeat.evaluate(SpringRepeat.java:72)
	at org.springframework.test.context.junit4.SpringJUnit4ClassRunner.runChild(SpringJUnit4ClassRunner.java:233)
	at org.springframework.test.context.junit4.SpringJUnit4ClassRunner.runChild(SpringJUnit4ClassRunner.java:87)
	at org.junit.runners.ParentRunner$3.run(ParentRunner.java:238)
	at org.junit.runners.ParentRunner$1.schedule(ParentRunner.java:63)
	at org.junit.runners.ParentRunner.runChildren(ParentRunner.java:236)
	at org.junit.runners.ParentRunner.access$000(ParentRunner.java:53)
	at org.junit.runners.ParentRunner$2.evaluate(ParentRunner.java:229)
	at org.springframework.test.context.junit4.statements.RunBeforeTestClassCallbacks.evaluate(RunBeforeTestClassCallbacks.java:61)
	at org.springframework.test.context.junit4.statements.RunAfterTestClassCallbacks.evaluate(RunAfterTestClassCallbacks.java:71)
	at org.junit.runners.ParentRunner.run(ParentRunner.java:309)
	at org.springframework.test.context.junit4.SpringJUnit4ClassRunner.run(SpringJUnit4ClassRunner.java:176)
	at org.gradle.api.internal.tasks.testing.junit.JUnitTestClassExecuter.runTestClass(JUnitTestClassExecuter.java:86)
	at org.gradle.api.internal.tasks.testing.junit.JUnitTestClassExecuter.execute(JUnitTestClassExecuter.java:49)
	at org.gradle.api.internal.tasks.testing.junit.JUnitTestClassProcessor.processTestClass(JUnitTestClassProcessor.java:64)
	at org.gradle.api.internal.tasks.testing.SuiteTestClassProcessor.processTestClass(SuiteTestClassProcessor.java:50)
	at sun.reflect.GeneratedMethodAccessor121.invoke(Unknown Source)
	at sun.reflect.DelegatingMethodAccessorImpl.invoke(DelegatingMethodAccessorImpl.java:43)
	at java.lang.reflect.Method.invoke(Method.java:606)
	at org.gradle.messaging.dispatch.ReflectionDispatch.dispatch(ReflectionDispatch.java:35)
	at org.gradle.messaging.dispatch.ReflectionDispatch.dispatch(ReflectionDispatch.java:24)
	at org.gradle.messaging.dispatch.ContextClassLoaderDispatch.dispatch(ContextClassLoaderDispatch.java:32)
	at org.gradle.messaging.dispatch.ProxyDispatchAdapter$DispatchingInvocationHandler.invoke(ProxyDispatchAdapter.java:93)
	at com.sun.proxy.$Proxy2.processTestClass(Unknown Source)
	at org.gradle.api.internal.tasks.testing.worker.TestWorker.processTestClass(TestWorker.java:106)
	at sun.reflect.GeneratedMethodAccessor120.invoke(Unknown Source)
	at sun.reflect.DelegatingMethodAccessorImpl.invoke(DelegatingMethodAccessorImpl.java:43)
	at java.lang.reflect.Method.invoke(Method.java:606)
	at org.gradle.messaging.dispatch.ReflectionDispatch.dispatch(ReflectionDispatch.java:35)
	at org.gradle.messaging.dispatch.ReflectionDispatch.dispatch(ReflectionDispatch.java:24)
	at org.gradle.messaging.remote.internal.hub.MessageHub$Handler.run(MessageHub.java:360)
	at org.gradle.internal.concurrent.DefaultExecutorFactory$StoppableExecutorImpl$1.run(DefaultExecutorFactory.java:64)
	at java.util.concurrent.ThreadPoolExecutor.runWorker(ThreadPoolExecutor.java:1145)
	at java.util.concurrent.ThreadPoolExecutor$Worker.run(ThreadPoolExecutor.java:615)
	at java.lang.Thread.run(Thread.java:745)
com.athena.framework.server.exception.repository.SpartanPersistenceException: Error in executing query
	at issuetracker.app.server.repository.issuetrackerboundedcontext.issuetracker.IssueActivityRepositoryImpl.findById(IssueActivityRepositoryImpl.java:140)
	at issuetracker.app.server.repository.issuetrackerboundedcontext.issuetracker.IssueActivityRepositoryImpl.findById(IssueActivityRepositoryImpl.java:18)
	at issuetracker.app.server.repository.issuetrackerboundedcontext.issuetracker.IssueActivityRepositoryImpl$$FastClassByCGLIB$$e0ae6fab.invoke(<generated>)
	at org.springframework.cglib.proxy.MethodProxy.invoke(MethodProxy.java:204)
	at org.springframework.aop.framework.CglibAopProxy$CglibMethodInvocation.invokeJoinpoint(CglibAopProxy.java:701)
	at org.springframework.aop.framework.ReflectiveMethodInvocation.proceed(ReflectiveMethodInvocation.java:150)
	at org.springframework.aop.aspectj.MethodInvocationProceedingJoinPoint.proceed(MethodInvocationProceedingJoinPoint.java:80)
	at issuetracker.app.server.repository.aspect.RepositoryAspect.handleRepositoryCall(RepositoryAspect.java:78)
	at issuetracker.app.server.repository.issuetrackerboundedcontext.issuetracker.aspect.RepositoryissuetrackerAspect.aroundfindAll(RepositoryissuetrackerAspect.java:59)
	at sun.reflect.GeneratedMethodAccessor112.invoke(Unknown Source)
	at sun.reflect.DelegatingMethodAccessorImpl.invoke(DelegatingMethodAccessorImpl.java:43)
	at java.lang.reflect.Method.invoke(Method.java:606)
	at org.springframework.aop.aspectj.AbstractAspectJAdvice.invokeAdviceMethodWithGivenArgs(AbstractAspectJAdvice.java:621)
	at org.springframework.aop.aspectj.AbstractAspectJAdvice.invokeAdviceMethod(AbstractAspectJAdvice.java:610)
	at org.springframework.aop.aspectj.AspectJAroundAdvice.invoke(AspectJAroundAdvice.java:65)
	at org.springframework.aop.framework.ReflectiveMethodInvocation.proceed(ReflectiveMethodInvocation.java:172)
	at org.springframework.transaction.interceptor.TransactionInterceptor$1.proceedWithInvocation(TransactionInterceptor.java:98)
	at org.springframework.transaction.interceptor.TransactionAspectSupport.invokeWithinTransaction(TransactionAspectSupport.java:262)
	at org.springframework.transaction.interceptor.TransactionInterceptor.invoke(TransactionInterceptor.java:95)
	at org.springframework.aop.framework.ReflectiveMethodInvocation.proceed(ReflectiveMethodInvocation.java:172)
	at org.springframework.aop.interceptor.ExposeInvocationInterceptor.invoke(ExposeInvocationInterceptor.java:91)
	at org.springframework.aop.framework.ReflectiveMethodInvocation.proceed(ReflectiveMethodInvocation.java:172)
	at org.springframework.aop.framework.CglibAopProxy$DynamicAdvisedInterceptor.intercept(CglibAopProxy.java:634)
	at issuetracker.app.server.repository.issuetrackerboundedcontext.issuetracker.IssueActivityRepositoryImpl$$EnhancerByCGLIB$$16cf58a1.findById(<generated>)
	at issuetracker.app.server.repository.issuetrackerboundedcontext.issuetracker.IssueActivityRepositoryImpl$$FastClassByCGLIB$$e0ae6fab.invoke(<generated>)
	at org.springframework.cglib.proxy.MethodProxy.invoke(MethodProxy.java:204)
	at org.springframework.aop.framework.CglibAopProxy$CglibMethodInvocation.invokeJoinpoint(CglibAopProxy.java:701)
	at org.springframework.aop.framework.ReflectiveMethodInvocation.proceed(ReflectiveMethodInvocation.java:150)
	at org.springframework.aop.support.DelegatingIntroductionInterceptor.doProceed(DelegatingIntroductionInterceptor.java:132)
	at org.springframework.aop.support.DelegatingIntroductionInterceptor.invoke(DelegatingIntroductionInterceptor.java:120)
	at org.springframework.aop.framework.ReflectiveMethodInvocation.proceed(ReflectiveMethodInvocation.java:172)
	at org.springframework.aop.framework.CglibAopProxy$DynamicAdvisedInterceptor.intercept(CglibAopProxy.java:634)
	at issuetracker.app.server.repository.issuetrackerboundedcontext.issuetracker.IssueActivityRepositoryImpl$$EnhancerByCGLIB$$1b8a625e.findById(<generated>)
	at issuetracker.app.server.service.issuetrackerboundedcontext.issuetracker.IssueActivityTestCase.test5NegativeTesting(IssueActivityTestCase.java:264)
	at sun.reflect.NativeMethodAccessorImpl.invoke0(Native Method)
	at sun.reflect.NativeMethodAccessorImpl.invoke(NativeMethodAccessorImpl.java:57)
	at sun.reflect.DelegatingMethodAccessorImpl.invoke(DelegatingMethodAccessorImpl.java:43)
	at java.lang.reflect.Method.invoke(Method.java:606)
	at org.junit.runners.model.FrameworkMethod$1.runReflectiveCall(FrameworkMethod.java:47)
	at org.junit.internal.runners.model.ReflectiveCallable.run(ReflectiveCallable.java:12)
	at org.junit.runners.model.FrameworkMethod.invokeExplosively(FrameworkMethod.java:44)
	at org.junit.internal.runners.statements.InvokeMethod.evaluate(InvokeMethod.java:17)
	at org.junit.internal.runners.statements.RunBefores.evaluate(RunBefores.java:26)
	at org.springframework.test.context.junit4.statements.RunBeforeTestMethodCallbacks.evaluate(RunBeforeTestMethodCallbacks.java:74)
	at org.junit.internal.runners.statements.RunAfters.evaluate(RunAfters.java:27)
	at org.springframework.test.context.junit4.statements.RunAfterTestMethodCallbacks.evaluate(RunAfterTestMethodCallbacks.java:83)
	at org.springframework.test.context.junit4.statements.SpringRepeat.evaluate(SpringRepeat.java:72)
	at org.springframework.test.context.junit4.SpringJUnit4ClassRunner.runChild(SpringJUnit4ClassRunner.java:233)
	at org.springframework.test.context.junit4.SpringJUnit4ClassRunner.runChild(SpringJUnit4ClassRunner.java:87)
	at org.junit.runners.ParentRunner$3.run(ParentRunner.java:238)
	at org.junit.runners.ParentRunner$1.schedule(ParentRunner.java:63)
	at org.junit.runners.ParentRunner.runChildren(ParentRunner.java:236)
	at org.junit.runners.ParentRunner.access$000(ParentRunner.java:53)
	at org.junit.runners.ParentRunner$2.evaluate(ParentRunner.java:229)
	at org.springframework.test.context.junit4.statements.RunBeforeTestClassCallbacks.evaluate(RunBeforeTestClassCallbacks.java:61)
	at org.springframework.test.context.junit4.statements.RunAfterTestClassCallbacks.evaluate(RunAfterTestClassCallbacks.java:71)
	at org.junit.runners.ParentRunner.run(ParentRunner.java:309)
	at org.springframework.test.context.junit4.SpringJUnit4ClassRunner.run(SpringJUnit4ClassRunner.java:176)
	at org.gradle.api.internal.tasks.testing.junit.JUnitTestClassExecuter.runTestClass(JUnitTestClassExecuter.java:86)
	at org.gradle.api.internal.tasks.testing.junit.JUnitTestClassExecuter.execute(JUnitTestClassExecuter.java:49)
	at org.gradle.api.internal.tasks.testing.junit.JUnitTestClassProcessor.processTestClass(JUnitTestClassProcessor.java:64)
	at org.gradle.api.internal.tasks.testing.SuiteTestClassProcessor.processTestClass(SuiteTestClassProcessor.java:50)
	at sun.reflect.GeneratedMethodAccessor121.invoke(Unknown Source)
	at sun.reflect.DelegatingMethodAccessorImpl.invoke(DelegatingMethodAccessorImpl.java:43)
	at java.lang.reflect.Method.invoke(Method.java:606)
	at org.gradle.messaging.dispatch.ReflectionDispatch.dispatch(ReflectionDispatch.java:35)
	at org.gradle.messaging.dispatch.ReflectionDispatch.dispatch(ReflectionDispatch.java:24)
	at org.gradle.messaging.dispatch.ContextClassLoaderDispatch.dispatch(ContextClassLoaderDispatch.java:32)
	at org.gradle.messaging.dispatch.ProxyDispatchAdapter$DispatchingInvocationHandler.invoke(ProxyDispatchAdapter.java:93)
	at com.sun.proxy.$Proxy2.processTestClass(Unknown Source)
	at org.gradle.api.internal.tasks.testing.worker.TestWorker.processTestClass(TestWorker.java:106)
	at sun.reflect.GeneratedMethodAccessor120.invoke(Unknown Source)
	at sun.reflect.DelegatingMethodAccessorImpl.invoke(DelegatingMethodAccessorImpl.java:43)
	at java.lang.reflect.Method.invoke(Method.java:606)
	at org.gradle.messaging.dispatch.ReflectionDispatch.dispatch(ReflectionDispatch.java:35)
	at org.gradle.messaging.dispatch.ReflectionDispatch.dispatch(ReflectionDispatch.java:24)
	at org.gradle.messaging.remote.internal.hub.MessageHub$Handler.run(MessageHub.java:360)
	at org.gradle.internal.concurrent.DefaultExecutorFactory$StoppableExecutorImpl$1.run(DefaultExecutorFactory.java:64)
	at java.util.concurrent.ThreadPoolExecutor.runWorker(ThreadPoolExecutor.java:1145)
	at java.util.concurrent.ThreadPoolExecutor$Worker.run(ThreadPoolExecutor.java:615)
	at java.lang.Thread.run(Thread.java:745)
Caused by: javax.persistence.NoResultException: getSingleResult() did not retrieve any entities.
	at org.eclipse.persistence.internal.jpa.QueryImpl.throwNoResultException(QueryImpl.java:972)
	at org.eclipse.persistence.internal.jpa.QueryImpl.getSingleResult(QueryImpl.java:522)
	at org.eclipse.persistence.internal.jpa.EJBQueryImpl.getSingleResult(EJBQueryImpl.java:400)
	at issuetracker.app.server.repository.issuetrackerboundedcontext.issuetracker.IssueActivityRepositoryImpl.findById(IssueActivityRepositoryImpl.java:137)
	... 80 more
com.athena.framework.server.exception.repository.SpartanPersistenceException: Error in executing query
	at issuetracker.app.server.repository.issuetrackerboundedcontext.issuetracker.IssueActivityRepositoryImpl.findById(IssueActivityRepositoryImpl.java:140)
	at issuetracker.app.server.repository.issuetrackerboundedcontext.issuetracker.IssueActivityRepositoryImpl.findById(IssueActivityRepositoryImpl.java:18)
	at issuetracker.app.server.repository.issuetrackerboundedcontext.issuetracker.IssueActivityRepositoryImpl$$FastClassByCGLIB$$e0ae6fab.invoke(<generated>)
	at org.springframework.cglib.proxy.MethodProxy.invoke(MethodProxy.java:204)
	at org.springframework.aop.framework.CglibAopProxy$CglibMethodInvocation.invokeJoinpoint(CglibAopProxy.java:701)
	at org.springframework.aop.framework.ReflectiveMethodInvocation.proceed(ReflectiveMethodInvocation.java:150)
	at org.springframework.aop.aspectj.MethodInvocationProceedingJoinPoint.proceed(MethodInvocationProceedingJoinPoint.java:80)
	at issuetracker.app.server.repository.aspect.RepositoryAspect.handleRepositoryCall(RepositoryAspect.java:78)
	at issuetracker.app.server.repository.issuetrackerboundedcontext.issuetracker.aspect.RepositoryissuetrackerAspect.aroundfindAll(RepositoryissuetrackerAspect.java:59)
	at sun.reflect.GeneratedMethodAccessor112.invoke(Unknown Source)
	at sun.reflect.DelegatingMethodAccessorImpl.invoke(DelegatingMethodAccessorImpl.java:43)
	at java.lang.reflect.Method.invoke(Method.java:606)
	at org.springframework.aop.aspectj.AbstractAspectJAdvice.invokeAdviceMethodWithGivenArgs(AbstractAspectJAdvice.java:621)
	at org.springframework.aop.aspectj.AbstractAspectJAdvice.invokeAdviceMethod(AbstractAspectJAdvice.java:610)
	at org.springframework.aop.aspectj.AspectJAroundAdvice.invoke(AspectJAroundAdvice.java:65)
	at org.springframework.aop.framework.ReflectiveMethodInvocation.proceed(ReflectiveMethodInvocation.java:172)
	at org.springframework.transaction.interceptor.TransactionInterceptor$1.proceedWithInvocation(TransactionInterceptor.java:98)
	at org.springframework.transaction.interceptor.TransactionAspectSupport.invokeWithinTransaction(TransactionAspectSupport.java:262)
	at org.springframework.transaction.interceptor.TransactionInterceptor.invoke(TransactionInterceptor.java:95)
	at org.springframework.aop.framework.ReflectiveMethodInvocation.proceed(ReflectiveMethodInvocation.java:172)
	at org.springframework.aop.interceptor.ExposeInvocationInterceptor.invoke(ExposeInvocationInterceptor.java:91)
	at org.springframework.aop.framework.ReflectiveMethodInvocation.proceed(ReflectiveMethodInvocation.java:172)
	at org.springframework.aop.framework.CglibAopProxy$DynamicAdvisedInterceptor.intercept(CglibAopProxy.java:634)
	at issuetracker.app.server.repository.issuetrackerboundedcontext.issuetracker.IssueActivityRepositoryImpl$$EnhancerByCGLIB$$16cf58a1.findById(<generated>)
	at issuetracker.app.server.repository.issuetrackerboundedcontext.issuetracker.IssueActivityRepositoryImpl$$FastClassByCGLIB$$e0ae6fab.invoke(<generated>)
	at org.springframework.cglib.proxy.MethodProxy.invoke(MethodProxy.java:204)
	at org.springframework.aop.framework.CglibAopProxy$CglibMethodInvocation.invokeJoinpoint(CglibAopProxy.java:701)
	at org.springframework.aop.framework.ReflectiveMethodInvocation.proceed(ReflectiveMethodInvocation.java:150)
	at org.springframework.aop.support.DelegatingIntroductionInterceptor.doProceed(DelegatingIntroductionInterceptor.java:132)
	at org.springframework.aop.support.DelegatingIntroductionInterceptor.invoke(DelegatingIntroductionInterceptor.java:120)
	at org.springframework.aop.framework.ReflectiveMethodInvocation.proceed(ReflectiveMethodInvocation.java:172)
	at org.springframework.aop.framework.CglibAopProxy$DynamicAdvisedInterceptor.intercept(CglibAopProxy.java:634)
	at issuetracker.app.server.repository.issuetrackerboundedcontext.issuetracker.IssueActivityRepositoryImpl$$EnhancerByCGLIB$$1b8a625e.findById(<generated>)
	at issuetracker.app.server.service.issuetrackerboundedcontext.issuetracker.IssueActivityTestCase.test5NegativeTesting(IssueActivityTestCase.java:264)
	at sun.reflect.NativeMethodAccessorImpl.invoke0(Native Method)
	at sun.reflect.NativeMethodAccessorImpl.invoke(NativeMethodAccessorImpl.java:57)
	at sun.reflect.DelegatingMethodAccessorImpl.invoke(DelegatingMethodAccessorImpl.java:43)
	at java.lang.reflect.Method.invoke(Method.java:606)
	at org.junit.runners.model.FrameworkMethod$1.runReflectiveCall(FrameworkMethod.java:47)
	at org.junit.internal.runners.model.ReflectiveCallable.run(ReflectiveCallable.java:12)
	at org.junit.runners.model.FrameworkMethod.invokeExplosively(FrameworkMethod.java:44)
	at org.junit.internal.runners.statements.InvokeMethod.evaluate(InvokeMethod.java:17)
	at org.junit.internal.runners.statements.RunBefores.evaluate(RunBefores.java:26)
	at org.springframework.test.context.junit4.statements.RunBeforeTestMethodCallbacks.evaluate(RunBeforeTestMethodCallbacks.java:74)
	at org.junit.internal.runners.statements.RunAfters.evaluate(RunAfters.java:27)
	at org.springframework.test.context.junit4.statements.RunAfterTestMethodCallbacks.evaluate(RunAfterTestMethodCallbacks.java:83)
	at org.springframework.test.context.junit4.statements.SpringRepeat.evaluate(SpringRepeat.java:72)
	at org.springframework.test.context.junit4.SpringJUnit4ClassRunner.runChild(SpringJUnit4ClassRunner.java:233)
	at org.springframework.test.context.junit4.SpringJUnit4ClassRunner.runChild(SpringJUnit4ClassRunner.java:87)
	at org.junit.runners.ParentRunner$3.run(ParentRunner.java:238)
	at org.junit.runners.ParentRunner$1.schedule(ParentRunner.java:63)
	at org.junit.runners.ParentRunner.runChildren(ParentRunner.java:236)
	at org.junit.runners.ParentRunner.access$000(ParentRunner.java:53)
	at org.junit.runners.ParentRunner$2.evaluate(ParentRunner.java:229)
	at org.springframework.test.context.junit4.statements.RunBeforeTestClassCallbacks.evaluate(RunBeforeTestClassCallbacks.java:61)
	at org.springframework.test.context.junit4.statements.RunAfterTestClassCallbacks.evaluate(RunAfterTestClassCallbacks.java:71)
	at org.junit.runners.ParentRunner.run(ParentRunner.java:309)
	at org.springframework.test.context.junit4.SpringJUnit4ClassRunner.run(SpringJUnit4ClassRunner.java:176)
	at org.gradle.api.internal.tasks.testing.junit.JUnitTestClassExecuter.runTestClass(JUnitTestClassExecuter.java:86)
	at org.gradle.api.internal.tasks.testing.junit.JUnitTestClassExecuter.execute(JUnitTestClassExecuter.java:49)
	at org.gradle.api.internal.tasks.testing.junit.JUnitTestClassProcessor.processTestClass(JUnitTestClassProcessor.java:64)
	at org.gradle.api.internal.tasks.testing.SuiteTestClassProcessor.processTestClass(SuiteTestClassProcessor.java:50)
	at sun.reflect.GeneratedMethodAccessor121.invoke(Unknown Source)
	at sun.reflect.DelegatingMethodAccessorImpl.invoke(DelegatingMethodAccessorImpl.java:43)
	at java.lang.reflect.Method.invoke(Method.java:606)
	at org.gradle.messaging.dispatch.ReflectionDispatch.dispatch(ReflectionDispatch.java:35)
	at org.gradle.messaging.dispatch.ReflectionDispatch.dispatch(ReflectionDispatch.java:24)
	at org.gradle.messaging.dispatch.ContextClassLoaderDispatch.dispatch(ContextClassLoaderDispatch.java:32)
	at org.gradle.messaging.dispatch.ProxyDispatchAdapter$DispatchingInvocationHandler.invoke(ProxyDispatchAdapter.java:93)
	at com.sun.proxy.$Proxy2.processTestClass(Unknown Source)
	at org.gradle.api.internal.tasks.testing.worker.TestWorker.processTestClass(TestWorker.java:106)
	at sun.reflect.GeneratedMethodAccessor120.invoke(Unknown Source)
	at sun.reflect.DelegatingMethodAccessorImpl.invoke(DelegatingMethodAccessorImpl.java:43)
	at java.lang.reflect.Method.invoke(Method.java:606)
	at org.gradle.messaging.dispatch.ReflectionDispatch.dispatch(ReflectionDispatch.java:35)
	at org.gradle.messaging.dispatch.ReflectionDispatch.dispatch(ReflectionDispatch.java:24)
	at org.gradle.messaging.remote.internal.hub.MessageHub$Handler.run(MessageHub.java:360)
	at org.gradle.internal.concurrent.DefaultExecutorFactory$StoppableExecutorImpl$1.run(DefaultExecutorFactory.java:64)
	at java.util.concurrent.ThreadPoolExecutor.runWorker(ThreadPoolExecutor.java:1145)
	at java.util.concurrent.ThreadPoolExecutor$Worker.run(ThreadPoolExecutor.java:615)
	at java.lang.Thread.run(Thread.java:745)
Caused by: javax.persistence.NoResultException: getSingleResult() did not retrieve any entities.
	at org.eclipse.persistence.internal.jpa.QueryImpl.throwNoResultException(QueryImpl.java:972)
	at org.eclipse.persistence.internal.jpa.QueryImpl.getSingleResult(QueryImpl.java:522)
	at org.eclipse.persistence.internal.jpa.EJBQueryImpl.getSingleResult(EJBQueryImpl.java:400)
	at issuetracker.app.server.repository.issuetrackerboundedcontext.issuetracker.IssueActivityRepositoryImpl.findById(IssueActivityRepositoryImpl.java:137)
	... 80 more
com.athena.framework.server.exception.repository.SpartanPersistenceException: Error in executing query
	at issuetracker.app.server.repository.issuetrackerboundedcontext.issuetracker.IssueActivityRepositoryImpl.findById(IssueActivityRepositoryImpl.java:140)
	at issuetracker.app.server.repository.issuetrackerboundedcontext.issuetracker.IssueActivityRepositoryImpl.findById(IssueActivityRepositoryImpl.java:18)
	at issuetracker.app.server.repository.issuetrackerboundedcontext.issuetracker.IssueActivityRepositoryImpl$$FastClassByCGLIB$$e0ae6fab.invoke(<generated>)
	at org.springframework.cglib.proxy.MethodProxy.invoke(MethodProxy.java:204)
	at org.springframework.aop.framework.CglibAopProxy$CglibMethodInvocation.invokeJoinpoint(CglibAopProxy.java:701)
	at org.springframework.aop.framework.ReflectiveMethodInvocation.proceed(ReflectiveMethodInvocation.java:150)
	at org.springframework.aop.aspectj.MethodInvocationProceedingJoinPoint.proceed(MethodInvocationProceedingJoinPoint.java:80)
	at issuetracker.app.server.repository.aspect.RepositoryAspect.handleRepositoryCall(RepositoryAspect.java:78)
	at issuetracker.app.server.repository.issuetrackerboundedcontext.issuetracker.aspect.RepositoryissuetrackerAspect.aroundfindAll(RepositoryissuetrackerAspect.java:59)
	at sun.reflect.GeneratedMethodAccessor112.invoke(Unknown Source)
	at sun.reflect.DelegatingMethodAccessorImpl.invoke(DelegatingMethodAccessorImpl.java:43)
	at java.lang.reflect.Method.invoke(Method.java:606)
	at org.springframework.aop.aspectj.AbstractAspectJAdvice.invokeAdviceMethodWithGivenArgs(AbstractAspectJAdvice.java:621)
	at org.springframework.aop.aspectj.AbstractAspectJAdvice.invokeAdviceMethod(AbstractAspectJAdvice.java:610)
	at org.springframework.aop.aspectj.AspectJAroundAdvice.invoke(AspectJAroundAdvice.java:65)
	at org.springframework.aop.framework.ReflectiveMethodInvocation.proceed(ReflectiveMethodInvocation.java:172)
	at org.springframework.transaction.interceptor.TransactionInterceptor$1.proceedWithInvocation(TransactionInterceptor.java:98)
	at org.springframework.transaction.interceptor.TransactionAspectSupport.invokeWithinTransaction(TransactionAspectSupport.java:262)
	at org.springframework.transaction.interceptor.TransactionInterceptor.invoke(TransactionInterceptor.java:95)
	at org.springframework.aop.framework.ReflectiveMethodInvocation.proceed(ReflectiveMethodInvocation.java:172)
	at org.springframework.aop.interceptor.ExposeInvocationInterceptor.invoke(ExposeInvocationInterceptor.java:91)
	at org.springframework.aop.framework.ReflectiveMethodInvocation.proceed(ReflectiveMethodInvocation.java:172)
	at org.springframework.aop.framework.CglibAopProxy$DynamicAdvisedInterceptor.intercept(CglibAopProxy.java:634)
	at issuetracker.app.server.repository.issuetrackerboundedcontext.issuetracker.IssueActivityRepositoryImpl$$EnhancerByCGLIB$$16cf58a1.findById(<generated>)
	at issuetracker.app.server.repository.issuetrackerboundedcontext.issuetracker.IssueActivityRepositoryImpl$$FastClassByCGLIB$$e0ae6fab.invoke(<generated>)
	at org.springframework.cglib.proxy.MethodProxy.invoke(MethodProxy.java:204)
	at org.springframework.aop.framework.CglibAopProxy$CglibMethodInvocation.invokeJoinpoint(CglibAopProxy.java:701)
	at org.springframework.aop.framework.ReflectiveMethodInvocation.proceed(ReflectiveMethodInvocation.java:150)
	at org.springframework.aop.support.DelegatingIntroductionInterceptor.doProceed(DelegatingIntroductionInterceptor.java:132)
	at org.springframework.aop.support.DelegatingIntroductionInterceptor.invoke(DelegatingIntroductionInterceptor.java:120)
	at org.springframework.aop.framework.ReflectiveMethodInvocation.proceed(ReflectiveMethodInvocation.java:172)
	at org.springframework.aop.framework.CglibAopProxy$DynamicAdvisedInterceptor.intercept(CglibAopProxy.java:634)
	at issuetracker.app.server.repository.issuetrackerboundedcontext.issuetracker.IssueActivityRepositoryImpl$$EnhancerByCGLIB$$1b8a625e.findById(<generated>)
	at issuetracker.app.server.service.issuetrackerboundedcontext.issuetracker.IssueActivityTestCase.test5NegativeTesting(IssueActivityTestCase.java:264)
	at sun.reflect.NativeMethodAccessorImpl.invoke0(Native Method)
	at sun.reflect.NativeMethodAccessorImpl.invoke(NativeMethodAccessorImpl.java:57)
	at sun.reflect.DelegatingMethodAccessorImpl.invoke(DelegatingMethodAccessorImpl.java:43)
	at java.lang.reflect.Method.invoke(Method.java:606)
	at org.junit.runners.model.FrameworkMethod$1.runReflectiveCall(FrameworkMethod.java:47)
	at org.junit.internal.runners.model.ReflectiveCallable.run(ReflectiveCallable.java:12)
	at org.junit.runners.model.FrameworkMethod.invokeExplosively(FrameworkMethod.java:44)
	at org.junit.internal.runners.statements.InvokeMethod.evaluate(InvokeMethod.java:17)
	at org.junit.internal.runners.statements.RunBefores.evaluate(RunBefores.java:26)
	at org.springframework.test.context.junit4.statements.RunBeforeTestMethodCallbacks.evaluate(RunBeforeTestMethodCallbacks.java:74)
	at org.junit.internal.runners.statements.RunAfters.evaluate(RunAfters.java:27)
	at org.springframework.test.context.junit4.statements.RunAfterTestMethodCallbacks.evaluate(RunAfterTestMethodCallbacks.java:83)
	at org.springframework.test.context.junit4.statements.SpringRepeat.evaluate(SpringRepeat.java:72)
	at org.springframework.test.context.junit4.SpringJUnit4ClassRunner.runChild(SpringJUnit4ClassRunner.java:233)
	at org.springframework.test.context.junit4.SpringJUnit4ClassRunner.runChild(SpringJUnit4ClassRunner.java:87)
	at org.junit.runners.ParentRunner$3.run(ParentRunner.java:238)
	at org.junit.runners.ParentRunner$1.schedule(ParentRunner.java:63)
	at org.junit.runners.ParentRunner.runChildren(ParentRunner.java:236)
	at org.junit.runners.ParentRunner.access$000(ParentRunner.java:53)
	at org.junit.runners.ParentRunner$2.evaluate(ParentRunner.java:229)
	at org.springframework.test.context.junit4.statements.RunBeforeTestClassCallbacks.evaluate(RunBeforeTestClassCallbacks.java:61)
	at org.springframework.test.context.junit4.statements.RunAfterTestClassCallbacks.evaluate(RunAfterTestClassCallbacks.java:71)
	at org.junit.runners.ParentRunner.run(ParentRunner.java:309)
	at org.springframework.test.context.junit4.SpringJUnit4ClassRunner.run(SpringJUnit4ClassRunner.java:176)
	at org.gradle.api.internal.tasks.testing.junit.JUnitTestClassExecuter.runTestClass(JUnitTestClassExecuter.java:86)
	at org.gradle.api.internal.tasks.testing.junit.JUnitTestClassExecuter.execute(JUnitTestClassExecuter.java:49)
	at org.gradle.api.internal.tasks.testing.junit.JUnitTestClassProcessor.processTestClass(JUnitTestClassProcessor.java:64)
	at org.gradle.api.internal.tasks.testing.SuiteTestClassProcessor.processTestClass(SuiteTestClassProcessor.java:50)
	at sun.reflect.GeneratedMethodAccessor121.invoke(Unknown Source)
	at sun.reflect.DelegatingMethodAccessorImpl.invoke(DelegatingMethodAccessorImpl.java:43)
	at java.lang.reflect.Method.invoke(Method.java:606)
	at org.gradle.messaging.dispatch.ReflectionDispatch.dispatch(ReflectionDispatch.java:35)
	at org.gradle.messaging.dispatch.ReflectionDispatch.dispatch(ReflectionDispatch.java:24)
	at org.gradle.messaging.dispatch.ContextClassLoaderDispatch.dispatch(ContextClassLoaderDispatch.java:32)
	at org.gradle.messaging.dispatch.ProxyDispatchAdapter$DispatchingInvocationHandler.invoke(ProxyDispatchAdapter.java:93)
	at com.sun.proxy.$Proxy2.processTestClass(Unknown Source)
	at org.gradle.api.internal.tasks.testing.worker.TestWorker.processTestClass(TestWorker.java:106)
	at sun.reflect.GeneratedMethodAccessor120.invoke(Unknown Source)
	at sun.reflect.DelegatingMethodAccessorImpl.invoke(DelegatingMethodAccessorImpl.java:43)
	at java.lang.reflect.Method.invoke(Method.java:606)
	at org.gradle.messaging.dispatch.ReflectionDispatch.dispatch(ReflectionDispatch.java:35)
	at org.gradle.messaging.dispatch.ReflectionDispatch.dispatch(ReflectionDispatch.java:24)
	at org.gradle.messaging.remote.internal.hub.MessageHub$Handler.run(MessageHub.java:360)
	at org.gradle.internal.concurrent.DefaultExecutorFactory$StoppableExecutorImpl$1.run(DefaultExecutorFactory.java:64)
	at java.util.concurrent.ThreadPoolExecutor.runWorker(ThreadPoolExecutor.java:1145)
	at java.util.concurrent.ThreadPoolExecutor$Worker.run(ThreadPoolExecutor.java:615)
	at java.lang.Thread.run(Thread.java:745)
Caused by: javax.persistence.NoResultException: getSingleResult() did not retrieve any entities.
	at org.eclipse.persistence.internal.jpa.QueryImpl.throwNoResultException(QueryImpl.java:972)
	at org.eclipse.persistence.internal.jpa.QueryImpl.getSingleResult(QueryImpl.java:522)
	at org.eclipse.persistence.internal.jpa.EJBQueryImpl.getSingleResult(EJBQueryImpl.java:400)
	at issuetracker.app.server.repository.issuetrackerboundedcontext.issuetracker.IssueActivityRepositoryImpl.findById(IssueActivityRepositoryImpl.java:137)
	... 80 more
issuetracker.app.shared.issuetrackerboundedcontext.issuetracker.IssueActivity.issueActivityId size must be between 0 and 64
com.athena.framework.server.exception.biz.SpartanConstraintViolationException: Exception in validating entity /issuetracker.app.shared.issuetrackerboundedcontext.issuetracker.IssueActivity.issueActivityId size must be between 0 and 64

	at com.athena.framework.server.helper.EntityValidatorHelper.validateEntity(EntityValidatorHelper.java:28)
	at issuetracker.app.shared.issuetrackerboundedcontext.issuetracker.IssueActivity.isValid(IssueActivity.java:192)
	at issuetracker.app.server.service.issuetrackerboundedcontext.issuetracker.IssueActivityTestCase.validateIssueActivity(IssueActivityTestCase.java:228)
	at issuetracker.app.server.service.issuetrackerboundedcontext.issuetracker.IssueActivityTestCase.test5NegativeTesting(IssueActivityTestCase.java:271)
	at sun.reflect.NativeMethodAccessorImpl.invoke0(Native Method)
	at sun.reflect.NativeMethodAccessorImpl.invoke(NativeMethodAccessorImpl.java:57)
	at sun.reflect.DelegatingMethodAccessorImpl.invoke(DelegatingMethodAccessorImpl.java:43)
	at java.lang.reflect.Method.invoke(Method.java:606)
	at org.junit.runners.model.FrameworkMethod$1.runReflectiveCall(FrameworkMethod.java:47)
	at org.junit.internal.runners.model.ReflectiveCallable.run(ReflectiveCallable.java:12)
	at org.junit.runners.model.FrameworkMethod.invokeExplosively(FrameworkMethod.java:44)
	at org.junit.internal.runners.statements.InvokeMethod.evaluate(InvokeMethod.java:17)
	at org.junit.internal.runners.statements.RunBefores.evaluate(RunBefores.java:26)
	at org.springframework.test.context.junit4.statements.RunBeforeTestMethodCallbacks.evaluate(RunBeforeTestMethodCallbacks.java:74)
	at org.junit.internal.runners.statements.RunAfters.evaluate(RunAfters.java:27)
	at org.springframework.test.context.junit4.statements.RunAfterTestMethodCallbacks.evaluate(RunAfterTestMethodCallbacks.java:83)
	at org.springframework.test.context.junit4.statements.SpringRepeat.evaluate(SpringRepeat.java:72)
	at org.springframework.test.context.junit4.SpringJUnit4ClassRunner.runChild(SpringJUnit4ClassRunner.java:233)
	at org.springframework.test.context.junit4.SpringJUnit4ClassRunner.runChild(SpringJUnit4ClassRunner.java:87)
	at org.junit.runners.ParentRunner$3.run(ParentRunner.java:238)
	at org.junit.runners.ParentRunner$1.schedule(ParentRunner.java:63)
	at org.junit.runners.ParentRunner.runChildren(ParentRunner.java:236)
	at org.junit.runners.ParentRunner.access$000(ParentRunner.java:53)
	at org.junit.runners.ParentRunner$2.evaluate(ParentRunner.java:229)
	at org.springframework.test.context.junit4.statements.RunBeforeTestClassCallbacks.evaluate(RunBeforeTestClassCallbacks.java:61)
	at org.springframework.test.context.junit4.statements.RunAfterTestClassCallbacks.evaluate(RunAfterTestClassCallbacks.java:71)
	at org.junit.runners.ParentRunner.run(ParentRunner.java:309)
	at org.springframework.test.context.junit4.SpringJUnit4ClassRunner.run(SpringJUnit4ClassRunner.java:176)
	at org.gradle.api.internal.tasks.testing.junit.JUnitTestClassExecuter.runTestClass(JUnitTestClassExecuter.java:86)
	at org.gradle.api.internal.tasks.testing.junit.JUnitTestClassExecuter.execute(JUnitTestClassExecuter.java:49)
	at org.gradle.api.internal.tasks.testing.junit.JUnitTestClassProcessor.processTestClass(JUnitTestClassProcessor.java:64)
	at org.gradle.api.internal.tasks.testing.SuiteTestClassProcessor.processTestClass(SuiteTestClassProcessor.java:50)
	at sun.reflect.GeneratedMethodAccessor121.invoke(Unknown Source)
	at sun.reflect.DelegatingMethodAccessorImpl.invoke(DelegatingMethodAccessorImpl.java:43)
	at java.lang.reflect.Method.invoke(Method.java:606)
	at org.gradle.messaging.dispatch.ReflectionDispatch.dispatch(ReflectionDispatch.java:35)
	at org.gradle.messaging.dispatch.ReflectionDispatch.dispatch(ReflectionDispatch.java:24)
	at org.gradle.messaging.dispatch.ContextClassLoaderDispatch.dispatch(ContextClassLoaderDispatch.java:32)
	at org.gradle.messaging.dispatch.ProxyDispatchAdapter$DispatchingInvocationHandler.invoke(ProxyDispatchAdapter.java:93)
	at com.sun.proxy.$Proxy2.processTestClass(Unknown Source)
	at org.gradle.api.internal.tasks.testing.worker.TestWorker.processTestClass(TestWorker.java:106)
	at sun.reflect.GeneratedMethodAccessor120.invoke(Unknown Source)
	at sun.reflect.DelegatingMethodAccessorImpl.invoke(DelegatingMethodAccessorImpl.java:43)
	at java.lang.reflect.Method.invoke(Method.java:606)
	at org.gradle.messaging.dispatch.ReflectionDispatch.dispatch(ReflectionDispatch.java:35)
	at org.gradle.messaging.dispatch.ReflectionDispatch.dispatch(ReflectionDispatch.java:24)
	at org.gradle.messaging.remote.internal.hub.MessageHub$Handler.run(MessageHub.java:360)
	at org.gradle.internal.concurrent.DefaultExecutorFactory$StoppableExecutorImpl$1.run(DefaultExecutorFactory.java:64)
	at java.util.concurrent.ThreadPoolExecutor.runWorker(ThreadPoolExecutor.java:1145)
	at java.util.concurrent.ThreadPoolExecutor$Worker.run(ThreadPoolExecutor.java:615)
	at java.lang.Thread.run(Thread.java:745)
issuetracker.app.shared.issuetrackerboundedcontext.issuetracker.IssueActivity.issueActivityName may not be null
com.athena.framework.server.exception.biz.SpartanConstraintViolationException: Exception in validating entity /issuetracker.app.shared.issuetrackerboundedcontext.issuetracker.IssueActivity.issueActivityName may not be null

	at com.athena.framework.server.helper.EntityValidatorHelper.validateEntity(EntityValidatorHelper.java:28)
	at issuetracker.app.shared.issuetrackerboundedcontext.issuetracker.IssueActivity.isValid(IssueActivity.java:192)
	at issuetracker.app.server.service.issuetrackerboundedcontext.issuetracker.IssueActivityTestCase.validateIssueActivity(IssueActivityTestCase.java:230)
	at issuetracker.app.server.service.issuetrackerboundedcontext.issuetracker.IssueActivityTestCase.test5NegativeTesting(IssueActivityTestCase.java:277)
	at sun.reflect.NativeMethodAccessorImpl.invoke0(Native Method)
	at sun.reflect.NativeMethodAccessorImpl.invoke(NativeMethodAccessorImpl.java:57)
	at sun.reflect.DelegatingMethodAccessorImpl.invoke(DelegatingMethodAccessorImpl.java:43)
	at java.lang.reflect.Method.invoke(Method.java:606)
	at org.junit.runners.model.FrameworkMethod$1.runReflectiveCall(FrameworkMethod.java:47)
	at org.junit.internal.runners.model.ReflectiveCallable.run(ReflectiveCallable.java:12)
	at org.junit.runners.model.FrameworkMethod.invokeExplosively(FrameworkMethod.java:44)
	at org.junit.internal.runners.statements.InvokeMethod.evaluate(InvokeMethod.java:17)
	at org.junit.internal.runners.statements.RunBefores.evaluate(RunBefores.java:26)
	at org.springframework.test.context.junit4.statements.RunBeforeTestMethodCallbacks.evaluate(RunBeforeTestMethodCallbacks.java:74)
	at org.junit.internal.runners.statements.RunAfters.evaluate(RunAfters.java:27)
	at org.springframework.test.context.junit4.statements.RunAfterTestMethodCallbacks.evaluate(RunAfterTestMethodCallbacks.java:83)
	at org.springframework.test.context.junit4.statements.SpringRepeat.evaluate(SpringRepeat.java:72)
	at org.springframework.test.context.junit4.SpringJUnit4ClassRunner.runChild(SpringJUnit4ClassRunner.java:233)
	at org.springframework.test.context.junit4.SpringJUnit4ClassRunner.runChild(SpringJUnit4ClassRunner.java:87)
	at org.junit.runners.ParentRunner$3.run(ParentRunner.java:238)
	at org.junit.runners.ParentRunner$1.schedule(ParentRunner.java:63)
	at org.junit.runners.ParentRunner.runChildren(ParentRunner.java:236)
	at org.junit.runners.ParentRunner.access$000(ParentRunner.java:53)
	at org.junit.runners.ParentRunner$2.evaluate(ParentRunner.java:229)
	at org.springframework.test.context.junit4.statements.RunBeforeTestClassCallbacks.evaluate(RunBeforeTestClassCallbacks.java:61)
	at org.springframework.test.context.junit4.statements.RunAfterTestClassCallbacks.evaluate(RunAfterTestClassCallbacks.java:71)
	at org.junit.runners.ParentRunner.run(ParentRunner.java:309)
	at org.springframework.test.context.junit4.SpringJUnit4ClassRunner.run(SpringJUnit4ClassRunner.java:176)
	at org.gradle.api.internal.tasks.testing.junit.JUnitTestClassExecuter.runTestClass(JUnitTestClassExecuter.java:86)
	at org.gradle.api.internal.tasks.testing.junit.JUnitTestClassExecuter.execute(JUnitTestClassExecuter.java:49)
	at org.gradle.api.internal.tasks.testing.junit.JUnitTestClassProcessor.processTestClass(JUnitTestClassProcessor.java:64)
	at org.gradle.api.internal.tasks.testing.SuiteTestClassProcessor.processTestClass(SuiteTestClassProcessor.java:50)
	at sun.reflect.GeneratedMethodAccessor121.invoke(Unknown Source)
	at sun.reflect.DelegatingMethodAccessorImpl.invoke(DelegatingMethodAccessorImpl.java:43)
	at java.lang.reflect.Method.invoke(Method.java:606)
	at org.gradle.messaging.dispatch.ReflectionDispatch.dispatch(ReflectionDispatch.java:35)
	at org.gradle.messaging.dispatch.ReflectionDispatch.dispatch(ReflectionDispatch.java:24)
	at org.gradle.messaging.dispatch.ContextClassLoaderDispatch.dispatch(ContextClassLoaderDispatch.java:32)
	at org.gradle.messaging.dispatch.ProxyDispatchAdapter$DispatchingInvocationHandler.invoke(ProxyDispatchAdapter.java:93)
	at com.sun.proxy.$Proxy2.processTestClass(Unknown Source)
	at org.gradle.api.internal.tasks.testing.worker.TestWorker.processTestClass(TestWorker.java:106)
	at sun.reflect.GeneratedMethodAccessor120.invoke(Unknown Source)
	at sun.reflect.DelegatingMethodAccessorImpl.invoke(DelegatingMethodAccessorImpl.java:43)
	at java.lang.reflect.Method.invoke(Method.java:606)
	at org.gradle.messaging.dispatch.ReflectionDispatch.dispatch(ReflectionDispatch.java:35)
	at org.gradle.messaging.dispatch.ReflectionDispatch.dispatch(ReflectionDispatch.java:24)
	at org.gradle.messaging.remote.internal.hub.MessageHub$Handler.run(MessageHub.java:360)
	at org.gradle.internal.concurrent.DefaultExecutorFactory$StoppableExecutorImpl$1.run(DefaultExecutorFactory.java:64)
	at java.util.concurrent.ThreadPoolExecutor.runWorker(ThreadPoolExecutor.java:1145)
	at java.util.concurrent.ThreadPoolExecutor$Worker.run(ThreadPoolExecutor.java:615)
	at java.lang.Thread.run(Thread.java:745)
issuetracker.app.shared.issuetrackerboundedcontext.issuetracker.IssueActivity.issueActivityName size must be between 0 and 256
com.athena.framework.server.exception.biz.SpartanConstraintViolationException: Exception in validating entity /issuetracker.app.shared.issuetrackerboundedcontext.issuetracker.IssueActivity.issueActivityName size must be between 0 and 256

	at com.athena.framework.server.helper.EntityValidatorHelper.validateEntity(EntityValidatorHelper.java:28)
	at issuetracker.app.shared.issuetrackerboundedcontext.issuetracker.IssueActivity.isValid(IssueActivity.java:192)
	at issuetracker.app.server.service.issuetrackerboundedcontext.issuetracker.IssueActivityTestCase.validateIssueActivity(IssueActivityTestCase.java:228)
	at issuetracker.app.server.service.issuetrackerboundedcontext.issuetracker.IssueActivityTestCase.test5NegativeTesting(IssueActivityTestCase.java:282)
	at sun.reflect.NativeMethodAccessorImpl.invoke0(Native Method)
	at sun.reflect.NativeMethodAccessorImpl.invoke(NativeMethodAccessorImpl.java:57)
	at sun.reflect.DelegatingMethodAccessorImpl.invoke(DelegatingMethodAccessorImpl.java:43)
	at java.lang.reflect.Method.invoke(Method.java:606)
	at org.junit.runners.model.FrameworkMethod$1.runReflectiveCall(FrameworkMethod.java:47)
	at org.junit.internal.runners.model.ReflectiveCallable.run(ReflectiveCallable.java:12)
	at org.junit.runners.model.FrameworkMethod.invokeExplosively(FrameworkMethod.java:44)
	at org.junit.internal.runners.statements.InvokeMethod.evaluate(InvokeMethod.java:17)
	at org.junit.internal.runners.statements.RunBefores.evaluate(RunBefores.java:26)
	at org.springframework.test.context.junit4.statements.RunBeforeTestMethodCallbacks.evaluate(RunBeforeTestMethodCallbacks.java:74)
	at org.junit.internal.runners.statements.RunAfters.evaluate(RunAfters.java:27)
	at org.springframework.test.context.junit4.statements.RunAfterTestMethodCallbacks.evaluate(RunAfterTestMethodCallbacks.java:83)
	at org.springframework.test.context.junit4.statements.SpringRepeat.evaluate(SpringRepeat.java:72)
	at org.springframework.test.context.junit4.SpringJUnit4ClassRunner.runChild(SpringJUnit4ClassRunner.java:233)
	at org.springframework.test.context.junit4.SpringJUnit4ClassRunner.runChild(SpringJUnit4ClassRunner.java:87)
	at org.junit.runners.ParentRunner$3.run(ParentRunner.java:238)
	at org.junit.runners.ParentRunner$1.schedule(ParentRunner.java:63)
	at org.junit.runners.ParentRunner.runChildren(ParentRunner.java:236)
	at org.junit.runners.ParentRunner.access$000(ParentRunner.java:53)
	at org.junit.runners.ParentRunner$2.evaluate(ParentRunner.java:229)
	at org.springframework.test.context.junit4.statements.RunBeforeTestClassCallbacks.evaluate(RunBeforeTestClassCallbacks.java:61)
	at org.springframework.test.context.junit4.statements.RunAfterTestClassCallbacks.evaluate(RunAfterTestClassCallbacks.java:71)
	at org.junit.runners.ParentRunner.run(ParentRunner.java:309)
	at org.springframework.test.context.junit4.SpringJUnit4ClassRunner.run(SpringJUnit4ClassRunner.java:176)
	at org.gradle.api.internal.tasks.testing.junit.JUnitTestClassExecuter.runTestClass(JUnitTestClassExecuter.java:86)
	at org.gradle.api.internal.tasks.testing.junit.JUnitTestClassExecuter.execute(JUnitTestClassExecuter.java:49)
	at org.gradle.api.internal.tasks.testing.junit.JUnitTestClassProcessor.processTestClass(JUnitTestClassProcessor.java:64)
	at org.gradle.api.internal.tasks.testing.SuiteTestClassProcessor.processTestClass(SuiteTestClassProcessor.java:50)
	at sun.reflect.GeneratedMethodAccessor121.invoke(Unknown Source)
	at sun.reflect.DelegatingMethodAccessorImpl.invoke(DelegatingMethodAccessorImpl.java:43)
	at java.lang.reflect.Method.invoke(Method.java:606)
	at org.gradle.messaging.dispatch.ReflectionDispatch.dispatch(ReflectionDispatch.java:35)
	at org.gradle.messaging.dispatch.ReflectionDispatch.dispatch(ReflectionDispatch.java:24)
	at org.gradle.messaging.dispatch.ContextClassLoaderDispatch.dispatch(ContextClassLoaderDispatch.java:32)
	at org.gradle.messaging.dispatch.ProxyDispatchAdapter$DispatchingInvocationHandler.invoke(ProxyDispatchAdapter.java:93)
	at com.sun.proxy.$Proxy2.processTestClass(Unknown Source)
	at org.gradle.api.internal.tasks.testing.worker.TestWorker.processTestClass(TestWorker.java:106)
	at sun.reflect.GeneratedMethodAccessor120.invoke(Unknown Source)
	at sun.reflect.DelegatingMethodAccessorImpl.invoke(DelegatingMethodAccessorImpl.java:43)
	at java.lang.reflect.Method.invoke(Method.java:606)
	at org.gradle.messaging.dispatch.ReflectionDispatch.dispatch(ReflectionDispatch.java:35)
	at org.gradle.messaging.dispatch.ReflectionDispatch.dispatch(ReflectionDispatch.java:24)
	at org.gradle.messaging.remote.internal.hub.MessageHub$Handler.run(MessageHub.java:360)
	at org.gradle.internal.concurrent.DefaultExecutorFactory$StoppableExecutorImpl$1.run(DefaultExecutorFactory.java:64)
	at java.util.concurrent.ThreadPoolExecutor.runWorker(ThreadPoolExecutor.java:1145)
	at java.util.concurrent.ThreadPoolExecutor$Worker.run(ThreadPoolExecutor.java:615)
	at java.lang.Thread.run(Thread.java:745)
issuetracker.app.shared.issuetrackerboundedcontext.issuetracker.IssueActivity.issueActivityDesc size must be between 0 and 1024
com.athena.framework.server.exception.biz.SpartanConstraintViolationException: Exception in validating entity /issuetracker.app.shared.issuetrackerboundedcontext.issuetracker.IssueActivity.issueActivityDesc size must be between 0 and 1024

	at com.athena.framework.server.helper.EntityValidatorHelper.validateEntity(EntityValidatorHelper.java:28)
	at issuetracker.app.shared.issuetrackerboundedcontext.issuetracker.IssueActivity.isValid(IssueActivity.java:192)
	at issuetracker.app.server.service.issuetrackerboundedcontext.issuetracker.IssueActivityTestCase.validateIssueActivity(IssueActivityTestCase.java:228)
	at issuetracker.app.server.service.issuetrackerboundedcontext.issuetracker.IssueActivityTestCase.test5NegativeTesting(IssueActivityTestCase.java:287)
	at sun.reflect.NativeMethodAccessorImpl.invoke0(Native Method)
	at sun.reflect.NativeMethodAccessorImpl.invoke(NativeMethodAccessorImpl.java:57)
	at sun.reflect.DelegatingMethodAccessorImpl.invoke(DelegatingMethodAccessorImpl.java:43)
	at java.lang.reflect.Method.invoke(Method.java:606)
	at org.junit.runners.model.FrameworkMethod$1.runReflectiveCall(FrameworkMethod.java:47)
	at org.junit.internal.runners.model.ReflectiveCallable.run(ReflectiveCallable.java:12)
	at org.junit.runners.model.FrameworkMethod.invokeExplosively(FrameworkMethod.java:44)
	at org.junit.internal.runners.statements.InvokeMethod.evaluate(InvokeMethod.java:17)
	at org.junit.internal.runners.statements.RunBefores.evaluate(RunBefores.java:26)
	at org.springframework.test.context.junit4.statements.RunBeforeTestMethodCallbacks.evaluate(RunBeforeTestMethodCallbacks.java:74)
	at org.junit.internal.runners.statements.RunAfters.evaluate(RunAfters.java:27)
	at org.springframework.test.context.junit4.statements.RunAfterTestMethodCallbacks.evaluate(RunAfterTestMethodCallbacks.java:83)
	at org.springframework.test.context.junit4.statements.SpringRepeat.evaluate(SpringRepeat.java:72)
	at org.springframework.test.context.junit4.SpringJUnit4ClassRunner.runChild(SpringJUnit4ClassRunner.java:233)
	at org.springframework.test.context.junit4.SpringJUnit4ClassRunner.runChild(SpringJUnit4ClassRunner.java:87)
	at org.junit.runners.ParentRunner$3.run(ParentRunner.java:238)
	at org.junit.runners.ParentRunner$1.schedule(ParentRunner.java:63)
	at org.junit.runners.ParentRunner.runChildren(ParentRunner.java:236)
	at org.junit.runners.ParentRunner.access$000(ParentRunner.java:53)
	at org.junit.runners.ParentRunner$2.evaluate(ParentRunner.java:229)
	at org.springframework.test.context.junit4.statements.RunBeforeTestClassCallbacks.evaluate(RunBeforeTestClassCallbacks.java:61)
	at org.springframework.test.context.junit4.statements.RunAfterTestClassCallbacks.evaluate(RunAfterTestClassCallbacks.java:71)
	at org.junit.runners.ParentRunner.run(ParentRunner.java:309)
	at org.springframework.test.context.junit4.SpringJUnit4ClassRunner.run(SpringJUnit4ClassRunner.java:176)
	at org.gradle.api.internal.tasks.testing.junit.JUnitTestClassExecuter.runTestClass(JUnitTestClassExecuter.java:86)
	at org.gradle.api.internal.tasks.testing.junit.JUnitTestClassExecuter.execute(JUnitTestClassExecuter.java:49)
	at org.gradle.api.internal.tasks.testing.junit.JUnitTestClassProcessor.processTestClass(JUnitTestClassProcessor.java:64)
	at org.gradle.api.internal.tasks.testing.SuiteTestClassProcessor.processTestClass(SuiteTestClassProcessor.java:50)
	at sun.reflect.GeneratedMethodAccessor121.invoke(Unknown Source)
	at sun.reflect.DelegatingMethodAccessorImpl.invoke(DelegatingMethodAccessorImpl.java:43)
	at java.lang.reflect.Method.invoke(Method.java:606)
	at org.gradle.messaging.dispatch.ReflectionDispatch.dispatch(ReflectionDispatch.java:35)
	at org.gradle.messaging.dispatch.ReflectionDispatch.dispatch(ReflectionDispatch.java:24)
	at org.gradle.messaging.dispatch.ContextClassLoaderDispatch.dispatch(ContextClassLoaderDispatch.java:32)
	at org.gradle.messaging.dispatch.ProxyDispatchAdapter$DispatchingInvocationHandler.invoke(ProxyDispatchAdapter.java:93)
	at com.sun.proxy.$Proxy2.processTestClass(Unknown Source)
	at org.gradle.api.internal.tasks.testing.worker.TestWorker.processTestClass(TestWorker.java:106)
	at sun.reflect.GeneratedMethodAccessor120.invoke(Unknown Source)
	at sun.reflect.DelegatingMethodAccessorImpl.invoke(DelegatingMethodAccessorImpl.java:43)
	at java.lang.reflect.Method.invoke(Method.java:606)
	at org.gradle.messaging.dispatch.ReflectionDispatch.dispatch(ReflectionDispatch.java:35)
	at org.gradle.messaging.dispatch.ReflectionDispatch.dispatch(ReflectionDispatch.java:24)
	at org.gradle.messaging.remote.internal.hub.MessageHub$Handler.run(MessageHub.java:360)
	at org.gradle.internal.concurrent.DefaultExecutorFactory$StoppableExecutorImpl$1.run(DefaultExecutorFactory.java:64)
	at java.util.concurrent.ThreadPoolExecutor.runWorker(ThreadPoolExecutor.java:1145)
	at java.util.concurrent.ThreadPoolExecutor$Worker.run(ThreadPoolExecutor.java:615)
	at java.lang.Thread.run(Thread.java:745)
]]></system-err>
</testsuite>
